[1.033s] Invoking command in '/home/mariola/ws_robotica/src/ros2_tutorials/visual_pubsub': DEBUGINFOD_URLS=https://debuginfod.ubuntu.com PYTHONPATH=/home/mariola/ws_robotica/build/visual_pubsub/prefix_override:/usr/lib/python3/dist-packages/colcon_core/task/python/colcon_distutils_commands:/home/mariola/ws_robotica/install/visual_pubsub/lib/python3.12/site-packages:${PYTHONPATH} /usr/bin/python3 -W ignore:setup.py install is deprecated -W ignore:easy_install command is deprecated setup.py egg_info --egg-base ../../../build/visual_pubsub build --build-base /home/mariola/ws_robotica/build/visual_pubsub/build install --record /home/mariola/ws_robotica/build/visual_pubsub/install.log --single-version-externally-managed install_data
[1.357s] running egg_info
[1.377s] writing ../../../build/visual_pubsub/visual_pubsub.egg-info/PKG-INFO
[1.377s] writing dependency_links to ../../../build/visual_pubsub/visual_pubsub.egg-info/dependency_links.txt
[1.377s] writing entry points to ../../../build/visual_pubsub/visual_pubsub.egg-info/entry_points.txt
[1.377s] writing requirements to ../../../build/visual_pubsub/visual_pubsub.egg-info/requires.txt
[1.378s] writing top-level names to ../../../build/visual_pubsub/visual_pubsub.egg-info/top_level.txt
[1.420s] reading manifest file '../../../build/visual_pubsub/visual_pubsub.egg-info/SOURCES.txt'
[1.420s] adding license file 'LICENSE'
[1.421s] writing manifest file '../../../build/visual_pubsub/visual_pubsub.egg-info/SOURCES.txt'
[1.421s] running build
[1.421s] running build_py
[1.421s] running install
[1.429s] running install_lib
[1.450s] running install_data
[1.451s] running install_egg_info
[1.472s] removing '/home/mariola/ws_robotica/install/visual_pubsub/lib/python3.12/site-packages/visual_pubsub-0.0.0-py3.12.egg-info' (and everything under it)
[1.472s] Copying ../../../build/visual_pubsub/visual_pubsub.egg-info to /home/mariola/ws_robotica/install/visual_pubsub/lib/python3.12/site-packages/visual_pubsub-0.0.0-py3.12.egg-info
[1.473s] running install_scripts
[1.614s] Installing pub_joints script to /home/mariola/ws_robotica/install/visual_pubsub/lib/visual_pubsub
[1.615s] Installing sub_joints script to /home/mariola/ws_robotica/install/visual_pubsub/lib/visual_pubsub
[1.615s] writing list of installed files to '/home/mariola/ws_robotica/build/visual_pubsub/install.log'
[1.652s] Invoked command in '/home/mariola/ws_robotica/src/ros2_tutorials/visual_pubsub' returned '0': DEBUGINFOD_URLS=https://debuginfod.ubuntu.com PYTHONPATH=/home/mariola/ws_robotica/build/visual_pubsub/prefix_override:/usr/lib/python3/dist-packages/colcon_core/task/python/colcon_distutils_commands:/home/mariola/ws_robotica/install/visual_pubsub/lib/python3.12/site-packages:${PYTHONPATH} /usr/bin/python3 -W ignore:setup.py install is deprecated -W ignore:easy_install command is deprecated setup.py egg_info --egg-base ../../../build/visual_pubsub build --build-base /home/mariola/ws_robotica/build/visual_pubsub/build install --record /home/mariola/ws_robotica/build/visual_pubsub/install.log --single-version-externally-managed install_data
