[0mCMake Error: The current CMakeCache.txt directory /home/mariola/ws_robotica/build/pubsub2_interfaces/CMakeCache.txt is different than the directory /home/mariola/visual_ws/build/pubsub2_interfaces where CMakeCache.txt was created. This may result in binaries being created in the wrong place. If you are not sure, reedit the CMakeCache.txt[0m
[  2%] Built target pubsub2_interfaces__rosidl_generator_type_description
[  2%] Built target ament_cmake_python_copy_pubsub2_interfaces
[ 17%] Built target pubsub2_interfaces__rosidl_generator_c
[ 20%] Built target pubsub2_interfaces__cpp
[ 29%] Built target pubsub2_interfaces__rosidl_typesupport_introspection_c
[ 38%] Built target pubsub2_interfaces__rosidl_typesupport_cpp
[ 47%] Built target pubsub2_interfaces__rosidl_typesupport_fastrtps_c
[ 55%] Built target pubsub2_interfaces__rosidl_typesupport_c
[ 64%] Built target pubsub2_interfaces__rosidl_typesupport_fastrtps_cpp
[ 73%] Built target pubsub2_interfaces__rosidl_typesupport_introspection_cpp
[ 73%] Built target pubsub2_interfaces
[ 76%] Built target pubsub2_interfaces__py
[ 82%] Built target pubsub2_interfaces__rosidl_generator_py
[ 88%] Built target pubsub2_interfaces_s__rosidl_typesupport_introspection_c
[ 94%] Built target pubsub2_interfaces_s__rosidl_typesupport_fastrtps_c
[100%] Built target pubsub2_interfaces_s__rosidl_typesupport_c
running egg_info
writing pubsub2_interfaces.egg-info/PKG-INFO
writing dependency_links to pubsub2_interfaces.egg-info/dependency_links.txt
writing top-level names to pubsub2_interfaces.egg-info/top_level.txt
reading manifest file 'pubsub2_interfaces.egg-info/SOURCES.txt'
writing manifest file 'pubsub2_interfaces.egg-info/SOURCES.txt'
[100%] Built target ament_cmake_python_build_pubsub2_interfaces_egg
-- Install configuration: ""
-- Up-to-date: /home/mariola/visual_ws/install/pubsub2_interfaces/share/ament_index/resource_index/rosidl_interfaces/pubsub2_interfaces
-- Up-to-date: /home/mariola/visual_ws/install/pubsub2_interfaces/share/pubsub2_interfaces/msg/FiltroSensor.json
-- Up-to-date: /home/mariola/visual_ws/install/pubsub2_interfaces/include/pubsub2_interfaces/pubsub2_interfaces
-- Up-to-date: /home/mariola/visual_ws/install/pubsub2_interfaces/include/pubsub2_interfaces/pubsub2_interfaces/msg
-- Up-to-date: /home/mariola/visual_ws/install/pubsub2_interfaces/include/pubsub2_interfaces/pubsub2_interfaces/msg/rosidl_generator_c__visibility_control.h
-- Up-to-date: /home/mariola/visual_ws/install/pubsub2_interfaces/include/pubsub2_interfaces/pubsub2_interfaces/msg/filtro_sensor.h
-- Up-to-date: /home/mariola/visual_ws/install/pubsub2_interfaces/include/pubsub2_interfaces/pubsub2_interfaces/msg/detail
-- Up-to-date: /home/mariola/visual_ws/install/pubsub2_interfaces/include/pubsub2_interfaces/pubsub2_interfaces/msg/detail/filtro_sensor__description.c
-- Up-to-date: /home/mariola/visual_ws/install/pubsub2_interfaces/include/pubsub2_interfaces/pubsub2_interfaces/msg/detail/filtro_sensor__struct.h
-- Up-to-date: /home/mariola/visual_ws/install/pubsub2_interfaces/include/pubsub2_interfaces/pubsub2_interfaces/msg/detail/filtro_sensor__type_support.c
-- Up-to-date: /home/mariola/visual_ws/install/pubsub2_interfaces/include/pubsub2_interfaces/pubsub2_interfaces/msg/detail/filtro_sensor__type_support.h
-- Up-to-date: /home/mariola/visual_ws/install/pubsub2_interfaces/include/pubsub2_interfaces/pubsub2_interfaces/msg/detail/filtro_sensor__functions.h
-- Up-to-date: /home/mariola/visual_ws/install/pubsub2_interfaces/include/pubsub2_interfaces/pubsub2_interfaces/msg/detail/filtro_sensor__functions.c
-- Up-to-date: /home/mariola/visual_ws/install/pubsub2_interfaces/share/pubsub2_interfaces/environment/library_path.sh
-- Up-to-date: /home/mariola/visual_ws/install/pubsub2_interfaces/share/pubsub2_interfaces/environment/library_path.dsv
-- Up-to-date: /home/mariola/visual_ws/install/pubsub2_interfaces/lib/libpubsub2_interfaces__rosidl_generator_c.so
-- Up-to-date: /home/mariola/visual_ws/install/pubsub2_interfaces/include/pubsub2_interfaces/pubsub2_interfaces
-- Up-to-date: /home/mariola/visual_ws/install/pubsub2_interfaces/include/pubsub2_interfaces/pubsub2_interfaces/msg
-- Up-to-date: /home/mariola/visual_ws/install/pubsub2_interfaces/include/pubsub2_interfaces/pubsub2_interfaces/msg/detail
-- Up-to-date: /home/mariola/visual_ws/install/pubsub2_interfaces/include/pubsub2_interfaces/pubsub2_interfaces/msg/detail/filtro_sensor__rosidl_typesupport_fastrtps_c.h
-- Up-to-date: /home/mariola/visual_ws/install/pubsub2_interfaces/include/pubsub2_interfaces/pubsub2_interfaces/msg/rosidl_typesupport_fastrtps_c__visibility_control.h
-- Up-to-date: /home/mariola/visual_ws/install/pubsub2_interfaces/lib/libpubsub2_interfaces__rosidl_typesupport_fastrtps_c.so
-- Up-to-date: /home/mariola/visual_ws/install/pubsub2_interfaces/include/pubsub2_interfaces/pubsub2_interfaces
-- Up-to-date: /home/mariola/visual_ws/install/pubsub2_interfaces/include/pubsub2_interfaces/pubsub2_interfaces/msg
-- Up-to-date: /home/mariola/visual_ws/install/pubsub2_interfaces/include/pubsub2_interfaces/pubsub2_interfaces/msg/rosidl_typesupport_introspection_c__visibility_control.h
-- Up-to-date: /home/mariola/visual_ws/install/pubsub2_interfaces/include/pubsub2_interfaces/pubsub2_interfaces/msg/detail
-- Up-to-date: /home/mariola/visual_ws/install/pubsub2_interfaces/include/pubsub2_interfaces/pubsub2_interfaces/msg/detail/filtro_sensor__rosidl_typesupport_introspection_c.h
-- Up-to-date: /home/mariola/visual_ws/install/pubsub2_interfaces/include/pubsub2_interfaces/pubsub2_interfaces/msg/detail/filtro_sensor__type_support.c
-- Up-to-date: /home/mariola/visual_ws/install/pubsub2_interfaces/lib/libpubsub2_interfaces__rosidl_typesupport_introspection_c.so
-- Up-to-date: /home/mariola/visual_ws/install/pubsub2_interfaces/lib/libpubsub2_interfaces__rosidl_typesupport_c.so
-- Up-to-date: /home/mariola/visual_ws/install/pubsub2_interfaces/include/pubsub2_interfaces/pubsub2_interfaces
-- Up-to-date: /home/mariola/visual_ws/install/pubsub2_interfaces/include/pubsub2_interfaces/pubsub2_interfaces/msg
-- Up-to-date: /home/mariola/visual_ws/install/pubsub2_interfaces/include/pubsub2_interfaces/pubsub2_interfaces/msg/rosidl_generator_cpp__visibility_control.hpp
-- Up-to-date: /home/mariola/visual_ws/install/pubsub2_interfaces/include/pubsub2_interfaces/pubsub2_interfaces/msg/filtro_sensor.hpp
-- Up-to-date: /home/mariola/visual_ws/install/pubsub2_interfaces/include/pubsub2_interfaces/pubsub2_interfaces/msg/detail
-- Up-to-date: /home/mariola/visual_ws/install/pubsub2_interfaces/include/pubsub2_interfaces/pubsub2_interfaces/msg/detail/filtro_sensor__struct.hpp
-- Up-to-date: /home/mariola/visual_ws/install/pubsub2_interfaces/include/pubsub2_interfaces/pubsub2_interfaces/msg/detail/filtro_sensor__type_support.hpp
-- Up-to-date: /home/mariola/visual_ws/install/pubsub2_interfaces/include/pubsub2_interfaces/pubsub2_interfaces/msg/detail/filtro_sensor__builder.hpp
-- Up-to-date: /home/mariola/visual_ws/install/pubsub2_interfaces/include/pubsub2_interfaces/pubsub2_interfaces/msg/detail/filtro_sensor__traits.hpp
-- Up-to-date: /home/mariola/visual_ws/install/pubsub2_interfaces/include/pubsub2_interfaces/pubsub2_interfaces
-- Up-to-date: /home/mariola/visual_ws/install/pubsub2_interfaces/include/pubsub2_interfaces/pubsub2_interfaces/msg
-- Up-to-date: /home/mariola/visual_ws/install/pubsub2_interfaces/include/pubsub2_interfaces/pubsub2_interfaces/msg/detail
-- Up-to-date: /home/mariola/visual_ws/install/pubsub2_interfaces/include/pubsub2_interfaces/pubsub2_interfaces/msg/detail/dds_fastrtps
-- Up-to-date: /home/mariola/visual_ws/install/pubsub2_interfaces/include/pubsub2_interfaces/pubsub2_interfaces/msg/detail/filtro_sensor__rosidl_typesupport_fastrtps_cpp.hpp
-- Up-to-date: /home/mariola/visual_ws/install/pubsub2_interfaces/include/pubsub2_interfaces/pubsub2_interfaces/msg/rosidl_typesupport_fastrtps_cpp__visibility_control.h
-- Up-to-date: /home/mariola/visual_ws/install/pubsub2_interfaces/lib/libpubsub2_interfaces__rosidl_typesupport_fastrtps_cpp.so
-- Up-to-date: /home/mariola/visual_ws/install/pubsub2_interfaces/include/pubsub2_interfaces/pubsub2_interfaces
-- Up-to-date: /home/mariola/visual_ws/install/pubsub2_interfaces/include/pubsub2_interfaces/pubsub2_interfaces/msg
-- Up-to-date: /home/mariola/visual_ws/install/pubsub2_interfaces/include/pubsub2_interfaces/pubsub2_interfaces/msg/detail
-- Up-to-date: /home/mariola/visual_ws/install/pubsub2_interfaces/include/pubsub2_interfaces/pubsub2_interfaces/msg/detail/filtro_sensor__rosidl_typesupport_introspection_cpp.hpp
-- Up-to-date: /home/mariola/visual_ws/install/pubsub2_interfaces/include/pubsub2_interfaces/pubsub2_interfaces/msg/detail/filtro_sensor__type_support.cpp
-- Up-to-date: /home/mariola/visual_ws/install/pubsub2_interfaces/lib/libpubsub2_interfaces__rosidl_typesupport_introspection_cpp.so
-- Up-to-date: /home/mariola/visual_ws/install/pubsub2_interfaces/lib/libpubsub2_interfaces__rosidl_typesupport_cpp.so
-- Up-to-date: /home/mariola/visual_ws/install/pubsub2_interfaces/share/pubsub2_interfaces/environment/pythonpath.sh
-- Up-to-date: /home/mariola/visual_ws/install/pubsub2_interfaces/share/pubsub2_interfaces/environment/pythonpath.dsv
-- Up-to-date: /home/mariola/visual_ws/install/pubsub2_interfaces/lib/python3.12/site-packages/pubsub2_interfaces-0.0.0-py3.12.egg-info
-- Installing: /home/mariola/visual_ws/install/pubsub2_interfaces/lib/python3.12/site-packages/pubsub2_interfaces-0.0.0-py3.12.egg-info/top_level.txt
-- Installing: /home/mariola/visual_ws/install/pubsub2_interfaces/lib/python3.12/site-packages/pubsub2_interfaces-0.0.0-py3.12.egg-info/PKG-INFO
-- Installing: /home/mariola/visual_ws/install/pubsub2_interfaces/lib/python3.12/site-packages/pubsub2_interfaces-0.0.0-py3.12.egg-info/SOURCES.txt
-- Installing: /home/mariola/visual_ws/install/pubsub2_interfaces/lib/python3.12/site-packages/pubsub2_interfaces-0.0.0-py3.12.egg-info/dependency_links.txt
-- Up-to-date: /home/mariola/visual_ws/install/pubsub2_interfaces/lib/python3.12/site-packages/pubsub2_interfaces
-- Up-to-date: /home/mariola/visual_ws/install/pubsub2_interfaces/lib/python3.12/site-packages/pubsub2_interfaces/msg
-- Up-to-date: /home/mariola/visual_ws/install/pubsub2_interfaces/lib/python3.12/site-packages/pubsub2_interfaces/msg/__init__.py
-- Up-to-date: /home/mariola/visual_ws/install/pubsub2_interfaces/lib/python3.12/site-packages/pubsub2_interfaces/msg/_filtro_sensor.py
-- Up-to-date: /home/mariola/visual_ws/install/pubsub2_interfaces/lib/python3.12/site-packages/pubsub2_interfaces/msg/_filtro_sensor_s.c
-- Up-to-date: /home/mariola/visual_ws/install/pubsub2_interfaces/lib/python3.12/site-packages/pubsub2_interfaces/__init__.py
-- Up-to-date: /home/mariola/visual_ws/install/pubsub2_interfaces/lib/python3.12/site-packages/pubsub2_interfaces/_pubsub2_interfaces_s.ep.rosidl_typesupport_fastrtps_c.c
-- Up-to-date: /home/mariola/visual_ws/install/pubsub2_interfaces/lib/python3.12/site-packages/pubsub2_interfaces/_pubsub2_interfaces_s.ep.rosidl_typesupport_c.c
-- Up-to-date: /home/mariola/visual_ws/install/pubsub2_interfaces/lib/python3.12/site-packages/pubsub2_interfaces/pubsub2_interfaces_s__rosidl_typesupport_introspection_c.so
-- Up-to-date: /home/mariola/visual_ws/install/pubsub2_interfaces/lib/python3.12/site-packages/pubsub2_interfaces/pubsub2_interfaces_s__rosidl_typesupport_fastrtps_c.so
-- Up-to-date: /home/mariola/visual_ws/install/pubsub2_interfaces/lib/python3.12/site-packages/pubsub2_interfaces/_pubsub2_interfaces_s.ep.rosidl_typesupport_introspection_c.c
-- Up-to-date: /home/mariola/visual_ws/install/pubsub2_interfaces/lib/python3.12/site-packages/pubsub2_interfaces/pubsub2_interfaces_s__rosidl_typesupport_c.so
Listing '/home/mariola/visual_ws/install/pubsub2_interfaces/lib/python3.12/site-packages/pubsub2_interfaces'...
Listing '/home/mariola/visual_ws/install/pubsub2_interfaces/lib/python3.12/site-packages/pubsub2_interfaces/msg'...
-- Up-to-date: /home/mariola/visual_ws/install/pubsub2_interfaces/lib/python3.12/site-packages/pubsub2_interfaces/pubsub2_interfaces_s__rosidl_typesupport_fastrtps_c.so
-- Up-to-date: /home/mariola/visual_ws/install/pubsub2_interfaces/lib/python3.12/site-packages/pubsub2_interfaces/pubsub2_interfaces_s__rosidl_typesupport_introspection_c.so
-- Up-to-date: /home/mariola/visual_ws/install/pubsub2_interfaces/lib/python3.12/site-packages/pubsub2_interfaces/pubsub2_interfaces_s__rosidl_typesupport_c.so
-- Up-to-date: /home/mariola/visual_ws/install/pubsub2_interfaces/lib/libpubsub2_interfaces__rosidl_generator_py.so
-- Up-to-date: /home/mariola/visual_ws/install/pubsub2_interfaces/share/pubsub2_interfaces/msg/FiltroSensor.idl
-- Up-to-date: /home/mariola/visual_ws/install/pubsub2_interfaces/share/pubsub2_interfaces/msg/FiltroSensor.msg
-- Up-to-date: /home/mariola/visual_ws/install/pubsub2_interfaces/share/ament_index/resource_index/package_run_dependencies/pubsub2_interfaces
-- Up-to-date: /home/mariola/visual_ws/install/pubsub2_interfaces/share/ament_index/resource_index/parent_prefix_path/pubsub2_interfaces
-- Up-to-date: /home/mariola/visual_ws/install/pubsub2_interfaces/share/pubsub2_interfaces/environment/ament_prefix_path.sh
-- Up-to-date: /home/mariola/visual_ws/install/pubsub2_interfaces/share/pubsub2_interfaces/environment/ament_prefix_path.dsv
-- Up-to-date: /home/mariola/visual_ws/install/pubsub2_interfaces/share/pubsub2_interfaces/environment/path.sh
-- Up-to-date: /home/mariola/visual_ws/install/pubsub2_interfaces/share/pubsub2_interfaces/environment/path.dsv
-- Up-to-date: /home/mariola/visual_ws/install/pubsub2_interfaces/share/pubsub2_interfaces/local_setup.bash
-- Up-to-date: /home/mariola/visual_ws/install/pubsub2_interfaces/share/pubsub2_interfaces/local_setup.sh
-- Up-to-date: /home/mariola/visual_ws/install/pubsub2_interfaces/share/pubsub2_interfaces/local_setup.zsh
-- Up-to-date: /home/mariola/visual_ws/install/pubsub2_interfaces/share/pubsub2_interfaces/local_setup.dsv
-- Up-to-date: /home/mariola/visual_ws/install/pubsub2_interfaces/share/pubsub2_interfaces/package.dsv
-- Up-to-date: /home/mariola/visual_ws/install/pubsub2_interfaces/share/ament_index/resource_index/packages/pubsub2_interfaces
-- Up-to-date: /home/mariola/visual_ws/install/pubsub2_interfaces/share/pubsub2_interfaces/cmake/export_pubsub2_interfaces__rosidl_generator_cExport.cmake
-- Up-to-date: /home/mariola/visual_ws/install/pubsub2_interfaces/share/pubsub2_interfaces/cmake/export_pubsub2_interfaces__rosidl_generator_cExport-noconfig.cmake
-- Up-to-date: /home/mariola/visual_ws/install/pubsub2_interfaces/share/pubsub2_interfaces/cmake/export_pubsub2_interfaces__rosidl_typesupport_fastrtps_cExport.cmake
-- Up-to-date: /home/mariola/visual_ws/install/pubsub2_interfaces/share/pubsub2_interfaces/cmake/export_pubsub2_interfaces__rosidl_typesupport_fastrtps_cExport-noconfig.cmake
-- Up-to-date: /home/mariola/visual_ws/install/pubsub2_interfaces/share/pubsub2_interfaces/cmake/pubsub2_interfaces__rosidl_typesupport_introspection_cExport.cmake
-- Up-to-date: /home/mariola/visual_ws/install/pubsub2_interfaces/share/pubsub2_interfaces/cmake/pubsub2_interfaces__rosidl_typesupport_introspection_cExport-noconfig.cmake
-- Up-to-date: /home/mariola/visual_ws/install/pubsub2_interfaces/share/pubsub2_interfaces/cmake/pubsub2_interfaces__rosidl_typesupport_cExport.cmake
-- Up-to-date: /home/mariola/visual_ws/install/pubsub2_interfaces/share/pubsub2_interfaces/cmake/pubsub2_interfaces__rosidl_typesupport_cExport-noconfig.cmake
-- Up-to-date: /home/mariola/visual_ws/install/pubsub2_interfaces/share/pubsub2_interfaces/cmake/export_pubsub2_interfaces__rosidl_generator_cppExport.cmake
-- Up-to-date: /home/mariola/visual_ws/install/pubsub2_interfaces/share/pubsub2_interfaces/cmake/export_pubsub2_interfaces__rosidl_typesupport_fastrtps_cppExport.cmake
-- Up-to-date: /home/mariola/visual_ws/install/pubsub2_interfaces/share/pubsub2_interfaces/cmake/export_pubsub2_interfaces__rosidl_typesupport_fastrtps_cppExport-noconfig.cmake
-- Up-to-date: /home/mariola/visual_ws/install/pubsub2_interfaces/share/pubsub2_interfaces/cmake/pubsub2_interfaces__rosidl_typesupport_introspection_cppExport.cmake
-- Up-to-date: /home/mariola/visual_ws/install/pubsub2_interfaces/share/pubsub2_interfaces/cmake/pubsub2_interfaces__rosidl_typesupport_introspection_cppExport-noconfig.cmake
-- Up-to-date: /home/mariola/visual_ws/install/pubsub2_interfaces/share/pubsub2_interfaces/cmake/pubsub2_interfaces__rosidl_typesupport_cppExport.cmake
-- Up-to-date: /home/mariola/visual_ws/install/pubsub2_interfaces/share/pubsub2_interfaces/cmake/pubsub2_interfaces__rosidl_typesupport_cppExport-noconfig.cmake
-- Up-to-date: /home/mariola/visual_ws/install/pubsub2_interfaces/share/pubsub2_interfaces/cmake/export_pubsub2_interfaces__rosidl_generator_pyExport.cmake
-- Up-to-date: /home/mariola/visual_ws/install/pubsub2_interfaces/share/pubsub2_interfaces/cmake/export_pubsub2_interfaces__rosidl_generator_pyExport-noconfig.cmake
-- Up-to-date: /home/mariola/visual_ws/install/pubsub2_interfaces/share/pubsub2_interfaces/cmake/rosidl_cmake-extras.cmake
-- Up-to-date: /home/mariola/visual_ws/install/pubsub2_interfaces/share/pubsub2_interfaces/cmake/ament_cmake_export_include_directories-extras.cmake
-- Up-to-date: /home/mariola/visual_ws/install/pubsub2_interfaces/share/pubsub2_interfaces/cmake/ament_cmake_export_libraries-extras.cmake
-- Up-to-date: /home/mariola/visual_ws/install/pubsub2_interfaces/share/pubsub2_interfaces/cmake/ament_cmake_export_targets-extras.cmake
-- Up-to-date: /home/mariola/visual_ws/install/pubsub2_interfaces/share/pubsub2_interfaces/cmake/rosidl_cmake_export_typesupport_targets-extras.cmake
-- Up-to-date: /home/mariola/visual_ws/install/pubsub2_interfaces/share/pubsub2_interfaces/cmake/ament_cmake_export_dependencies-extras.cmake
-- Up-to-date: /home/mariola/visual_ws/install/pubsub2_interfaces/share/pubsub2_interfaces/cmake/rosidl_cmake_export_typesupport_libraries-extras.cmake
-- Up-to-date: /home/mariola/visual_ws/install/pubsub2_interfaces/share/pubsub2_interfaces/cmake/pubsub2_interfacesConfig.cmake
-- Up-to-date: /home/mariola/visual_ws/install/pubsub2_interfaces/share/pubsub2_interfaces/cmake/pubsub2_interfacesConfig-version.cmake
-- Up-to-date: /home/mariola/visual_ws/install/pubsub2_interfaces/share/pubsub2_interfaces/package.xml
