[0.024s] Invoking command in '/home/mariola/ws_robotica/build/pubsub2_interfaces': CMAKE_PREFIX_PATH=${CMAKE_PREFIX_PATH}:/home/mariola/ws_robotica/install/pubsub2:/home/mariola/ws_robotica/install/visual_pubsub:/home/mariola/ws_robotica/install/robot_ik:/home/mariola/ws_robotica/install/robot_control:/home/mariola/visual_ws/install/pubsub2:/home/mariola/visual_ws/install/visual_pubsub:/home/mariola/visual_ws/install/robot_ik:/opt/ros/jazzy DEBUGINFOD_URLS=https://debuginfod.ubuntu.com /usr/bin/cmake --build /home/mariola/ws_robotica/build/pubsub2_interfaces -- -j12 -l12
[0.040s] [0mCMake Error: The current CMakeCache.txt directory /home/mariola/ws_robotica/build/pubsub2_interfaces/CMakeCache.txt is different than the directory /home/mariola/visual_ws/build/pubsub2_interfaces where CMakeCache.txt was created. This may result in binaries being created in the wrong place. If you are not sure, reedit the CMakeCache.txt[0m
[0.110s] [  2%] Built target pubsub2_interfaces__rosidl_generator_type_description
[0.125s] [  2%] Built target ament_cmake_python_copy_pubsub2_interfaces
[0.139s] [ 17%] Built target pubsub2_interfaces__rosidl_generator_c
[0.141s] [ 20%] Built target pubsub2_interfaces__cpp
[0.177s] [ 29%] Built target pubsub2_interfaces__rosidl_typesupport_introspection_c
[0.177s] [ 38%] Built target pubsub2_interfaces__rosidl_typesupport_cpp
[0.179s] [ 47%] Built target pubsub2_interfaces__rosidl_typesupport_fastrtps_c
[0.181s] [ 55%] Built target pubsub2_interfaces__rosidl_typesupport_c
[0.183s] [ 64%] Built target pubsub2_interfaces__rosidl_typesupport_fastrtps_cpp
[0.189s] [ 73%] Built target pubsub2_interfaces__rosidl_typesupport_introspection_cpp
[0.220s] [ 73%] Built target pubsub2_interfaces
[0.250s] [ 76%] Built target pubsub2_interfaces__py
[0.281s] [ 82%] Built target pubsub2_interfaces__rosidl_generator_py
[0.308s] [ 88%] Built target pubsub2_interfaces_s__rosidl_typesupport_introspection_c
[0.311s] [ 94%] Built target pubsub2_interfaces_s__rosidl_typesupport_fastrtps_c
[0.319s] [100%] Built target pubsub2_interfaces_s__rosidl_typesupport_c
[0.406s] running egg_info
[0.427s] writing pubsub2_interfaces.egg-info/PKG-INFO
[0.428s] writing dependency_links to pubsub2_interfaces.egg-info/dependency_links.txt
[0.428s] writing top-level names to pubsub2_interfaces.egg-info/top_level.txt
[0.486s] reading manifest file 'pubsub2_interfaces.egg-info/SOURCES.txt'
[0.487s] writing manifest file 'pubsub2_interfaces.egg-info/SOURCES.txt'
[0.525s] [100%] Built target ament_cmake_python_build_pubsub2_interfaces_egg
[0.539s] Invoked command in '/home/mariola/ws_robotica/build/pubsub2_interfaces' returned '0': CMAKE_PREFIX_PATH=${CMAKE_PREFIX_PATH}:/home/mariola/ws_robotica/install/pubsub2:/home/mariola/ws_robotica/install/visual_pubsub:/home/mariola/ws_robotica/install/robot_ik:/home/mariola/ws_robotica/install/robot_control:/home/mariola/visual_ws/install/pubsub2:/home/mariola/visual_ws/install/visual_pubsub:/home/mariola/visual_ws/install/robot_ik:/opt/ros/jazzy DEBUGINFOD_URLS=https://debuginfod.ubuntu.com /usr/bin/cmake --build /home/mariola/ws_robotica/build/pubsub2_interfaces -- -j12 -l12
[0.540s] Invoking command in '/home/mariola/ws_robotica/build/pubsub2_interfaces': CMAKE_PREFIX_PATH=${CMAKE_PREFIX_PATH}:/home/mariola/ws_robotica/install/pubsub2:/home/mariola/ws_robotica/install/visual_pubsub:/home/mariola/ws_robotica/install/robot_ik:/home/mariola/ws_robotica/install/robot_control:/home/mariola/visual_ws/install/pubsub2:/home/mariola/visual_ws/install/visual_pubsub:/home/mariola/visual_ws/install/robot_ik:/opt/ros/jazzy DEBUGINFOD_URLS=https://debuginfod.ubuntu.com /usr/bin/cmake --install /home/mariola/ws_robotica/build/pubsub2_interfaces
[0.550s] -- Install configuration: ""
[0.551s] -- Up-to-date: /home/mariola/visual_ws/install/pubsub2_interfaces/share/ament_index/resource_index/rosidl_interfaces/pubsub2_interfaces
[0.551s] -- Up-to-date: /home/mariola/visual_ws/install/pubsub2_interfaces/share/pubsub2_interfaces/msg/FiltroSensor.json
[0.551s] -- Up-to-date: /home/mariola/visual_ws/install/pubsub2_interfaces/include/pubsub2_interfaces/pubsub2_interfaces
[0.551s] -- Up-to-date: /home/mariola/visual_ws/install/pubsub2_interfaces/include/pubsub2_interfaces/pubsub2_interfaces/msg
[0.552s] -- Up-to-date: /home/mariola/visual_ws/install/pubsub2_interfaces/include/pubsub2_interfaces/pubsub2_interfaces/msg/rosidl_generator_c__visibility_control.h
[0.552s] -- Up-to-date: /home/mariola/visual_ws/install/pubsub2_interfaces/include/pubsub2_interfaces/pubsub2_interfaces/msg/filtro_sensor.h
[0.552s] -- Up-to-date: /home/mariola/visual_ws/install/pubsub2_interfaces/include/pubsub2_interfaces/pubsub2_interfaces/msg/detail
[0.552s] -- Up-to-date: /home/mariola/visual_ws/install/pubsub2_interfaces/include/pubsub2_interfaces/pubsub2_interfaces/msg/detail/filtro_sensor__description.c
[0.553s] -- Up-to-date: /home/mariola/visual_ws/install/pubsub2_interfaces/include/pubsub2_interfaces/pubsub2_interfaces/msg/detail/filtro_sensor__struct.h
[0.553s] -- Up-to-date: /home/mariola/visual_ws/install/pubsub2_interfaces/include/pubsub2_interfaces/pubsub2_interfaces/msg/detail/filtro_sensor__type_support.c
[0.553s] -- Up-to-date: /home/mariola/visual_ws/install/pubsub2_interfaces/include/pubsub2_interfaces/pubsub2_interfaces/msg/detail/filtro_sensor__type_support.h
[0.553s] -- Up-to-date: /home/mariola/visual_ws/install/pubsub2_interfaces/include/pubsub2_interfaces/pubsub2_interfaces/msg/detail/filtro_sensor__functions.h
[0.553s] -- Up-to-date: /home/mariola/visual_ws/install/pubsub2_interfaces/include/pubsub2_interfaces/pubsub2_interfaces/msg/detail/filtro_sensor__functions.c
[0.554s] -- Up-to-date: /home/mariola/visual_ws/install/pubsub2_interfaces/share/pubsub2_interfaces/environment/library_path.sh
[0.554s] -- Up-to-date: /home/mariola/visual_ws/install/pubsub2_interfaces/share/pubsub2_interfaces/environment/library_path.dsv
[0.554s] -- Up-to-date: /home/mariola/visual_ws/install/pubsub2_interfaces/lib/libpubsub2_interfaces__rosidl_generator_c.so
[0.554s] -- Up-to-date: /home/mariola/visual_ws/install/pubsub2_interfaces/include/pubsub2_interfaces/pubsub2_interfaces
[0.554s] -- Up-to-date: /home/mariola/visual_ws/install/pubsub2_interfaces/include/pubsub2_interfaces/pubsub2_interfaces/msg
[0.554s] -- Up-to-date: /home/mariola/visual_ws/install/pubsub2_interfaces/include/pubsub2_interfaces/pubsub2_interfaces/msg/detail
[0.554s] -- Up-to-date: /home/mariola/visual_ws/install/pubsub2_interfaces/include/pubsub2_interfaces/pubsub2_interfaces/msg/detail/filtro_sensor__rosidl_typesupport_fastrtps_c.h
[0.555s] -- Up-to-date: /home/mariola/visual_ws/install/pubsub2_interfaces/include/pubsub2_interfaces/pubsub2_interfaces/msg/rosidl_typesupport_fastrtps_c__visibility_control.h
[0.555s] -- Up-to-date: /home/mariola/visual_ws/install/pubsub2_interfaces/lib/libpubsub2_interfaces__rosidl_typesupport_fastrtps_c.so
[0.555s] -- Up-to-date: /home/mariola/visual_ws/install/pubsub2_interfaces/include/pubsub2_interfaces/pubsub2_interfaces
[0.555s] -- Up-to-date: /home/mariola/visual_ws/install/pubsub2_interfaces/include/pubsub2_interfaces/pubsub2_interfaces/msg
[0.555s] -- Up-to-date: /home/mariola/visual_ws/install/pubsub2_interfaces/include/pubsub2_interfaces/pubsub2_interfaces/msg/rosidl_typesupport_introspection_c__visibility_control.h
[0.555s] -- Up-to-date: /home/mariola/visual_ws/install/pubsub2_interfaces/include/pubsub2_interfaces/pubsub2_interfaces/msg/detail
[0.555s] -- Up-to-date: /home/mariola/visual_ws/install/pubsub2_interfaces/include/pubsub2_interfaces/pubsub2_interfaces/msg/detail/filtro_sensor__rosidl_typesupport_introspection_c.h
[0.555s] -- Up-to-date: /home/mariola/visual_ws/install/pubsub2_interfaces/include/pubsub2_interfaces/pubsub2_interfaces/msg/detail/filtro_sensor__type_support.c
[0.555s] -- Up-to-date: /home/mariola/visual_ws/install/pubsub2_interfaces/lib/libpubsub2_interfaces__rosidl_typesupport_introspection_c.so
[0.555s] -- Up-to-date: /home/mariola/visual_ws/install/pubsub2_interfaces/lib/libpubsub2_interfaces__rosidl_typesupport_c.so
[0.555s] -- Up-to-date: /home/mariola/visual_ws/install/pubsub2_interfaces/include/pubsub2_interfaces/pubsub2_interfaces
[0.555s] -- Up-to-date: /home/mariola/visual_ws/install/pubsub2_interfaces/include/pubsub2_interfaces/pubsub2_interfaces/msg
[0.555s] -- Up-to-date: /home/mariola/visual_ws/install/pubsub2_interfaces/include/pubsub2_interfaces/pubsub2_interfaces/msg/rosidl_generator_cpp__visibility_control.hpp
[0.555s] -- Up-to-date: /home/mariola/visual_ws/install/pubsub2_interfaces/include/pubsub2_interfaces/pubsub2_interfaces/msg/filtro_sensor.hpp
[0.556s] -- Up-to-date: /home/mariola/visual_ws/install/pubsub2_interfaces/include/pubsub2_interfaces/pubsub2_interfaces/msg/detail
[0.556s] -- Up-to-date: /home/mariola/visual_ws/install/pubsub2_interfaces/include/pubsub2_interfaces/pubsub2_interfaces/msg/detail/filtro_sensor__struct.hpp
[0.556s] -- Up-to-date: /home/mariola/visual_ws/install/pubsub2_interfaces/include/pubsub2_interfaces/pubsub2_interfaces/msg/detail/filtro_sensor__type_support.hpp
[0.556s] -- Up-to-date: /home/mariola/visual_ws/install/pubsub2_interfaces/include/pubsub2_interfaces/pubsub2_interfaces/msg/detail/filtro_sensor__builder.hpp
[0.556s] -- Up-to-date: /home/mariola/visual_ws/install/pubsub2_interfaces/include/pubsub2_interfaces/pubsub2_interfaces/msg/detail/filtro_sensor__traits.hpp
[0.556s] -- Up-to-date: /home/mariola/visual_ws/install/pubsub2_interfaces/include/pubsub2_interfaces/pubsub2_interfaces
[0.556s] -- Up-to-date: /home/mariola/visual_ws/install/pubsub2_interfaces/include/pubsub2_interfaces/pubsub2_interfaces/msg
[0.556s] -- Up-to-date: /home/mariola/visual_ws/install/pubsub2_interfaces/include/pubsub2_interfaces/pubsub2_interfaces/msg/detail
[0.556s] -- Up-to-date: /home/mariola/visual_ws/install/pubsub2_interfaces/include/pubsub2_interfaces/pubsub2_interfaces/msg/detail/dds_fastrtps
[0.556s] -- Up-to-date: /home/mariola/visual_ws/install/pubsub2_interfaces/include/pubsub2_interfaces/pubsub2_interfaces/msg/detail/filtro_sensor__rosidl_typesupport_fastrtps_cpp.hpp
[0.556s] -- Up-to-date: /home/mariola/visual_ws/install/pubsub2_interfaces/include/pubsub2_interfaces/pubsub2_interfaces/msg/rosidl_typesupport_fastrtps_cpp__visibility_control.h
[0.556s] -- Up-to-date: /home/mariola/visual_ws/install/pubsub2_interfaces/lib/libpubsub2_interfaces__rosidl_typesupport_fastrtps_cpp.so
[0.556s] -- Up-to-date: /home/mariola/visual_ws/install/pubsub2_interfaces/include/pubsub2_interfaces/pubsub2_interfaces
[0.556s] -- Up-to-date: /home/mariola/visual_ws/install/pubsub2_interfaces/include/pubsub2_interfaces/pubsub2_interfaces/msg
[0.556s] -- Up-to-date: /home/mariola/visual_ws/install/pubsub2_interfaces/include/pubsub2_interfaces/pubsub2_interfaces/msg/detail
[0.556s] -- Up-to-date: /home/mariola/visual_ws/install/pubsub2_interfaces/include/pubsub2_interfaces/pubsub2_interfaces/msg/detail/filtro_sensor__rosidl_typesupport_introspection_cpp.hpp
[0.556s] -- Up-to-date: /home/mariola/visual_ws/install/pubsub2_interfaces/include/pubsub2_interfaces/pubsub2_interfaces/msg/detail/filtro_sensor__type_support.cpp
[0.557s] -- Up-to-date: /home/mariola/visual_ws/install/pubsub2_interfaces/lib/libpubsub2_interfaces__rosidl_typesupport_introspection_cpp.so
[0.557s] -- Up-to-date: /home/mariola/visual_ws/install/pubsub2_interfaces/lib/libpubsub2_interfaces__rosidl_typesupport_cpp.so
[0.557s] -- Up-to-date: /home/mariola/visual_ws/install/pubsub2_interfaces/share/pubsub2_interfaces/environment/pythonpath.sh
[0.557s] -- Up-to-date: /home/mariola/visual_ws/install/pubsub2_interfaces/share/pubsub2_interfaces/environment/pythonpath.dsv
[0.557s] -- Up-to-date: /home/mariola/visual_ws/install/pubsub2_interfaces/lib/python3.12/site-packages/pubsub2_interfaces-0.0.0-py3.12.egg-info
[0.557s] -- Installing: /home/mariola/visual_ws/install/pubsub2_interfaces/lib/python3.12/site-packages/pubsub2_interfaces-0.0.0-py3.12.egg-info/top_level.txt
[0.557s] -- Installing: /home/mariola/visual_ws/install/pubsub2_interfaces/lib/python3.12/site-packages/pubsub2_interfaces-0.0.0-py3.12.egg-info/PKG-INFO
[0.557s] -- Installing: /home/mariola/visual_ws/install/pubsub2_interfaces/lib/python3.12/site-packages/pubsub2_interfaces-0.0.0-py3.12.egg-info/SOURCES.txt
[0.557s] -- Installing: /home/mariola/visual_ws/install/pubsub2_interfaces/lib/python3.12/site-packages/pubsub2_interfaces-0.0.0-py3.12.egg-info/dependency_links.txt
[0.557s] -- Up-to-date: /home/mariola/visual_ws/install/pubsub2_interfaces/lib/python3.12/site-packages/pubsub2_interfaces
[0.557s] -- Up-to-date: /home/mariola/visual_ws/install/pubsub2_interfaces/lib/python3.12/site-packages/pubsub2_interfaces/msg
[0.557s] -- Up-to-date: /home/mariola/visual_ws/install/pubsub2_interfaces/lib/python3.12/site-packages/pubsub2_interfaces/msg/__init__.py
[0.557s] -- Up-to-date: /home/mariola/visual_ws/install/pubsub2_interfaces/lib/python3.12/site-packages/pubsub2_interfaces/msg/_filtro_sensor.py
[0.557s] -- Up-to-date: /home/mariola/visual_ws/install/pubsub2_interfaces/lib/python3.12/site-packages/pubsub2_interfaces/msg/_filtro_sensor_s.c
[0.557s] -- Up-to-date: /home/mariola/visual_ws/install/pubsub2_interfaces/lib/python3.12/site-packages/pubsub2_interfaces/__init__.py
[0.557s] -- Up-to-date: /home/mariola/visual_ws/install/pubsub2_interfaces/lib/python3.12/site-packages/pubsub2_interfaces/_pubsub2_interfaces_s.ep.rosidl_typesupport_fastrtps_c.c
[0.557s] -- Up-to-date: /home/mariola/visual_ws/install/pubsub2_interfaces/lib/python3.12/site-packages/pubsub2_interfaces/_pubsub2_interfaces_s.ep.rosidl_typesupport_c.c
[0.557s] -- Up-to-date: /home/mariola/visual_ws/install/pubsub2_interfaces/lib/python3.12/site-packages/pubsub2_interfaces/pubsub2_interfaces_s__rosidl_typesupport_introspection_c.so
[0.558s] -- Up-to-date: /home/mariola/visual_ws/install/pubsub2_interfaces/lib/python3.12/site-packages/pubsub2_interfaces/pubsub2_interfaces_s__rosidl_typesupport_fastrtps_c.so
[0.558s] -- Up-to-date: /home/mariola/visual_ws/install/pubsub2_interfaces/lib/python3.12/site-packages/pubsub2_interfaces/_pubsub2_interfaces_s.ep.rosidl_typesupport_introspection_c.c
[0.558s] -- Up-to-date: /home/mariola/visual_ws/install/pubsub2_interfaces/lib/python3.12/site-packages/pubsub2_interfaces/pubsub2_interfaces_s__rosidl_typesupport_c.so
[0.599s] Listing '/home/mariola/visual_ws/install/pubsub2_interfaces/lib/python3.12/site-packages/pubsub2_interfaces'...
[0.599s] Listing '/home/mariola/visual_ws/install/pubsub2_interfaces/lib/python3.12/site-packages/pubsub2_interfaces/msg'...
[0.607s] -- Up-to-date: /home/mariola/visual_ws/install/pubsub2_interfaces/lib/python3.12/site-packages/pubsub2_interfaces/pubsub2_interfaces_s__rosidl_typesupport_fastrtps_c.so
[0.607s] -- Up-to-date: /home/mariola/visual_ws/install/pubsub2_interfaces/lib/python3.12/site-packages/pubsub2_interfaces/pubsub2_interfaces_s__rosidl_typesupport_introspection_c.so
[0.607s] -- Up-to-date: /home/mariola/visual_ws/install/pubsub2_interfaces/lib/python3.12/site-packages/pubsub2_interfaces/pubsub2_interfaces_s__rosidl_typesupport_c.so
[0.608s] -- Up-to-date: /home/mariola/visual_ws/install/pubsub2_interfaces/lib/libpubsub2_interfaces__rosidl_generator_py.so
[0.608s] -- Up-to-date: /home/mariola/visual_ws/install/pubsub2_interfaces/share/pubsub2_interfaces/msg/FiltroSensor.idl
[0.608s] -- Up-to-date: /home/mariola/visual_ws/install/pubsub2_interfaces/share/pubsub2_interfaces/msg/FiltroSensor.msg
[0.608s] -- Up-to-date: /home/mariola/visual_ws/install/pubsub2_interfaces/share/ament_index/resource_index/package_run_dependencies/pubsub2_interfaces
[0.609s] -- Up-to-date: /home/mariola/visual_ws/install/pubsub2_interfaces/share/ament_index/resource_index/parent_prefix_path/pubsub2_interfaces
[0.609s] -- Up-to-date: /home/mariola/visual_ws/install/pubsub2_interfaces/share/pubsub2_interfaces/environment/ament_prefix_path.sh
[0.609s] -- Up-to-date: /home/mariola/visual_ws/install/pubsub2_interfaces/share/pubsub2_interfaces/environment/ament_prefix_path.dsv
[0.609s] -- Up-to-date: /home/mariola/visual_ws/install/pubsub2_interfaces/share/pubsub2_interfaces/environment/path.sh
[0.609s] -- Up-to-date: /home/mariola/visual_ws/install/pubsub2_interfaces/share/pubsub2_interfaces/environment/path.dsv
[0.609s] -- Up-to-date: /home/mariola/visual_ws/install/pubsub2_interfaces/share/pubsub2_interfaces/local_setup.bash
[0.610s] -- Up-to-date: /home/mariola/visual_ws/install/pubsub2_interfaces/share/pubsub2_interfaces/local_setup.sh
[0.610s] -- Up-to-date: /home/mariola/visual_ws/install/pubsub2_interfaces/share/pubsub2_interfaces/local_setup.zsh
[0.610s] -- Up-to-date: /home/mariola/visual_ws/install/pubsub2_interfaces/share/pubsub2_interfaces/local_setup.dsv
[0.610s] -- Up-to-date: /home/mariola/visual_ws/install/pubsub2_interfaces/share/pubsub2_interfaces/package.dsv
[0.610s] -- Up-to-date: /home/mariola/visual_ws/install/pubsub2_interfaces/share/ament_index/resource_index/packages/pubsub2_interfaces
[0.610s] -- Up-to-date: /home/mariola/visual_ws/install/pubsub2_interfaces/share/pubsub2_interfaces/cmake/export_pubsub2_interfaces__rosidl_generator_cExport.cmake
[0.610s] -- Up-to-date: /home/mariola/visual_ws/install/pubsub2_interfaces/share/pubsub2_interfaces/cmake/export_pubsub2_interfaces__rosidl_generator_cExport-noconfig.cmake
[0.611s] -- Up-to-date: /home/mariola/visual_ws/install/pubsub2_interfaces/share/pubsub2_interfaces/cmake/export_pubsub2_interfaces__rosidl_typesupport_fastrtps_cExport.cmake
[0.611s] -- Up-to-date: /home/mariola/visual_ws/install/pubsub2_interfaces/share/pubsub2_interfaces/cmake/export_pubsub2_interfaces__rosidl_typesupport_fastrtps_cExport-noconfig.cmake
[0.611s] -- Up-to-date: /home/mariola/visual_ws/install/pubsub2_interfaces/share/pubsub2_interfaces/cmake/pubsub2_interfaces__rosidl_typesupport_introspection_cExport.cmake
[0.611s] -- Up-to-date: /home/mariola/visual_ws/install/pubsub2_interfaces/share/pubsub2_interfaces/cmake/pubsub2_interfaces__rosidl_typesupport_introspection_cExport-noconfig.cmake
[0.611s] -- Up-to-date: /home/mariola/visual_ws/install/pubsub2_interfaces/share/pubsub2_interfaces/cmake/pubsub2_interfaces__rosidl_typesupport_cExport.cmake
[0.612s] -- Up-to-date: /home/mariola/visual_ws/install/pubsub2_interfaces/share/pubsub2_interfaces/cmake/pubsub2_interfaces__rosidl_typesupport_cExport-noconfig.cmake
[0.612s] -- Up-to-date: /home/mariola/visual_ws/install/pubsub2_interfaces/share/pubsub2_interfaces/cmake/export_pubsub2_interfaces__rosidl_generator_cppExport.cmake
[0.612s] -- Up-to-date: /home/mariola/visual_ws/install/pubsub2_interfaces/share/pubsub2_interfaces/cmake/export_pubsub2_interfaces__rosidl_typesupport_fastrtps_cppExport.cmake
[0.612s] -- Up-to-date: /home/mariola/visual_ws/install/pubsub2_interfaces/share/pubsub2_interfaces/cmake/export_pubsub2_interfaces__rosidl_typesupport_fastrtps_cppExport-noconfig.cmake
[0.612s] -- Up-to-date: /home/mariola/visual_ws/install/pubsub2_interfaces/share/pubsub2_interfaces/cmake/pubsub2_interfaces__rosidl_typesupport_introspection_cppExport.cmake
[0.613s] -- Up-to-date: /home/mariola/visual_ws/install/pubsub2_interfaces/share/pubsub2_interfaces/cmake/pubsub2_interfaces__rosidl_typesupport_introspection_cppExport-noconfig.cmake
[0.613s] -- Up-to-date: /home/mariola/visual_ws/install/pubsub2_interfaces/share/pubsub2_interfaces/cmake/pubsub2_interfaces__rosidl_typesupport_cppExport.cmake
[0.613s] -- Up-to-date: /home/mariola/visual_ws/install/pubsub2_interfaces/share/pubsub2_interfaces/cmake/pubsub2_interfaces__rosidl_typesupport_cppExport-noconfig.cmake
[0.613s] -- Up-to-date: /home/mariola/visual_ws/install/pubsub2_interfaces/share/pubsub2_interfaces/cmake/export_pubsub2_interfaces__rosidl_generator_pyExport.cmake
[0.613s] -- Up-to-date: /home/mariola/visual_ws/install/pubsub2_interfaces/share/pubsub2_interfaces/cmake/export_pubsub2_interfaces__rosidl_generator_pyExport-noconfig.cmake
[0.613s] -- Up-to-date: /home/mariola/visual_ws/install/pubsub2_interfaces/share/pubsub2_interfaces/cmake/rosidl_cmake-extras.cmake
[0.613s] -- Up-to-date: /home/mariola/visual_ws/install/pubsub2_interfaces/share/pubsub2_interfaces/cmake/ament_cmake_export_include_directories-extras.cmake
[0.613s] -- Up-to-date: /home/mariola/visual_ws/install/pubsub2_interfaces/share/pubsub2_interfaces/cmake/ament_cmake_export_libraries-extras.cmake
[0.613s] -- Up-to-date: /home/mariola/visual_ws/install/pubsub2_interfaces/share/pubsub2_interfaces/cmake/ament_cmake_export_targets-extras.cmake
[0.613s] -- Up-to-date: /home/mariola/visual_ws/install/pubsub2_interfaces/share/pubsub2_interfaces/cmake/rosidl_cmake_export_typesupport_targets-extras.cmake
[0.613s] -- Up-to-date: /home/mariola/visual_ws/install/pubsub2_interfaces/share/pubsub2_interfaces/cmake/ament_cmake_export_dependencies-extras.cmake
[0.613s] -- Up-to-date: /home/mariola/visual_ws/install/pubsub2_interfaces/share/pubsub2_interfaces/cmake/rosidl_cmake_export_typesupport_libraries-extras.cmake
[0.613s] -- Up-to-date: /home/mariola/visual_ws/install/pubsub2_interfaces/share/pubsub2_interfaces/cmake/pubsub2_interfacesConfig.cmake
[0.613s] -- Up-to-date: /home/mariola/visual_ws/install/pubsub2_interfaces/share/pubsub2_interfaces/cmake/pubsub2_interfacesConfig-version.cmake
[0.613s] -- Up-to-date: /home/mariola/visual_ws/install/pubsub2_interfaces/share/pubsub2_interfaces/package.xml
[0.614s] Invoked command in '/home/mariola/ws_robotica/build/pubsub2_interfaces' returned '0': CMAKE_PREFIX_PATH=${CMAKE_PREFIX_PATH}:/home/mariola/ws_robotica/install/pubsub2:/home/mariola/ws_robotica/install/visual_pubsub:/home/mariola/ws_robotica/install/robot_ik:/home/mariola/ws_robotica/install/robot_control:/home/mariola/visual_ws/install/pubsub2:/home/mariola/visual_ws/install/visual_pubsub:/home/mariola/visual_ws/install/robot_ik:/opt/ros/jazzy DEBUGINFOD_URLS=https://debuginfod.ubuntu.com /usr/bin/cmake --install /home/mariola/ws_robotica/build/pubsub2_interfaces
