running egg_info
writing ../build/robot_ik/robot_ik.egg-info/PKG-INFO
writing dependency_links to ../build/robot_ik/robot_ik.egg-info/dependency_links.txt
writing entry points to ../build/robot_ik/robot_ik.egg-info/entry_points.txt
writing requirements to ../build/robot_ik/robot_ik.egg-info/requires.txt
writing top-level names to ../build/robot_ik/robot_ik.egg-info/top_level.txt
reading manifest file '../build/robot_ik/robot_ik.egg-info/SOURCES.txt'
writing manifest file '../build/robot_ik/robot_ik.egg-info/SOURCES.txt'
running build
running build_py
running install
running install_lib
running install_data
running install_egg_info
removing '/home/mariola/visual_ws/install/robot_ik/lib/python3.12/site-packages/robot_ik-0.0.0-py3.12.egg-info' (and everything under it)
Copying ../build/robot_ik/robot_ik.egg-info to /home/mariola/visual_ws/install/robot_ik/lib/python3.12/site-packages/robot_ik-0.0.0-py3.12.egg-info
running install_scripts
Installing ik_node script to /home/mariola/visual_ws/install/robot_ik/lib/robot_ik
Installing ik_nodebio script to /home/mariola/visual_ws/install/robot_ik/lib/robot_ik
writing list of installed files to '/home/mariola/visual_ws/build/robot_ik/install.log'
