[1.475s] Invoking command in '/home/mariola/ws_robotica/src/robot_description': DEBUGINFOD_URLS=https://debuginfod.ubuntu.com PYTHONPATH=/home/mariola/ws_robotica/build/robot_description/prefix_override:/usr/lib/python3/dist-packages/colcon_core/task/python/colcon_distutils_commands:/home/mariola/ws_robotica/install/robot_description/lib/python3.12/site-packages:${PYTHONPATH} /usr/bin/python3 -W ignore:setup.py install is deprecated -W ignore:easy_install command is deprecated setup.py egg_info --egg-base ../../build/robot_description build --build-base /home/mariola/ws_robotica/build/robot_description/build install --record /home/mariola/ws_robotica/build/robot_description/install.log --single-version-externally-managed install_data
[1.793s] running egg_info
[1.813s] writing ../../build/robot_description/robot_description.egg-info/PKG-INFO
[1.813s] writing dependency_links to ../../build/robot_description/robot_description.egg-info/dependency_links.txt
[1.813s] writing requirements to ../../build/robot_description/robot_description.egg-info/requires.txt
[1.814s] writing top-level names to ../../build/robot_description/robot_description.egg-info/top_level.txt
[1.854s] reading manifest file '../../build/robot_description/robot_description.egg-info/SOURCES.txt'
[1.854s] writing manifest file '../../build/robot_description/robot_description.egg-info/SOURCES.txt'
[1.854s] running build
[1.854s] running build_py
[1.854s] running install
[1.862s] running install_lib
[1.882s] running install_data
[1.882s] copying launch/display.launch.py -> /home/mariola/ws_robotica/install/robot_description/share/robot_description/launch
[1.883s] running install_egg_info
[1.904s] removing '/home/mariola/ws_robotica/install/robot_description/lib/python3.12/site-packages/robot_description-0.0.0-py3.12.egg-info' (and everything under it)
[1.905s] Copying ../../build/robot_description/robot_description.egg-info to /home/mariola/ws_robotica/install/robot_description/lib/python3.12/site-packages/robot_description-0.0.0-py3.12.egg-info
[1.905s] running install_scripts
[2.044s] writing list of installed files to '/home/mariola/ws_robotica/build/robot_description/install.log'
[2.120s] Invoked command in '/home/mariola/ws_robotica/src/robot_description' returned '0': DEBUGINFOD_URLS=https://debuginfod.ubuntu.com PYTHONPATH=/home/mariola/ws_robotica/build/robot_description/prefix_override:/usr/lib/python3/dist-packages/colcon_core/task/python/colcon_distutils_commands:/home/mariola/ws_robotica/install/robot_description/lib/python3.12/site-packages:${PYTHONPATH} /usr/bin/python3 -W ignore:setup.py install is deprecated -W ignore:easy_install command is deprecated setup.py egg_info --egg-base ../../build/robot_description build --build-base /home/mariola/ws_robotica/build/robot_description/build install --record /home/mariola/ws_robotica/build/robot_description/install.log --single-version-externally-managed install_data
