[0.017s] Invoking command in '/home/mariola/visual_ws/build/pubsub2_interfaces': CMAKE_PREFIX_PATH=${CMAKE_PREFIX_PATH}:/home/mariola/visual_ws/install/visual_pubsub:/home/mariola/visual_ws/install/robot_ik:/opt/ros/jazzy DEBUGINFOD_URLS=https://debuginfod.ubuntu.com /usr/bin/cmake /home/mariola/visual_ws/src/pubsub2_interfaces -DCMAKE_INSTALL_PREFIX=/home/mariola/visual_ws/install/pubsub2_interfaces
[0.176s] -- The C compiler identification is GNU 13.3.0
[0.176s] -- The CXX compiler identification is GNU 13.3.0
[0.176s] -- Detecting C compiler ABI info
[0.189s] -- Detecting C compiler ABI info - done
[0.196s] -- Check for working C compiler: /usr/bin/cc - skipped
[0.196s] -- Detecting C compile features
[0.196s] -- Detecting C compile features - done
[0.203s] -- Detecting CXX compiler ABI info
[0.284s] -- Detecting CXX compiler ABI info - done
[0.291s] -- Check for working CXX compiler: /usr/bin/c++ - skipped
[0.291s] -- Detecting CXX compile features
[0.292s] -- Detecting CXX compile features - done
[0.293s] -- Found rosidl_default_generators: 1.6.0 (/opt/ros/jazzy/share/rosidl_default_generators/cmake)
[0.411s] -- Found Python3: /usr/bin/python3 (found version "3.12.3") found components: Interpreter 
[0.472s] -- Using all available rosidl_typesupport_c: rosidl_typesupport_fastrtps_c;rosidl_typesupport_introspection_c
[0.532s] -- Using all available rosidl_typesupport_cpp: rosidl_typesupport_fastrtps_cpp;rosidl_typesupport_introspection_cpp
[0.559s] -- Found rosidl_adapter: 4.6.7 (/opt/ros/jazzy/share/rosidl_adapter/cmake)
[1.045s] -- Found ament_cmake_ros: 0.12.0 (/opt/ros/jazzy/share/ament_cmake_ros/cmake)
[1.474s] -- Using all available rosidl_typesupport_c: rosidl_typesupport_fastrtps_c;rosidl_typesupport_introspection_c
[2.015s] -- Using all available rosidl_typesupport_cpp: rosidl_typesupport_fastrtps_cpp;rosidl_typesupport_introspection_cpp
[2.016s] -- Found python_cmake_module: 0.11.1 (/opt/ros/jazzy/share/python_cmake_module/cmake)
[2.148s] -- Found PythonExtra: /usr/bin/python3  
[2.575s] -- Found Python3: /usr/bin/python3 (found version "3.12.3") found components: Interpreter Development NumPy Development.Module Development.Embed 
[2.600s] -- Found ament_lint_auto: 0.17.4 (/opt/ros/jazzy/share/ament_lint_auto/cmake)
[2.612s] -- Added test 'lint_cmake' to check CMake code style
[2.613s] -- Added test 'xmllint' to check XML markup files
[2.614s] -- Configuring done (2.6s)
[2.632s] -- Generating done (0.0s)
[2.639s] -- Build files have been written to: /home/mariola/visual_ws/build/pubsub2_interfaces
[2.645s] Invoked command in '/home/mariola/visual_ws/build/pubsub2_interfaces' returned '0': CMAKE_PREFIX_PATH=${CMAKE_PREFIX_PATH}:/home/mariola/visual_ws/install/visual_pubsub:/home/mariola/visual_ws/install/robot_ik:/opt/ros/jazzy DEBUGINFOD_URLS=https://debuginfod.ubuntu.com /usr/bin/cmake /home/mariola/visual_ws/src/pubsub2_interfaces -DCMAKE_INSTALL_PREFIX=/home/mariola/visual_ws/install/pubsub2_interfaces
[2.646s] Invoking command in '/home/mariola/visual_ws/build/pubsub2_interfaces': CMAKE_PREFIX_PATH=${CMAKE_PREFIX_PATH}:/home/mariola/visual_ws/install/visual_pubsub:/home/mariola/visual_ws/install/robot_ik:/opt/ros/jazzy DEBUGINFOD_URLS=https://debuginfod.ubuntu.com /usr/bin/cmake --build /home/mariola/visual_ws/build/pubsub2_interfaces -- -j12 -l12
[2.702s] [  2%] [34m[1mGenerating type hashes for ROS interfaces[0m
[2.713s] [  2%] Built target ament_cmake_python_copy_pubsub2_interfaces
[2.839s] [  2%] Built target pubsub2_interfaces__rosidl_generator_type_description
[2.846s] [  5%] [34m[1mGenerating C code for ROS interfaces[0m
[2.858s] [  8%] [34m[1mGenerating C++ code for ROS interfaces[0m
[2.860s] running egg_info
[2.860s] creating pubsub2_interfaces.egg-info
[2.872s] writing pubsub2_interfaces.egg-info/PKG-INFO
[2.872s] writing dependency_links to pubsub2_interfaces.egg-info/dependency_links.txt
[2.872s] writing top-level names to pubsub2_interfaces.egg-info/top_level.txt
[2.872s] writing manifest file 'pubsub2_interfaces.egg-info/SOURCES.txt'
[2.906s] reading manifest file 'pubsub2_interfaces.egg-info/SOURCES.txt'
[2.907s] writing manifest file 'pubsub2_interfaces.egg-info/SOURCES.txt'
[2.933s] [  8%] Built target ament_cmake_python_build_pubsub2_interfaces_egg
[3.015s] [  8%] Built target pubsub2_interfaces__cpp
[3.025s] [ 11%] [32mBuilding C object CMakeFiles/pubsub2_interfaces__rosidl_generator_c.dir/rosidl_generator_c/pubsub2_interfaces/msg/detail/filtro_sensor__type_support.c.o[0m
[3.028s] [ 14%] [32mBuilding C object CMakeFiles/pubsub2_interfaces__rosidl_generator_c.dir/rosidl_generator_c/pubsub2_interfaces/msg/detail/filtro_sensor__description.c.o[0m
[3.028s] [ 17%] [32mBuilding C object CMakeFiles/pubsub2_interfaces__rosidl_generator_c.dir/rosidl_generator_c/pubsub2_interfaces/msg/detail/filtro_sensor__functions.c.o[0m
[3.075s] [ 20%] [32m[1mLinking C shared library libpubsub2_interfaces__rosidl_generator_c.so[0m
[3.123s] [ 20%] Built target pubsub2_interfaces__rosidl_generator_c
[3.135s] [ 29%] [34m[1mGenerating C++ type support dispatch for ROS interfaces[0m
[3.135s] [ 29%] [34m[1mGenerating C++ type support for eProsima Fast-RTPS[0m
[3.135s] [ 29%] [34m[1mGenerating C type support for eProsima Fast-RTPS[0m
[3.137s] [ 32%] [34m[1mGenerating C++ introspection for ROS interfaces[0m
[3.137s] [ 38%] [34m[1mGenerating C type support dispatch for ROS interfaces[0m
[3.138s] [ 38%] [34m[1mGenerating C introspection for ROS interfaces[0m
[3.328s] [ 41%] [32mBuilding CXX object CMakeFiles/pubsub2_interfaces__rosidl_typesupport_cpp.dir/rosidl_typesupport_cpp/pubsub2_interfaces/msg/filtro_sensor__type_support.cpp.o[0m
[3.330s] [ 44%] [32mBuilding CXX object CMakeFiles/pubsub2_interfaces__rosidl_typesupport_c.dir/rosidl_typesupport_c/pubsub2_interfaces/msg/filtro_sensor__type_support.cpp.o[0m
[3.345s] [ 47%] [32mBuilding CXX object CMakeFiles/pubsub2_interfaces__rosidl_typesupport_fastrtps_c.dir/rosidl_typesupport_fastrtps_c/pubsub2_interfaces/msg/detail/filtro_sensor__type_support_c.cpp.o[0m
[3.346s] [ 50%] [32mBuilding CXX object CMakeFiles/pubsub2_interfaces__rosidl_typesupport_fastrtps_cpp.dir/rosidl_typesupport_fastrtps_cpp/pubsub2_interfaces/msg/detail/dds_fastrtps/filtro_sensor__type_support.cpp.o[0m
[3.362s] [ 52%] [32m[1mLinking CXX shared library libpubsub2_interfaces__rosidl_typesupport_c.so[0m
[3.394s] [ 55%] [32mBuilding C object CMakeFiles/pubsub2_interfaces__rosidl_typesupport_introspection_c.dir/rosidl_typesupport_introspection_c/pubsub2_interfaces/msg/detail/filtro_sensor__type_support.c.o[0m
[3.398s] [ 55%] Built target pubsub2_interfaces__rosidl_typesupport_c
[3.426s] [ 58%] [32m[1mLinking C shared library libpubsub2_interfaces__rosidl_typesupport_introspection_c.so[0m
[3.436s] [ 61%] [32mBuilding CXX object CMakeFiles/pubsub2_interfaces__rosidl_typesupport_introspection_cpp.dir/rosidl_typesupport_introspection_cpp/pubsub2_interfaces/msg/detail/filtro_sensor__type_support.cpp.o[0m
[3.456s] [ 61%] Built target pubsub2_interfaces__rosidl_typesupport_introspection_c
[3.582s] [ 64%] [32m[1mLinking CXX shared library libpubsub2_interfaces__rosidl_typesupport_cpp.so[0m
[3.614s] [ 64%] Built target pubsub2_interfaces__rosidl_typesupport_cpp
[3.649s] [ 67%] [32m[1mLinking CXX shared library libpubsub2_interfaces__rosidl_typesupport_introspection_cpp.so[0m
[3.689s] [ 70%] [32m[1mLinking CXX shared library libpubsub2_interfaces__rosidl_typesupport_fastrtps_cpp.so[0m
[3.690s] [ 73%] [32m[1mLinking CXX shared library libpubsub2_interfaces__rosidl_typesupport_fastrtps_c.so[0m
[3.700s] [ 73%] Built target pubsub2_interfaces__rosidl_typesupport_introspection_cpp
[3.753s] [ 73%] Built target pubsub2_interfaces__rosidl_typesupport_fastrtps_cpp
[3.759s] [ 73%] Built target pubsub2_interfaces__rosidl_typesupport_fastrtps_c
[3.780s] [ 73%] Built target pubsub2_interfaces
[3.809s] [ 76%] [34m[1mGenerating Python code for ROS interfaces[0m
[3.994s] [ 76%] Built target pubsub2_interfaces__py
[4.023s] [ 79%] [32mBuilding C object CMakeFiles/pubsub2_interfaces__rosidl_generator_py.dir/rosidl_generator_py/pubsub2_interfaces/msg/_filtro_sensor_s.c.o[0m
[4.130s] [ 82%] [32m[1mLinking C shared library libpubsub2_interfaces__rosidl_generator_py.so[0m
[4.173s] [ 82%] Built target pubsub2_interfaces__rosidl_generator_py
[4.201s] [ 85%] [32mBuilding C object CMakeFiles/pubsub2_interfaces_s__rosidl_typesupport_fastrtps_c.dir/rosidl_generator_py/pubsub2_interfaces/_pubsub2_interfaces_s.ep.rosidl_typesupport_fastrtps_c.c.o[0m
[4.201s] [ 88%] [32mBuilding C object CMakeFiles/pubsub2_interfaces_s__rosidl_typesupport_c.dir/rosidl_generator_py/pubsub2_interfaces/_pubsub2_interfaces_s.ep.rosidl_typesupport_c.c.o[0m
[4.204s] [ 91%] [32mBuilding C object CMakeFiles/pubsub2_interfaces_s__rosidl_typesupport_introspection_c.dir/rosidl_generator_py/pubsub2_interfaces/_pubsub2_interfaces_s.ep.rosidl_typesupport_introspection_c.c.o[0m
[4.271s] [ 94%] [32m[1mLinking C shared module rosidl_generator_py/pubsub2_interfaces/pubsub2_interfaces_s__rosidl_typesupport_introspection_c.so[0m
[4.273s] [ 97%] [32m[1mLinking C shared module rosidl_generator_py/pubsub2_interfaces/pubsub2_interfaces_s__rosidl_typesupport_fastrtps_c.so[0m
[4.273s] [100%] [32m[1mLinking C shared module rosidl_generator_py/pubsub2_interfaces/pubsub2_interfaces_s__rosidl_typesupport_c.so[0m
[4.294s] [100%] Built target pubsub2_interfaces_s__rosidl_typesupport_fastrtps_c
[4.296s] [100%] Built target pubsub2_interfaces_s__rosidl_typesupport_introspection_c
[4.298s] [100%] Built target pubsub2_interfaces_s__rosidl_typesupport_c
[4.309s] Invoked command in '/home/mariola/visual_ws/build/pubsub2_interfaces' returned '0': CMAKE_PREFIX_PATH=${CMAKE_PREFIX_PATH}:/home/mariola/visual_ws/install/visual_pubsub:/home/mariola/visual_ws/install/robot_ik:/opt/ros/jazzy DEBUGINFOD_URLS=https://debuginfod.ubuntu.com /usr/bin/cmake --build /home/mariola/visual_ws/build/pubsub2_interfaces -- -j12 -l12
[4.310s] Invoking command in '/home/mariola/visual_ws/build/pubsub2_interfaces': CMAKE_PREFIX_PATH=${CMAKE_PREFIX_PATH}:/home/mariola/visual_ws/install/visual_pubsub:/home/mariola/visual_ws/install/robot_ik:/opt/ros/jazzy DEBUGINFOD_URLS=https://debuginfod.ubuntu.com /usr/bin/cmake --install /home/mariola/visual_ws/build/pubsub2_interfaces
[4.317s] -- Install configuration: ""
[4.317s] -- Installing: /home/mariola/visual_ws/install/pubsub2_interfaces/share/ament_index/resource_index/rosidl_interfaces/pubsub2_interfaces
[4.317s] -- Installing: /home/mariola/visual_ws/install/pubsub2_interfaces/share/pubsub2_interfaces/msg/FiltroSensor.json
[4.317s] -- Installing: /home/mariola/visual_ws/install/pubsub2_interfaces/include/pubsub2_interfaces/pubsub2_interfaces
[4.317s] -- Installing: /home/mariola/visual_ws/install/pubsub2_interfaces/include/pubsub2_interfaces/pubsub2_interfaces/msg
[4.318s] -- Installing: /home/mariola/visual_ws/install/pubsub2_interfaces/include/pubsub2_interfaces/pubsub2_interfaces/msg/rosidl_generator_c__visibility_control.h
[4.318s] -- Installing: /home/mariola/visual_ws/install/pubsub2_interfaces/include/pubsub2_interfaces/pubsub2_interfaces/msg/filtro_sensor.h
[4.318s] -- Installing: /home/mariola/visual_ws/install/pubsub2_interfaces/include/pubsub2_interfaces/pubsub2_interfaces/msg/detail
[4.318s] -- Installing: /home/mariola/visual_ws/install/pubsub2_interfaces/include/pubsub2_interfaces/pubsub2_interfaces/msg/detail/filtro_sensor__description.c
[4.318s] -- Installing: /home/mariola/visual_ws/install/pubsub2_interfaces/include/pubsub2_interfaces/pubsub2_interfaces/msg/detail/filtro_sensor__struct.h
[4.318s] -- Installing: /home/mariola/visual_ws/install/pubsub2_interfaces/include/pubsub2_interfaces/pubsub2_interfaces/msg/detail/filtro_sensor__type_support.c
[4.318s] -- Installing: /home/mariola/visual_ws/install/pubsub2_interfaces/include/pubsub2_interfaces/pubsub2_interfaces/msg/detail/filtro_sensor__type_support.h
[4.318s] -- Installing: /home/mariola/visual_ws/install/pubsub2_interfaces/include/pubsub2_interfaces/pubsub2_interfaces/msg/detail/filtro_sensor__functions.h
[4.318s] -- Installing: /home/mariola/visual_ws/install/pubsub2_interfaces/include/pubsub2_interfaces/pubsub2_interfaces/msg/detail/filtro_sensor__functions.c
[4.318s] -- Installing: /home/mariola/visual_ws/install/pubsub2_interfaces/share/pubsub2_interfaces/environment/library_path.sh
[4.318s] -- Installing: /home/mariola/visual_ws/install/pubsub2_interfaces/share/pubsub2_interfaces/environment/library_path.dsv
[4.318s] -- Installing: /home/mariola/visual_ws/install/pubsub2_interfaces/lib/libpubsub2_interfaces__rosidl_generator_c.so
[4.318s] -- Set non-toolchain portion of runtime path of "/home/mariola/visual_ws/install/pubsub2_interfaces/lib/libpubsub2_interfaces__rosidl_generator_c.so" to ""
[4.318s] -- Up-to-date: /home/mariola/visual_ws/install/pubsub2_interfaces/include/pubsub2_interfaces/pubsub2_interfaces
[4.319s] -- Up-to-date: /home/mariola/visual_ws/install/pubsub2_interfaces/include/pubsub2_interfaces/pubsub2_interfaces/msg
[4.319s] -- Up-to-date: /home/mariola/visual_ws/install/pubsub2_interfaces/include/pubsub2_interfaces/pubsub2_interfaces/msg/detail
[4.319s] -- Installing: /home/mariola/visual_ws/install/pubsub2_interfaces/include/pubsub2_interfaces/pubsub2_interfaces/msg/detail/filtro_sensor__rosidl_typesupport_fastrtps_c.h
[4.319s] -- Installing: /home/mariola/visual_ws/install/pubsub2_interfaces/include/pubsub2_interfaces/pubsub2_interfaces/msg/rosidl_typesupport_fastrtps_c__visibility_control.h
[4.319s] -- Installing: /home/mariola/visual_ws/install/pubsub2_interfaces/lib/libpubsub2_interfaces__rosidl_typesupport_fastrtps_c.so
[4.319s] -- Set non-toolchain portion of runtime path of "/home/mariola/visual_ws/install/pubsub2_interfaces/lib/libpubsub2_interfaces__rosidl_typesupport_fastrtps_c.so" to ""
[4.319s] -- Up-to-date: /home/mariola/visual_ws/install/pubsub2_interfaces/include/pubsub2_interfaces/pubsub2_interfaces
[4.319s] -- Up-to-date: /home/mariola/visual_ws/install/pubsub2_interfaces/include/pubsub2_interfaces/pubsub2_interfaces/msg
[4.320s] -- Installing: /home/mariola/visual_ws/install/pubsub2_interfaces/include/pubsub2_interfaces/pubsub2_interfaces/msg/rosidl_typesupport_introspection_c__visibility_control.h
[4.320s] -- Up-to-date: /home/mariola/visual_ws/install/pubsub2_interfaces/include/pubsub2_interfaces/pubsub2_interfaces/msg/detail
[4.320s] -- Installing: /home/mariola/visual_ws/install/pubsub2_interfaces/include/pubsub2_interfaces/pubsub2_interfaces/msg/detail/filtro_sensor__rosidl_typesupport_introspection_c.h
[4.320s] -- Up-to-date: /home/mariola/visual_ws/install/pubsub2_interfaces/include/pubsub2_interfaces/pubsub2_interfaces/msg/detail/filtro_sensor__type_support.c
[4.320s] -- Installing: /home/mariola/visual_ws/install/pubsub2_interfaces/lib/libpubsub2_interfaces__rosidl_typesupport_introspection_c.so
[4.321s] -- Set non-toolchain portion of runtime path of "/home/mariola/visual_ws/install/pubsub2_interfaces/lib/libpubsub2_interfaces__rosidl_typesupport_introspection_c.so" to ""
[4.321s] -- Installing: /home/mariola/visual_ws/install/pubsub2_interfaces/lib/libpubsub2_interfaces__rosidl_typesupport_c.so
[4.321s] -- Set non-toolchain portion of runtime path of "/home/mariola/visual_ws/install/pubsub2_interfaces/lib/libpubsub2_interfaces__rosidl_typesupport_c.so" to ""
[4.321s] -- Up-to-date: /home/mariola/visual_ws/install/pubsub2_interfaces/include/pubsub2_interfaces/pubsub2_interfaces
[4.321s] -- Up-to-date: /home/mariola/visual_ws/install/pubsub2_interfaces/include/pubsub2_interfaces/pubsub2_interfaces/msg
[4.321s] -- Installing: /home/mariola/visual_ws/install/pubsub2_interfaces/include/pubsub2_interfaces/pubsub2_interfaces/msg/rosidl_generator_cpp__visibility_control.hpp
[4.321s] -- Installing: /home/mariola/visual_ws/install/pubsub2_interfaces/include/pubsub2_interfaces/pubsub2_interfaces/msg/filtro_sensor.hpp
[4.322s] -- Up-to-date: /home/mariola/visual_ws/install/pubsub2_interfaces/include/pubsub2_interfaces/pubsub2_interfaces/msg/detail
[4.322s] -- Installing: /home/mariola/visual_ws/install/pubsub2_interfaces/include/pubsub2_interfaces/pubsub2_interfaces/msg/detail/filtro_sensor__struct.hpp
[4.322s] -- Installing: /home/mariola/visual_ws/install/pubsub2_interfaces/include/pubsub2_interfaces/pubsub2_interfaces/msg/detail/filtro_sensor__type_support.hpp
[4.322s] -- Installing: /home/mariola/visual_ws/install/pubsub2_interfaces/include/pubsub2_interfaces/pubsub2_interfaces/msg/detail/filtro_sensor__builder.hpp
[4.322s] -- Installing: /home/mariola/visual_ws/install/pubsub2_interfaces/include/pubsub2_interfaces/pubsub2_interfaces/msg/detail/filtro_sensor__traits.hpp
[4.322s] -- Up-to-date: /home/mariola/visual_ws/install/pubsub2_interfaces/include/pubsub2_interfaces/pubsub2_interfaces
[4.322s] -- Up-to-date: /home/mariola/visual_ws/install/pubsub2_interfaces/include/pubsub2_interfaces/pubsub2_interfaces/msg
[4.323s] -- Up-to-date: /home/mariola/visual_ws/install/pubsub2_interfaces/include/pubsub2_interfaces/pubsub2_interfaces/msg/detail
[4.323s] -- Installing: /home/mariola/visual_ws/install/pubsub2_interfaces/include/pubsub2_interfaces/pubsub2_interfaces/msg/detail/dds_fastrtps
[4.323s] -- Installing: /home/mariola/visual_ws/install/pubsub2_interfaces/include/pubsub2_interfaces/pubsub2_interfaces/msg/detail/filtro_sensor__rosidl_typesupport_fastrtps_cpp.hpp
[4.323s] -- Installing: /home/mariola/visual_ws/install/pubsub2_interfaces/include/pubsub2_interfaces/pubsub2_interfaces/msg/rosidl_typesupport_fastrtps_cpp__visibility_control.h
[4.323s] -- Installing: /home/mariola/visual_ws/install/pubsub2_interfaces/lib/libpubsub2_interfaces__rosidl_typesupport_fastrtps_cpp.so
[4.323s] -- Set non-toolchain portion of runtime path of "/home/mariola/visual_ws/install/pubsub2_interfaces/lib/libpubsub2_interfaces__rosidl_typesupport_fastrtps_cpp.so" to ""
[4.323s] -- Up-to-date: /home/mariola/visual_ws/install/pubsub2_interfaces/include/pubsub2_interfaces/pubsub2_interfaces
[4.323s] -- Up-to-date: /home/mariola/visual_ws/install/pubsub2_interfaces/include/pubsub2_interfaces/pubsub2_interfaces/msg
[4.323s] -- Up-to-date: /home/mariola/visual_ws/install/pubsub2_interfaces/include/pubsub2_interfaces/pubsub2_interfaces/msg/detail
[4.323s] -- Installing: /home/mariola/visual_ws/install/pubsub2_interfaces/include/pubsub2_interfaces/pubsub2_interfaces/msg/detail/filtro_sensor__rosidl_typesupport_introspection_cpp.hpp
[4.323s] -- Installing: /home/mariola/visual_ws/install/pubsub2_interfaces/include/pubsub2_interfaces/pubsub2_interfaces/msg/detail/filtro_sensor__type_support.cpp
[4.323s] -- Installing: /home/mariola/visual_ws/install/pubsub2_interfaces/lib/libpubsub2_interfaces__rosidl_typesupport_introspection_cpp.so
[4.323s] -- Set non-toolchain portion of runtime path of "/home/mariola/visual_ws/install/pubsub2_interfaces/lib/libpubsub2_interfaces__rosidl_typesupport_introspection_cpp.so" to ""
[4.323s] -- Installing: /home/mariola/visual_ws/install/pubsub2_interfaces/lib/libpubsub2_interfaces__rosidl_typesupport_cpp.so
[4.324s] -- Set non-toolchain portion of runtime path of "/home/mariola/visual_ws/install/pubsub2_interfaces/lib/libpubsub2_interfaces__rosidl_typesupport_cpp.so" to ""
[4.324s] -- Installing: /home/mariola/visual_ws/install/pubsub2_interfaces/share/pubsub2_interfaces/environment/pythonpath.sh
[4.324s] -- Installing: /home/mariola/visual_ws/install/pubsub2_interfaces/share/pubsub2_interfaces/environment/pythonpath.dsv
[4.324s] -- Installing: /home/mariola/visual_ws/install/pubsub2_interfaces/lib/python3.12/site-packages/pubsub2_interfaces-0.0.0-py3.12.egg-info
[4.324s] -- Installing: /home/mariola/visual_ws/install/pubsub2_interfaces/lib/python3.12/site-packages/pubsub2_interfaces-0.0.0-py3.12.egg-info/top_level.txt
[4.324s] -- Installing: /home/mariola/visual_ws/install/pubsub2_interfaces/lib/python3.12/site-packages/pubsub2_interfaces-0.0.0-py3.12.egg-info/PKG-INFO
[4.324s] -- Installing: /home/mariola/visual_ws/install/pubsub2_interfaces/lib/python3.12/site-packages/pubsub2_interfaces-0.0.0-py3.12.egg-info/SOURCES.txt
[4.324s] -- Installing: /home/mariola/visual_ws/install/pubsub2_interfaces/lib/python3.12/site-packages/pubsub2_interfaces-0.0.0-py3.12.egg-info/dependency_links.txt
[4.324s] -- Installing: /home/mariola/visual_ws/install/pubsub2_interfaces/lib/python3.12/site-packages/pubsub2_interfaces
[4.324s] -- Installing: /home/mariola/visual_ws/install/pubsub2_interfaces/lib/python3.12/site-packages/pubsub2_interfaces/msg
[4.324s] -- Installing: /home/mariola/visual_ws/install/pubsub2_interfaces/lib/python3.12/site-packages/pubsub2_interfaces/msg/__init__.py
[4.324s] -- Installing: /home/mariola/visual_ws/install/pubsub2_interfaces/lib/python3.12/site-packages/pubsub2_interfaces/msg/_filtro_sensor.py
[4.324s] -- Installing: /home/mariola/visual_ws/install/pubsub2_interfaces/lib/python3.12/site-packages/pubsub2_interfaces/msg/_filtro_sensor_s.c
[4.324s] -- Installing: /home/mariola/visual_ws/install/pubsub2_interfaces/lib/python3.12/site-packages/pubsub2_interfaces/__init__.py
[4.324s] -- Installing: /home/mariola/visual_ws/install/pubsub2_interfaces/lib/python3.12/site-packages/pubsub2_interfaces/_pubsub2_interfaces_s.ep.rosidl_typesupport_fastrtps_c.c
[4.324s] -- Installing: /home/mariola/visual_ws/install/pubsub2_interfaces/lib/python3.12/site-packages/pubsub2_interfaces/_pubsub2_interfaces_s.ep.rosidl_typesupport_c.c
[4.324s] -- Installing: /home/mariola/visual_ws/install/pubsub2_interfaces/lib/python3.12/site-packages/pubsub2_interfaces/pubsub2_interfaces_s__rosidl_typesupport_introspection_c.so
[4.324s] -- Installing: /home/mariola/visual_ws/install/pubsub2_interfaces/lib/python3.12/site-packages/pubsub2_interfaces/pubsub2_interfaces_s__rosidl_typesupport_fastrtps_c.so
[4.324s] -- Installing: /home/mariola/visual_ws/install/pubsub2_interfaces/lib/python3.12/site-packages/pubsub2_interfaces/_pubsub2_interfaces_s.ep.rosidl_typesupport_introspection_c.c
[4.324s] -- Installing: /home/mariola/visual_ws/install/pubsub2_interfaces/lib/python3.12/site-packages/pubsub2_interfaces/pubsub2_interfaces_s__rosidl_typesupport_c.so
[4.350s] Listing '/home/mariola/visual_ws/install/pubsub2_interfaces/lib/python3.12/site-packages/pubsub2_interfaces'...
[4.351s] Compiling '/home/mariola/visual_ws/install/pubsub2_interfaces/lib/python3.12/site-packages/pubsub2_interfaces/__init__.py'...
[4.351s] Listing '/home/mariola/visual_ws/install/pubsub2_interfaces/lib/python3.12/site-packages/pubsub2_interfaces/msg'...
[4.351s] Compiling '/home/mariola/visual_ws/install/pubsub2_interfaces/lib/python3.12/site-packages/pubsub2_interfaces/msg/__init__.py'...
[4.351s] Compiling '/home/mariola/visual_ws/install/pubsub2_interfaces/lib/python3.12/site-packages/pubsub2_interfaces/msg/_filtro_sensor.py'...
[4.355s] -- Installing: /home/mariola/visual_ws/install/pubsub2_interfaces/lib/python3.12/site-packages/pubsub2_interfaces/pubsub2_interfaces_s__rosidl_typesupport_fastrtps_c.so
[4.355s] -- Set non-toolchain portion of runtime path of "/home/mariola/visual_ws/install/pubsub2_interfaces/lib/python3.12/site-packages/pubsub2_interfaces/pubsub2_interfaces_s__rosidl_typesupport_fastrtps_c.so" to ""
[4.355s] -- Installing: /home/mariola/visual_ws/install/pubsub2_interfaces/lib/python3.12/site-packages/pubsub2_interfaces/pubsub2_interfaces_s__rosidl_typesupport_introspection_c.so
[4.355s] -- Set non-toolchain portion of runtime path of "/home/mariola/visual_ws/install/pubsub2_interfaces/lib/python3.12/site-packages/pubsub2_interfaces/pubsub2_interfaces_s__rosidl_typesupport_introspection_c.so" to ""
[4.356s] -- Installing: /home/mariola/visual_ws/install/pubsub2_interfaces/lib/python3.12/site-packages/pubsub2_interfaces/pubsub2_interfaces_s__rosidl_typesupport_c.so
[4.356s] -- Set non-toolchain portion of runtime path of "/home/mariola/visual_ws/install/pubsub2_interfaces/lib/python3.12/site-packages/pubsub2_interfaces/pubsub2_interfaces_s__rosidl_typesupport_c.so" to ""
[4.356s] -- Installing: /home/mariola/visual_ws/install/pubsub2_interfaces/lib/libpubsub2_interfaces__rosidl_generator_py.so
[4.356s] -- Set non-toolchain portion of runtime path of "/home/mariola/visual_ws/install/pubsub2_interfaces/lib/libpubsub2_interfaces__rosidl_generator_py.so" to ""
[4.356s] -- Installing: /home/mariola/visual_ws/install/pubsub2_interfaces/share/pubsub2_interfaces/msg/FiltroSensor.idl
[4.357s] -- Installing: /home/mariola/visual_ws/install/pubsub2_interfaces/share/pubsub2_interfaces/msg/FiltroSensor.msg
[4.357s] -- Installing: /home/mariola/visual_ws/install/pubsub2_interfaces/share/ament_index/resource_index/package_run_dependencies/pubsub2_interfaces
[4.357s] -- Installing: /home/mariola/visual_ws/install/pubsub2_interfaces/share/ament_index/resource_index/parent_prefix_path/pubsub2_interfaces
[4.357s] -- Installing: /home/mariola/visual_ws/install/pubsub2_interfaces/share/pubsub2_interfaces/environment/ament_prefix_path.sh
[4.357s] -- Installing: /home/mariola/visual_ws/install/pubsub2_interfaces/share/pubsub2_interfaces/environment/ament_prefix_path.dsv
[4.357s] -- Installing: /home/mariola/visual_ws/install/pubsub2_interfaces/share/pubsub2_interfaces/environment/path.sh
[4.357s] -- Installing: /home/mariola/visual_ws/install/pubsub2_interfaces/share/pubsub2_interfaces/environment/path.dsv
[4.357s] -- Installing: /home/mariola/visual_ws/install/pubsub2_interfaces/share/pubsub2_interfaces/local_setup.bash
[4.358s] -- Installing: /home/mariola/visual_ws/install/pubsub2_interfaces/share/pubsub2_interfaces/local_setup.sh
[4.358s] -- Installing: /home/mariola/visual_ws/install/pubsub2_interfaces/share/pubsub2_interfaces/local_setup.zsh
[4.358s] -- Installing: /home/mariola/visual_ws/install/pubsub2_interfaces/share/pubsub2_interfaces/local_setup.dsv
[4.358s] -- Installing: /home/mariola/visual_ws/install/pubsub2_interfaces/share/pubsub2_interfaces/package.dsv
[4.358s] -- Installing: /home/mariola/visual_ws/install/pubsub2_interfaces/share/ament_index/resource_index/packages/pubsub2_interfaces
[4.358s] -- Installing: /home/mariola/visual_ws/install/pubsub2_interfaces/share/pubsub2_interfaces/cmake/export_pubsub2_interfaces__rosidl_generator_cExport.cmake
[4.358s] -- Installing: /home/mariola/visual_ws/install/pubsub2_interfaces/share/pubsub2_interfaces/cmake/export_pubsub2_interfaces__rosidl_generator_cExport-noconfig.cmake
[4.358s] -- Installing: /home/mariola/visual_ws/install/pubsub2_interfaces/share/pubsub2_interfaces/cmake/export_pubsub2_interfaces__rosidl_typesupport_fastrtps_cExport.cmake
[4.359s] -- Installing: /home/mariola/visual_ws/install/pubsub2_interfaces/share/pubsub2_interfaces/cmake/export_pubsub2_interfaces__rosidl_typesupport_fastrtps_cExport-noconfig.cmake
[4.359s] -- Installing: /home/mariola/visual_ws/install/pubsub2_interfaces/share/pubsub2_interfaces/cmake/pubsub2_interfaces__rosidl_typesupport_introspection_cExport.cmake
[4.359s] -- Installing: /home/mariola/visual_ws/install/pubsub2_interfaces/share/pubsub2_interfaces/cmake/pubsub2_interfaces__rosidl_typesupport_introspection_cExport-noconfig.cmake
[4.359s] -- Installing: /home/mariola/visual_ws/install/pubsub2_interfaces/share/pubsub2_interfaces/cmake/pubsub2_interfaces__rosidl_typesupport_cExport.cmake
[4.359s] -- Installing: /home/mariola/visual_ws/install/pubsub2_interfaces/share/pubsub2_interfaces/cmake/pubsub2_interfaces__rosidl_typesupport_cExport-noconfig.cmake
[4.359s] -- Installing: /home/mariola/visual_ws/install/pubsub2_interfaces/share/pubsub2_interfaces/cmake/export_pubsub2_interfaces__rosidl_generator_cppExport.cmake
[4.359s] -- Installing: /home/mariola/visual_ws/install/pubsub2_interfaces/share/pubsub2_interfaces/cmake/export_pubsub2_interfaces__rosidl_typesupport_fastrtps_cppExport.cmake
[4.359s] -- Installing: /home/mariola/visual_ws/install/pubsub2_interfaces/share/pubsub2_interfaces/cmake/export_pubsub2_interfaces__rosidl_typesupport_fastrtps_cppExport-noconfig.cmake
[4.359s] -- Installing: /home/mariola/visual_ws/install/pubsub2_interfaces/share/pubsub2_interfaces/cmake/pubsub2_interfaces__rosidl_typesupport_introspection_cppExport.cmake
[4.360s] -- Installing: /home/mariola/visual_ws/install/pubsub2_interfaces/share/pubsub2_interfaces/cmake/pubsub2_interfaces__rosidl_typesupport_introspection_cppExport-noconfig.cmake
[4.360s] -- Installing: /home/mariola/visual_ws/install/pubsub2_interfaces/share/pubsub2_interfaces/cmake/pubsub2_interfaces__rosidl_typesupport_cppExport.cmake
[4.360s] -- Installing: /home/mariola/visual_ws/install/pubsub2_interfaces/share/pubsub2_interfaces/cmake/pubsub2_interfaces__rosidl_typesupport_cppExport-noconfig.cmake
[4.360s] -- Installing: /home/mariola/visual_ws/install/pubsub2_interfaces/share/pubsub2_interfaces/cmake/export_pubsub2_interfaces__rosidl_generator_pyExport.cmake
[4.360s] -- Installing: /home/mariola/visual_ws/install/pubsub2_interfaces/share/pubsub2_interfaces/cmake/export_pubsub2_interfaces__rosidl_generator_pyExport-noconfig.cmake
[4.360s] -- Installing: /home/mariola/visual_ws/install/pubsub2_interfaces/share/pubsub2_interfaces/cmake/rosidl_cmake-extras.cmake
[4.360s] -- Installing: /home/mariola/visual_ws/install/pubsub2_interfaces/share/pubsub2_interfaces/cmake/ament_cmake_export_include_directories-extras.cmake
[4.360s] -- Installing: /home/mariola/visual_ws/install/pubsub2_interfaces/share/pubsub2_interfaces/cmake/ament_cmake_export_libraries-extras.cmake
[4.360s] -- Installing: /home/mariola/visual_ws/install/pubsub2_interfaces/share/pubsub2_interfaces/cmake/ament_cmake_export_targets-extras.cmake
[4.360s] -- Installing: /home/mariola/visual_ws/install/pubsub2_interfaces/share/pubsub2_interfaces/cmake/rosidl_cmake_export_typesupport_targets-extras.cmake
[4.360s] -- Installing: /home/mariola/visual_ws/install/pubsub2_interfaces/share/pubsub2_interfaces/cmake/ament_cmake_export_dependencies-extras.cmake
[4.360s] -- Installing: /home/mariola/visual_ws/install/pubsub2_interfaces/share/pubsub2_interfaces/cmake/rosidl_cmake_export_typesupport_libraries-extras.cmake
[4.360s] -- Installing: /home/mariola/visual_ws/install/pubsub2_interfaces/share/pubsub2_interfaces/cmake/pubsub2_interfacesConfig.cmake
[4.360s] -- Installing: /home/mariola/visual_ws/install/pubsub2_interfaces/share/pubsub2_interfaces/cmake/pubsub2_interfacesConfig-version.cmake
[4.360s] -- Installing: /home/mariola/visual_ws/install/pubsub2_interfaces/share/pubsub2_interfaces/package.xml
[4.360s] Invoked command in '/home/mariola/visual_ws/build/pubsub2_interfaces' returned '0': CMAKE_PREFIX_PATH=${CMAKE_PREFIX_PATH}:/home/mariola/visual_ws/install/visual_pubsub:/home/mariola/visual_ws/install/robot_ik:/opt/ros/jazzy DEBUGINFOD_URLS=https://debuginfod.ubuntu.com /usr/bin/cmake --install /home/mariola/visual_ws/build/pubsub2_interfaces
