[0.019s] Invoking command in '/home/mariola/ws_robotica/build/robot_description': CMAKE_PREFIX_PATH=${CMAKE_PREFIX_PATH}:/home/mariola/ws_robotica/install/pubsub2:/home/mariola/ws_robotica/install/visual_pubsub:/home/mariola/ws_robotica/install/robot_ik:/home/mariola/ws_robotica/install/robot_control:/home/mariola/visual_ws/install/pubsub2:/home/mariola/visual_ws/install/visual_pubsub:/home/mariola/visual_ws/install/robot_ik:/opt/ros/jazzy DEBUGINFOD_URLS=https://debuginfod.ubuntu.com /usr/bin/cmake --build /home/mariola/ws_robotica/build/robot_description -- -j12 -l12
[0.031s] [0mCMake Error: The current CMakeCache.txt directory /home/mariola/ws_robotica/build/robot_description/CMakeCache.txt is different than the directory /home/mariola/visual_ws/build/robot_description where CMakeCache.txt was created. This may result in binaries being created in the wrong place. If you are not sure, reedit the CMakeCache.txt[0m
[0.332s] Invoked command in '/home/mariola/ws_robotica/build/robot_description' returned '0': CMAKE_PREFIX_PATH=${CMAKE_PREFIX_PATH}:/home/mariola/ws_robotica/install/pubsub2:/home/mariola/ws_robotica/install/visual_pubsub:/home/mariola/ws_robotica/install/robot_ik:/home/mariola/ws_robotica/install/robot_control:/home/mariola/visual_ws/install/pubsub2:/home/mariola/visual_ws/install/visual_pubsub:/home/mariola/visual_ws/install/robot_ik:/opt/ros/jazzy DEBUGINFOD_URLS=https://debuginfod.ubuntu.com /usr/bin/cmake --build /home/mariola/ws_robotica/build/robot_description -- -j12 -l12
[0.343s] Invoking command in '/home/mariola/ws_robotica/build/robot_description': CMAKE_PREFIX_PATH=${CMAKE_PREFIX_PATH}:/home/mariola/ws_robotica/install/pubsub2:/home/mariola/ws_robotica/install/visual_pubsub:/home/mariola/ws_robotica/install/robot_ik:/home/mariola/ws_robotica/install/robot_control:/home/mariola/visual_ws/install/pubsub2:/home/mariola/visual_ws/install/visual_pubsub:/home/mariola/visual_ws/install/robot_ik:/opt/ros/jazzy DEBUGINFOD_URLS=https://debuginfod.ubuntu.com /usr/bin/cmake --install /home/mariola/ws_robotica/build/robot_description
[0.352s] -- Install configuration: ""
[0.352s] -- Up-to-date: /home/mariola/visual_ws/install/robot_description/share/robot_description/launch
[0.352s] -- Up-to-date: /home/mariola/visual_ws/install/robot_description/share/robot_description/launch/view_robot.launch.py
[0.352s] -- Up-to-date: /home/mariola/visual_ws/install/robot_description/share/robot_description/launch/view_robotbio.launch.py
[0.353s] -- Up-to-date: /home/mariola/visual_ws/install/robot_description/share/robot_description/urdf
[0.353s] -- Up-to-date: /home/mariola/visual_ws/install/robot_description/share/robot_description/urdf/examenrobot3d.urdf
[0.353s] -- Up-to-date: /home/mariola/visual_ws/install/robot_description/share/robot_description/urdf/multipleshapes.gv
[0.353s] -- Up-to-date: /home/mariola/visual_ws/install/robot_description/share/robot_description/urdf/diff_wheeled_robot.urdf
[0.353s] -- Up-to-date: /home/mariola/visual_ws/install/robot_description/share/robot_description/urdf/cobot_arm.urdf
[0.353s] -- Up-to-date: /home/mariola/visual_ws/install/robot_description/share/robot_description/urdf/myrobotadrian.urdf
[0.353s] -- Up-to-date: /home/mariola/visual_ws/install/robot_description/share/robot_description/urdf/guillecar.urdf
[0.354s] -- Up-to-date: /home/mariola/visual_ws/install/robot_description/share/robot_description/urdf/pantilt.urdf
[0.354s] -- Up-to-date: /home/mariola/visual_ws/install/robot_description/share/robot_description/urdf/multipleshapes.pdf
[0.354s] -- Up-to-date: /home/mariola/visual_ws/install/robot_description/share/robot_description/urdf/myfirst_robot.urdf
[0.354s] -- Up-to-date: /home/mariola/visual_ws/install/robot_description/share/robot_description/urdf/trr.urdf
[0.354s] -- Up-to-date: /home/mariola/visual_ws/install/robot_description/share/robot_description/urdf/ejclase.urdf
[0.354s] -- Up-to-date: /home/mariola/visual_ws/install/robot_description/share/robot_description/urdf/myrobotmariola.urdf
[0.354s] -- Up-to-date: /home/mariola/visual_ws/install/robot_description/share/robot_description/urdf/wally1.urdf
[0.355s] -- Up-to-date: /home/mariola/visual_ws/install/robot_description/share/robot_description/urdf/examenrobotbio.urdf
[0.355s] -- Up-to-date: /home/mariola/visual_ws/install/robot_description/share/robot_description/urdf/panda.urdf
[0.355s] -- Up-to-date: /home/mariola/visual_ws/install/robot_description/share/robot_description/urdf/clases_test.urdf
[0.355s] -- Up-to-date: /home/mariola/visual_ws/install/robot_description/share/robot_description/rviz
[0.355s] -- Up-to-date: /home/mariola/visual_ws/install/robot_description/share/robot_description/rviz/urdf.rviz
[0.355s] -- Up-to-date: /home/mariola/visual_ws/install/robot_description/share/robot_description/meshes
[0.355s] -- Up-to-date: /home/mariola/visual_ws/install/robot_description/share/robot_description/meshes/collision
[0.355s] -- Up-to-date: /home/mariola/visual_ws/install/robot_description/share/robot_description/meshes/collision/link6.obj
[0.355s] -- Up-to-date: /home/mariola/visual_ws/install/robot_description/share/robot_description/meshes/collision/link5.obj
[0.355s] -- Up-to-date: /home/mariola/visual_ws/install/robot_description/share/robot_description/meshes/collision/finger.obj
[0.355s] -- Up-to-date: /home/mariola/visual_ws/install/robot_description/share/robot_description/meshes/collision/link7.obj
[0.355s] -- Up-to-date: /home/mariola/visual_ws/install/robot_description/share/robot_description/meshes/collision/link2.obj
[0.355s] -- Up-to-date: /home/mariola/visual_ws/install/robot_description/share/robot_description/meshes/collision/hand.obj
[0.355s] -- Up-to-date: /home/mariola/visual_ws/install/robot_description/share/robot_description/meshes/collision/link1.obj
[0.355s] -- Up-to-date: /home/mariola/visual_ws/install/robot_description/share/robot_description/meshes/collision/link3.obj
[0.355s] -- Up-to-date: /home/mariola/visual_ws/install/robot_description/share/robot_description/meshes/collision/link4.obj
[0.356s] -- Up-to-date: /home/mariola/visual_ws/install/robot_description/share/robot_description/meshes/collision/link0.obj
[0.356s] -- Up-to-date: /home/mariola/visual_ws/install/robot_description/share/robot_description/meshes/visual
[0.356s] -- Up-to-date: /home/mariola/visual_ws/install/robot_description/share/robot_description/meshes/visual/link3.dae
[0.356s] -- Up-to-date: /home/mariola/visual_ws/install/robot_description/share/robot_description/meshes/visual/link6.dae
[0.356s] -- Up-to-date: /home/mariola/visual_ws/install/robot_description/share/robot_description/meshes/visual/hand.dae
[0.356s] -- Up-to-date: /home/mariola/visual_ws/install/robot_description/share/robot_description/meshes/visual/link0.dae
[0.356s] -- Up-to-date: /home/mariola/visual_ws/install/robot_description/share/robot_description/meshes/visual/link5.dae
[0.356s] -- Up-to-date: /home/mariola/visual_ws/install/robot_description/share/robot_description/meshes/visual/link2.dae
[0.356s] -- Up-to-date: /home/mariola/visual_ws/install/robot_description/share/robot_description/meshes/visual/link7.dae
[0.356s] -- Up-to-date: /home/mariola/visual_ws/install/robot_description/share/robot_description/meshes/visual/link4.dae
[0.356s] -- Up-to-date: /home/mariola/visual_ws/install/robot_description/share/robot_description/meshes/visual/finger.dae
[0.356s] -- Up-to-date: /home/mariola/visual_ws/install/robot_description/share/robot_description/meshes/visual/link1.dae
[0.356s] -- Up-to-date: /home/mariola/visual_ws/install/robot_description/share/ament_index/resource_index/package_run_dependencies/robot_description
[0.356s] -- Up-to-date: /home/mariola/visual_ws/install/robot_description/share/ament_index/resource_index/parent_prefix_path/robot_description
[0.356s] -- Up-to-date: /home/mariola/visual_ws/install/robot_description/share/robot_description/environment/ament_prefix_path.sh
[0.357s] -- Up-to-date: /home/mariola/visual_ws/install/robot_description/share/robot_description/environment/ament_prefix_path.dsv
[0.357s] -- Up-to-date: /home/mariola/visual_ws/install/robot_description/share/robot_description/environment/path.sh
[0.357s] -- Up-to-date: /home/mariola/visual_ws/install/robot_description/share/robot_description/environment/path.dsv
[0.357s] -- Up-to-date: /home/mariola/visual_ws/install/robot_description/share/robot_description/local_setup.bash
[0.357s] -- Up-to-date: /home/mariola/visual_ws/install/robot_description/share/robot_description/local_setup.sh
[0.357s] -- Up-to-date: /home/mariola/visual_ws/install/robot_description/share/robot_description/local_setup.zsh
[0.357s] -- Up-to-date: /home/mariola/visual_ws/install/robot_description/share/robot_description/local_setup.dsv
[0.357s] -- Up-to-date: /home/mariola/visual_ws/install/robot_description/share/robot_description/package.dsv
[0.357s] -- Up-to-date: /home/mariola/visual_ws/install/robot_description/share/ament_index/resource_index/packages/robot_description
[0.357s] -- Up-to-date: /home/mariola/visual_ws/install/robot_description/share/robot_description/cmake/robot_descriptionConfig.cmake
[0.357s] -- Up-to-date: /home/mariola/visual_ws/install/robot_description/share/robot_description/cmake/robot_descriptionConfig-version.cmake
[0.357s] -- Up-to-date: /home/mariola/visual_ws/install/robot_description/share/robot_description/package.xml
[0.358s] Invoked command in '/home/mariola/ws_robotica/build/robot_description' returned '0': CMAKE_PREFIX_PATH=${CMAKE_PREFIX_PATH}:/home/mariola/ws_robotica/install/pubsub2:/home/mariola/ws_robotica/install/visual_pubsub:/home/mariola/ws_robotica/install/robot_ik:/home/mariola/ws_robotica/install/robot_control:/home/mariola/visual_ws/install/pubsub2:/home/mariola/visual_ws/install/visual_pubsub:/home/mariola/visual_ws/install/robot_ik:/opt/ros/jazzy DEBUGINFOD_URLS=https://debuginfod.ubuntu.com /usr/bin/cmake --install /home/mariola/ws_robotica/build/robot_description
