[0.677s] Invoking command in '/home/mariola/visual_ws/src/ros2_tutorials/visual_pubsub': DEBUGINFOD_URLS=https://debuginfod.ubuntu.com PYTHONPATH=/home/mariola/visual_ws/build/visual_pubsub/prefix_override:/usr/lib/python3/dist-packages/colcon_core/task/python/colcon_distutils_commands:/home/mariola/visual_ws/install/visual_pubsub/lib/python3.12/site-packages:${PYTHONPATH} /usr/bin/python3 -W ignore:setup.py install is deprecated -W ignore:easy_install command is deprecated setup.py egg_info --egg-base ../../../build/visual_pubsub build --build-base /home/mariola/visual_ws/build/visual_pubsub/build install --record /home/mariola/visual_ws/build/visual_pubsub/install.log --single-version-externally-managed install_data
[0.848s] running egg_info
[0.859s] writing ../../../build/visual_pubsub/visual_pubsub.egg-info/PKG-INFO
[0.859s] writing dependency_links to ../../../build/visual_pubsub/visual_pubsub.egg-info/dependency_links.txt
[0.859s] writing entry points to ../../../build/visual_pubsub/visual_pubsub.egg-info/entry_points.txt
[0.859s] writing requirements to ../../../build/visual_pubsub/visual_pubsub.egg-info/requires.txt
[0.859s] writing top-level names to ../../../build/visual_pubsub/visual_pubsub.egg-info/top_level.txt
[0.882s] reading manifest file '../../../build/visual_pubsub/visual_pubsub.egg-info/SOURCES.txt'
[0.882s] adding license file 'LICENSE'
[0.882s] writing manifest file '../../../build/visual_pubsub/visual_pubsub.egg-info/SOURCES.txt'
[0.882s] running build
[0.882s] running build_py
[0.882s] running install
[0.887s] running install_lib
[0.898s] running install_data
[0.898s] running install_egg_info
[0.910s] removing '/home/mariola/visual_ws/install/visual_pubsub/lib/python3.12/site-packages/visual_pubsub-0.0.0-py3.12.egg-info' (and everything under it)
[0.911s] Copying ../../../build/visual_pubsub/visual_pubsub.egg-info to /home/mariola/visual_ws/install/visual_pubsub/lib/python3.12/site-packages/visual_pubsub-0.0.0-py3.12.egg-info
[0.911s] running install_scripts
[0.990s] Installing pub_joints script to /home/mariola/visual_ws/install/visual_pubsub/lib/visual_pubsub
[0.990s] Installing sub_joints script to /home/mariola/visual_ws/install/visual_pubsub/lib/visual_pubsub
[0.990s] writing list of installed files to '/home/mariola/visual_ws/build/visual_pubsub/install.log'
[1.016s] Invoked command in '/home/mariola/visual_ws/src/ros2_tutorials/visual_pubsub' returned '0': DEBUGINFOD_URLS=https://debuginfod.ubuntu.com PYTHONPATH=/home/mariola/visual_ws/build/visual_pubsub/prefix_override:/usr/lib/python3/dist-packages/colcon_core/task/python/colcon_distutils_commands:/home/mariola/visual_ws/install/visual_pubsub/lib/python3.12/site-packages:${PYTHONPATH} /usr/bin/python3 -W ignore:setup.py install is deprecated -W ignore:easy_install command is deprecated setup.py egg_info --egg-base ../../../build/visual_pubsub build --build-base /home/mariola/visual_ws/build/visual_pubsub/build install --record /home/mariola/visual_ws/build/visual_pubsub/install.log --single-version-externally-managed install_data
