running egg_info
creating ../../build/pubsub2/pubsub2.egg-info
writing ../../build/pubsub2/pubsub2.egg-info/PKG-INFO
writing dependency_links to ../../build/pubsub2/pubsub2.egg-info/dependency_links.txt
writing entry points to ../../build/pubsub2/pubsub2.egg-info/entry_points.txt
writing requirements to ../../build/pubsub2/pubsub2.egg-info/requires.txt
writing top-level names to ../../build/pubsub2/pubsub2.egg-info/top_level.txt
writing manifest file '../../build/pubsub2/pubsub2.egg-info/SOURCES.txt'
reading manifest file '../../build/pubsub2/pubsub2.egg-info/SOURCES.txt'
writing manifest file '../../build/pubsub2/pubsub2.egg-info/SOURCES.txt'
running build
running build_py
creating /home/mariola/visual_ws/build/pubsub2/build
creating /home/mariola/visual_ws/build/pubsub2/build/lib
creating /home/mariola/visual_ws/build/pubsub2/build/lib/pubsub2
copying pubsub2/__init__.py -> /home/mariola/visual_ws/build/pubsub2/build/lib/pubsub2
copying pubsub2/filtered_subscriber.py -> /home/mariola/visual_ws/build/pubsub2/build/lib/pubsub2
copying pubsub2/sensor2.py -> /home/mariola/visual_ws/build/pubsub2/build/lib/pubsub2
copying pubsub2/sensor3.py -> /home/mariola/visual_ws/build/pubsub2/build/lib/pubsub2
copying pubsub2/sensor1.py -> /home/mariola/visual_ws/build/pubsub2/build/lib/pubsub2
copying pubsub2/filtered_sensor.py -> /home/mariola/visual_ws/build/pubsub2/build/lib/pubsub2
running install
running install_lib
creating /home/mariola/visual_ws/install/pubsub2/lib/python3.12/site-packages/pubsub2
copying /home/mariola/visual_ws/build/pubsub2/build/lib/pubsub2/__init__.py -> /home/mariola/visual_ws/install/pubsub2/lib/python3.12/site-packages/pubsub2
copying /home/mariola/visual_ws/build/pubsub2/build/lib/pubsub2/filtered_subscriber.py -> /home/mariola/visual_ws/install/pubsub2/lib/python3.12/site-packages/pubsub2
copying /home/mariola/visual_ws/build/pubsub2/build/lib/pubsub2/sensor2.py -> /home/mariola/visual_ws/install/pubsub2/lib/python3.12/site-packages/pubsub2
copying /home/mariola/visual_ws/build/pubsub2/build/lib/pubsub2/sensor3.py -> /home/mariola/visual_ws/install/pubsub2/lib/python3.12/site-packages/pubsub2
copying /home/mariola/visual_ws/build/pubsub2/build/lib/pubsub2/sensor1.py -> /home/mariola/visual_ws/install/pubsub2/lib/python3.12/site-packages/pubsub2
copying /home/mariola/visual_ws/build/pubsub2/build/lib/pubsub2/filtered_sensor.py -> /home/mariola/visual_ws/install/pubsub2/lib/python3.12/site-packages/pubsub2
byte-compiling /home/mariola/visual_ws/install/pubsub2/lib/python3.12/site-packages/pubsub2/__init__.py to __init__.cpython-312.pyc
byte-compiling /home/mariola/visual_ws/install/pubsub2/lib/python3.12/site-packages/pubsub2/filtered_subscriber.py to filtered_subscriber.cpython-312.pyc
byte-compiling /home/mariola/visual_ws/install/pubsub2/lib/python3.12/site-packages/pubsub2/sensor2.py to sensor2.cpython-312.pyc
byte-compiling /home/mariola/visual_ws/install/pubsub2/lib/python3.12/site-packages/pubsub2/sensor3.py to sensor3.cpython-312.pyc
byte-compiling /home/mariola/visual_ws/install/pubsub2/lib/python3.12/site-packages/pubsub2/sensor1.py to sensor1.cpython-312.pyc
byte-compiling /home/mariola/visual_ws/install/pubsub2/lib/python3.12/site-packages/pubsub2/filtered_sensor.py to filtered_sensor.cpython-312.pyc
running install_data
creating /home/mariola/visual_ws/install/pubsub2/share/ament_index
creating /home/mariola/visual_ws/install/pubsub2/share/ament_index/resource_index
creating /home/mariola/visual_ws/install/pubsub2/share/ament_index/resource_index/packages
copying resource/pubsub2 -> /home/mariola/visual_ws/install/pubsub2/share/ament_index/resource_index/packages
copying package.xml -> /home/mariola/visual_ws/install/pubsub2/share/pubsub2
creating /home/mariola/visual_ws/install/pubsub2/share/pubsub2/msg
creating /home/mariola/visual_ws/install/pubsub2/share/pubsub2/launch
copying launch/sensors.launch.py -> /home/mariola/visual_ws/install/pubsub2/share/pubsub2/launch
running install_egg_info
Copying ../../build/pubsub2/pubsub2.egg-info to /home/mariola/visual_ws/install/pubsub2/lib/python3.12/site-packages/pubsub2-0.0.0-py3.12.egg-info
running install_scripts
Installing filtered_sensor script to /home/mariola/visual_ws/install/pubsub2/lib/pubsub2
Installing filtered_subscriber script to /home/mariola/visual_ws/install/pubsub2/lib/pubsub2
Installing sensor1 script to /home/mariola/visual_ws/install/pubsub2/lib/pubsub2
Installing sensor2 script to /home/mariola/visual_ws/install/pubsub2/lib/pubsub2
Installing sensor3 script to /home/mariola/visual_ws/install/pubsub2/lib/pubsub2
writing list of installed files to '/home/mariola/visual_ws/build/pubsub2/install.log'
