[0.017s] Invoking command in '/home/mariola/visual_ws/build/pubsub2_interfaces': CMAKE_PREFIX_PATH=${CMAKE_PREFIX_PATH}:/home/mariola/visual_ws/install/pubsub2:/home/mariola/visual_ws/install/visual_pubsub:/home/mariola/visual_ws/install/robot_ik:/opt/ros/jazzy DEBUGINFOD_URLS=https://debuginfod.ubuntu.com /usr/bin/cmake --build /home/mariola/visual_ws/build/pubsub2_interfaces -- -j12 -l12
[0.183s] [  2%] Built target pubsub2_interfaces__rosidl_generator_type_description
[0.183s] [  2%] Built target ament_cmake_python_copy_pubsub2_interfaces
[0.184s] [  5%] Built target pubsub2_interfaces__cpp
[0.185s] [ 20%] Built target pubsub2_interfaces__rosidl_generator_c
[0.185s] [ 35%] Built target pubsub2_interfaces__rosidl_typesupport_c
[0.185s] [ 38%] Built target pubsub2_interfaces__rosidl_typesupport_introspection_c
[0.185s] [ 55%] Built target pubsub2_interfaces__rosidl_typesupport_introspection_cpp
[0.185s] [ 55%] Built target pubsub2_interfaces__rosidl_typesupport_cpp
[0.186s] [ 64%] Built target pubsub2_interfaces__rosidl_typesupport_fastrtps_c
[0.186s] [ 73%] Built target pubsub2_interfaces__rosidl_typesupport_fastrtps_cpp
[0.186s] [ 73%] Built target pubsub2_interfaces
[0.186s] [ 76%] Built target pubsub2_interfaces__py
[0.186s] [ 82%] Built target pubsub2_interfaces__rosidl_generator_py
[0.192s] [ 88%] Built target pubsub2_interfaces_s__rosidl_typesupport_fastrtps_c
[0.195s] [ 94%] Built target pubsub2_interfaces_s__rosidl_typesupport_c
[0.196s] [100%] Built target pubsub2_interfaces_s__rosidl_typesupport_introspection_c
[0.232s] running egg_info
[0.244s] writing pubsub2_interfaces.egg-info/PKG-INFO
[0.244s] writing dependency_links to pubsub2_interfaces.egg-info/dependency_links.txt
[0.244s] writing top-level names to pubsub2_interfaces.egg-info/top_level.txt
[0.279s] reading manifest file 'pubsub2_interfaces.egg-info/SOURCES.txt'
[0.279s] writing manifest file 'pubsub2_interfaces.egg-info/SOURCES.txt'
[0.299s] [100%] Built target ament_cmake_python_build_pubsub2_interfaces_egg
[0.366s] Invoked command in '/home/mariola/visual_ws/build/pubsub2_interfaces' returned '0': CMAKE_PREFIX_PATH=${CMAKE_PREFIX_PATH}:/home/mariola/visual_ws/install/pubsub2:/home/mariola/visual_ws/install/visual_pubsub:/home/mariola/visual_ws/install/robot_ik:/opt/ros/jazzy DEBUGINFOD_URLS=https://debuginfod.ubuntu.com /usr/bin/cmake --build /home/mariola/visual_ws/build/pubsub2_interfaces -- -j12 -l12
[0.367s] Invoking command in '/home/mariola/visual_ws/build/pubsub2_interfaces': CMAKE_PREFIX_PATH=${CMAKE_PREFIX_PATH}:/home/mariola/visual_ws/install/pubsub2:/home/mariola/visual_ws/install/visual_pubsub:/home/mariola/visual_ws/install/robot_ik:/opt/ros/jazzy DEBUGINFOD_URLS=https://debuginfod.ubuntu.com /usr/bin/cmake --install /home/mariola/visual_ws/build/pubsub2_interfaces
[0.375s] -- Install configuration: ""
[0.375s] -- Up-to-date: /home/mariola/visual_ws/install/pubsub2_interfaces/share/ament_index/resource_index/rosidl_interfaces/pubsub2_interfaces
[0.376s] -- Up-to-date: /home/mariola/visual_ws/install/pubsub2_interfaces/share/pubsub2_interfaces/msg/FiltroSensor.json
[0.376s] -- Up-to-date: /home/mariola/visual_ws/install/pubsub2_interfaces/include/pubsub2_interfaces/pubsub2_interfaces
[0.376s] -- Up-to-date: /home/mariola/visual_ws/install/pubsub2_interfaces/include/pubsub2_interfaces/pubsub2_interfaces/msg
[0.376s] -- Up-to-date: /home/mariola/visual_ws/install/pubsub2_interfaces/include/pubsub2_interfaces/pubsub2_interfaces/msg/rosidl_generator_c__visibility_control.h
[0.376s] -- Up-to-date: /home/mariola/visual_ws/install/pubsub2_interfaces/include/pubsub2_interfaces/pubsub2_interfaces/msg/filtro_sensor.h
[0.376s] -- Up-to-date: /home/mariola/visual_ws/install/pubsub2_interfaces/include/pubsub2_interfaces/pubsub2_interfaces/msg/detail
[0.376s] -- Up-to-date: /home/mariola/visual_ws/install/pubsub2_interfaces/include/pubsub2_interfaces/pubsub2_interfaces/msg/detail/filtro_sensor__description.c
[0.377s] -- Up-to-date: /home/mariola/visual_ws/install/pubsub2_interfaces/include/pubsub2_interfaces/pubsub2_interfaces/msg/detail/filtro_sensor__struct.h
[0.377s] -- Up-to-date: /home/mariola/visual_ws/install/pubsub2_interfaces/include/pubsub2_interfaces/pubsub2_interfaces/msg/detail/filtro_sensor__type_support.c
[0.377s] -- Up-to-date: /home/mariola/visual_ws/install/pubsub2_interfaces/include/pubsub2_interfaces/pubsub2_interfaces/msg/detail/filtro_sensor__type_support.h
[0.377s] -- Up-to-date: /home/mariola/visual_ws/install/pubsub2_interfaces/include/pubsub2_interfaces/pubsub2_interfaces/msg/detail/filtro_sensor__functions.h
[0.377s] -- Up-to-date: /home/mariola/visual_ws/install/pubsub2_interfaces/include/pubsub2_interfaces/pubsub2_interfaces/msg/detail/filtro_sensor__functions.c
[0.377s] -- Up-to-date: /home/mariola/visual_ws/install/pubsub2_interfaces/share/pubsub2_interfaces/environment/library_path.sh
[0.377s] -- Up-to-date: /home/mariola/visual_ws/install/pubsub2_interfaces/share/pubsub2_interfaces/environment/library_path.dsv
[0.378s] -- Up-to-date: /home/mariola/visual_ws/install/pubsub2_interfaces/lib/libpubsub2_interfaces__rosidl_generator_c.so
[0.378s] -- Up-to-date: /home/mariola/visual_ws/install/pubsub2_interfaces/include/pubsub2_interfaces/pubsub2_interfaces
[0.378s] -- Up-to-date: /home/mariola/visual_ws/install/pubsub2_interfaces/include/pubsub2_interfaces/pubsub2_interfaces/msg
[0.378s] -- Up-to-date: /home/mariola/visual_ws/install/pubsub2_interfaces/include/pubsub2_interfaces/pubsub2_interfaces/msg/detail
[0.378s] -- Up-to-date: /home/mariola/visual_ws/install/pubsub2_interfaces/include/pubsub2_interfaces/pubsub2_interfaces/msg/detail/filtro_sensor__rosidl_typesupport_fastrtps_c.h
[0.378s] -- Up-to-date: /home/mariola/visual_ws/install/pubsub2_interfaces/include/pubsub2_interfaces/pubsub2_interfaces/msg/rosidl_typesupport_fastrtps_c__visibility_control.h
[0.378s] -- Up-to-date: /home/mariola/visual_ws/install/pubsub2_interfaces/lib/libpubsub2_interfaces__rosidl_typesupport_fastrtps_c.so
[0.378s] -- Up-to-date: /home/mariola/visual_ws/install/pubsub2_interfaces/include/pubsub2_interfaces/pubsub2_interfaces
[0.378s] -- Up-to-date: /home/mariola/visual_ws/install/pubsub2_interfaces/include/pubsub2_interfaces/pubsub2_interfaces/msg
[0.378s] -- Up-to-date: /home/mariola/visual_ws/install/pubsub2_interfaces/include/pubsub2_interfaces/pubsub2_interfaces/msg/rosidl_typesupport_introspection_c__visibility_control.h
[0.379s] -- Up-to-date: /home/mariola/visual_ws/install/pubsub2_interfaces/include/pubsub2_interfaces/pubsub2_interfaces/msg/detail
[0.379s] -- Up-to-date: /home/mariola/visual_ws/install/pubsub2_interfaces/include/pubsub2_interfaces/pubsub2_interfaces/msg/detail/filtro_sensor__rosidl_typesupport_introspection_c.h
[0.379s] -- Up-to-date: /home/mariola/visual_ws/install/pubsub2_interfaces/include/pubsub2_interfaces/pubsub2_interfaces/msg/detail/filtro_sensor__type_support.c
[0.379s] -- Up-to-date: /home/mariola/visual_ws/install/pubsub2_interfaces/lib/libpubsub2_interfaces__rosidl_typesupport_introspection_c.so
[0.379s] -- Up-to-date: /home/mariola/visual_ws/install/pubsub2_interfaces/lib/libpubsub2_interfaces__rosidl_typesupport_c.so
[0.379s] -- Up-to-date: /home/mariola/visual_ws/install/pubsub2_interfaces/include/pubsub2_interfaces/pubsub2_interfaces
[0.379s] -- Up-to-date: /home/mariola/visual_ws/install/pubsub2_interfaces/include/pubsub2_interfaces/pubsub2_interfaces/msg
[0.379s] -- Up-to-date: /home/mariola/visual_ws/install/pubsub2_interfaces/include/pubsub2_interfaces/pubsub2_interfaces/msg/rosidl_generator_cpp__visibility_control.hpp
[0.379s] -- Up-to-date: /home/mariola/visual_ws/install/pubsub2_interfaces/include/pubsub2_interfaces/pubsub2_interfaces/msg/filtro_sensor.hpp
[0.379s] -- Up-to-date: /home/mariola/visual_ws/install/pubsub2_interfaces/include/pubsub2_interfaces/pubsub2_interfaces/msg/detail
[0.380s] -- Up-to-date: /home/mariola/visual_ws/install/pubsub2_interfaces/include/pubsub2_interfaces/pubsub2_interfaces/msg/detail/filtro_sensor__struct.hpp
[0.380s] -- Up-to-date: /home/mariola/visual_ws/install/pubsub2_interfaces/include/pubsub2_interfaces/pubsub2_interfaces/msg/detail/filtro_sensor__type_support.hpp
[0.380s] -- Up-to-date: /home/mariola/visual_ws/install/pubsub2_interfaces/include/pubsub2_interfaces/pubsub2_interfaces/msg/detail/filtro_sensor__builder.hpp
[0.380s] -- Up-to-date: /home/mariola/visual_ws/install/pubsub2_interfaces/include/pubsub2_interfaces/pubsub2_interfaces/msg/detail/filtro_sensor__traits.hpp
[0.380s] -- Up-to-date: /home/mariola/visual_ws/install/pubsub2_interfaces/include/pubsub2_interfaces/pubsub2_interfaces
[0.380s] -- Up-to-date: /home/mariola/visual_ws/install/pubsub2_interfaces/include/pubsub2_interfaces/pubsub2_interfaces/msg
[0.380s] -- Up-to-date: /home/mariola/visual_ws/install/pubsub2_interfaces/include/pubsub2_interfaces/pubsub2_interfaces/msg/detail
[0.380s] -- Up-to-date: /home/mariola/visual_ws/install/pubsub2_interfaces/include/pubsub2_interfaces/pubsub2_interfaces/msg/detail/dds_fastrtps
[0.380s] -- Up-to-date: /home/mariola/visual_ws/install/pubsub2_interfaces/include/pubsub2_interfaces/pubsub2_interfaces/msg/detail/filtro_sensor__rosidl_typesupport_fastrtps_cpp.hpp
[0.380s] -- Up-to-date: /home/mariola/visual_ws/install/pubsub2_interfaces/include/pubsub2_interfaces/pubsub2_interfaces/msg/rosidl_typesupport_fastrtps_cpp__visibility_control.h
[0.381s] -- Up-to-date: /home/mariola/visual_ws/install/pubsub2_interfaces/lib/libpubsub2_interfaces__rosidl_typesupport_fastrtps_cpp.so
[0.381s] -- Up-to-date: /home/mariola/visual_ws/install/pubsub2_interfaces/include/pubsub2_interfaces/pubsub2_interfaces
[0.381s] -- Up-to-date: /home/mariola/visual_ws/install/pubsub2_interfaces/include/pubsub2_interfaces/pubsub2_interfaces/msg
[0.381s] -- Up-to-date: /home/mariola/visual_ws/install/pubsub2_interfaces/include/pubsub2_interfaces/pubsub2_interfaces/msg/detail
[0.381s] -- Up-to-date: /home/mariola/visual_ws/install/pubsub2_interfaces/include/pubsub2_interfaces/pubsub2_interfaces/msg/detail/filtro_sensor__rosidl_typesupport_introspection_cpp.hpp
[0.381s] -- Up-to-date: /home/mariola/visual_ws/install/pubsub2_interfaces/include/pubsub2_interfaces/pubsub2_interfaces/msg/detail/filtro_sensor__type_support.cpp
[0.381s] -- Up-to-date: /home/mariola/visual_ws/install/pubsub2_interfaces/lib/libpubsub2_interfaces__rosidl_typesupport_introspection_cpp.so
[0.381s] -- Up-to-date: /home/mariola/visual_ws/install/pubsub2_interfaces/lib/libpubsub2_interfaces__rosidl_typesupport_cpp.so
[0.381s] -- Up-to-date: /home/mariola/visual_ws/install/pubsub2_interfaces/share/pubsub2_interfaces/environment/pythonpath.sh
[0.381s] -- Up-to-date: /home/mariola/visual_ws/install/pubsub2_interfaces/share/pubsub2_interfaces/environment/pythonpath.dsv
[0.382s] -- Up-to-date: /home/mariola/visual_ws/install/pubsub2_interfaces/lib/python3.12/site-packages/pubsub2_interfaces-0.0.0-py3.12.egg-info
[0.382s] -- Installing: /home/mariola/visual_ws/install/pubsub2_interfaces/lib/python3.12/site-packages/pubsub2_interfaces-0.0.0-py3.12.egg-info/top_level.txt
[0.382s] -- Installing: /home/mariola/visual_ws/install/pubsub2_interfaces/lib/python3.12/site-packages/pubsub2_interfaces-0.0.0-py3.12.egg-info/PKG-INFO
[0.382s] -- Installing: /home/mariola/visual_ws/install/pubsub2_interfaces/lib/python3.12/site-packages/pubsub2_interfaces-0.0.0-py3.12.egg-info/SOURCES.txt
[0.382s] -- Installing: /home/mariola/visual_ws/install/pubsub2_interfaces/lib/python3.12/site-packages/pubsub2_interfaces-0.0.0-py3.12.egg-info/dependency_links.txt
[0.382s] -- Up-to-date: /home/mariola/visual_ws/install/pubsub2_interfaces/lib/python3.12/site-packages/pubsub2_interfaces
[0.382s] -- Up-to-date: /home/mariola/visual_ws/install/pubsub2_interfaces/lib/python3.12/site-packages/pubsub2_interfaces/msg
[0.382s] -- Up-to-date: /home/mariola/visual_ws/install/pubsub2_interfaces/lib/python3.12/site-packages/pubsub2_interfaces/msg/__init__.py
[0.382s] -- Up-to-date: /home/mariola/visual_ws/install/pubsub2_interfaces/lib/python3.12/site-packages/pubsub2_interfaces/msg/_filtro_sensor.py
[0.382s] -- Up-to-date: /home/mariola/visual_ws/install/pubsub2_interfaces/lib/python3.12/site-packages/pubsub2_interfaces/msg/_filtro_sensor_s.c
[0.383s] -- Up-to-date: /home/mariola/visual_ws/install/pubsub2_interfaces/lib/python3.12/site-packages/pubsub2_interfaces/__init__.py
[0.383s] -- Up-to-date: /home/mariola/visual_ws/install/pubsub2_interfaces/lib/python3.12/site-packages/pubsub2_interfaces/_pubsub2_interfaces_s.ep.rosidl_typesupport_fastrtps_c.c
[0.383s] -- Up-to-date: /home/mariola/visual_ws/install/pubsub2_interfaces/lib/python3.12/site-packages/pubsub2_interfaces/_pubsub2_interfaces_s.ep.rosidl_typesupport_c.c
[0.383s] -- Up-to-date: /home/mariola/visual_ws/install/pubsub2_interfaces/lib/python3.12/site-packages/pubsub2_interfaces/pubsub2_interfaces_s__rosidl_typesupport_introspection_c.so
[0.383s] -- Up-to-date: /home/mariola/visual_ws/install/pubsub2_interfaces/lib/python3.12/site-packages/pubsub2_interfaces/pubsub2_interfaces_s__rosidl_typesupport_fastrtps_c.so
[0.383s] -- Up-to-date: /home/mariola/visual_ws/install/pubsub2_interfaces/lib/python3.12/site-packages/pubsub2_interfaces/_pubsub2_interfaces_s.ep.rosidl_typesupport_introspection_c.c
[0.383s] -- Up-to-date: /home/mariola/visual_ws/install/pubsub2_interfaces/lib/python3.12/site-packages/pubsub2_interfaces/pubsub2_interfaces_s__rosidl_typesupport_c.so
[0.413s] Listing '/home/mariola/visual_ws/install/pubsub2_interfaces/lib/python3.12/site-packages/pubsub2_interfaces'...
[0.413s] Listing '/home/mariola/visual_ws/install/pubsub2_interfaces/lib/python3.12/site-packages/pubsub2_interfaces/msg'...
[0.418s] -- Up-to-date: /home/mariola/visual_ws/install/pubsub2_interfaces/lib/python3.12/site-packages/pubsub2_interfaces/pubsub2_interfaces_s__rosidl_typesupport_fastrtps_c.so
[0.418s] -- Up-to-date: /home/mariola/visual_ws/install/pubsub2_interfaces/lib/python3.12/site-packages/pubsub2_interfaces/pubsub2_interfaces_s__rosidl_typesupport_introspection_c.so
[0.419s] -- Up-to-date: /home/mariola/visual_ws/install/pubsub2_interfaces/lib/python3.12/site-packages/pubsub2_interfaces/pubsub2_interfaces_s__rosidl_typesupport_c.so
[0.419s] -- Up-to-date: /home/mariola/visual_ws/install/pubsub2_interfaces/lib/libpubsub2_interfaces__rosidl_generator_py.so
[0.419s] -- Up-to-date: /home/mariola/visual_ws/install/pubsub2_interfaces/share/pubsub2_interfaces/msg/FiltroSensor.idl
[0.419s] -- Up-to-date: /home/mariola/visual_ws/install/pubsub2_interfaces/share/pubsub2_interfaces/msg/FiltroSensor.msg
[0.419s] -- Up-to-date: /home/mariola/visual_ws/install/pubsub2_interfaces/share/ament_index/resource_index/package_run_dependencies/pubsub2_interfaces
[0.420s] -- Up-to-date: /home/mariola/visual_ws/install/pubsub2_interfaces/share/ament_index/resource_index/parent_prefix_path/pubsub2_interfaces
[0.420s] -- Up-to-date: /home/mariola/visual_ws/install/pubsub2_interfaces/share/pubsub2_interfaces/environment/ament_prefix_path.sh
[0.420s] -- Up-to-date: /home/mariola/visual_ws/install/pubsub2_interfaces/share/pubsub2_interfaces/environment/ament_prefix_path.dsv
[0.420s] -- Up-to-date: /home/mariola/visual_ws/install/pubsub2_interfaces/share/pubsub2_interfaces/environment/path.sh
[0.420s] -- Up-to-date: /home/mariola/visual_ws/install/pubsub2_interfaces/share/pubsub2_interfaces/environment/path.dsv
[0.420s] -- Up-to-date: /home/mariola/visual_ws/install/pubsub2_interfaces/share/pubsub2_interfaces/local_setup.bash
[0.420s] -- Up-to-date: /home/mariola/visual_ws/install/pubsub2_interfaces/share/pubsub2_interfaces/local_setup.sh
[0.420s] -- Up-to-date: /home/mariola/visual_ws/install/pubsub2_interfaces/share/pubsub2_interfaces/local_setup.zsh
[0.421s] -- Up-to-date: /home/mariola/visual_ws/install/pubsub2_interfaces/share/pubsub2_interfaces/local_setup.dsv
[0.421s] -- Installing: /home/mariola/visual_ws/install/pubsub2_interfaces/share/pubsub2_interfaces/package.dsv
[0.421s] -- Up-to-date: /home/mariola/visual_ws/install/pubsub2_interfaces/share/ament_index/resource_index/packages/pubsub2_interfaces
[0.421s] -- Up-to-date: /home/mariola/visual_ws/install/pubsub2_interfaces/share/pubsub2_interfaces/cmake/export_pubsub2_interfaces__rosidl_generator_cExport.cmake
[0.421s] -- Up-to-date: /home/mariola/visual_ws/install/pubsub2_interfaces/share/pubsub2_interfaces/cmake/export_pubsub2_interfaces__rosidl_generator_cExport-noconfig.cmake
[0.421s] -- Up-to-date: /home/mariola/visual_ws/install/pubsub2_interfaces/share/pubsub2_interfaces/cmake/export_pubsub2_interfaces__rosidl_typesupport_fastrtps_cExport.cmake
[0.421s] -- Up-to-date: /home/mariola/visual_ws/install/pubsub2_interfaces/share/pubsub2_interfaces/cmake/export_pubsub2_interfaces__rosidl_typesupport_fastrtps_cExport-noconfig.cmake
[0.421s] -- Up-to-date: /home/mariola/visual_ws/install/pubsub2_interfaces/share/pubsub2_interfaces/cmake/pubsub2_interfaces__rosidl_typesupport_introspection_cExport.cmake
[0.422s] -- Up-to-date: /home/mariola/visual_ws/install/pubsub2_interfaces/share/pubsub2_interfaces/cmake/pubsub2_interfaces__rosidl_typesupport_introspection_cExport-noconfig.cmake
[0.422s] -- Up-to-date: /home/mariola/visual_ws/install/pubsub2_interfaces/share/pubsub2_interfaces/cmake/pubsub2_interfaces__rosidl_typesupport_cExport.cmake
[0.422s] -- Up-to-date: /home/mariola/visual_ws/install/pubsub2_interfaces/share/pubsub2_interfaces/cmake/pubsub2_interfaces__rosidl_typesupport_cExport-noconfig.cmake
[0.422s] -- Up-to-date: /home/mariola/visual_ws/install/pubsub2_interfaces/share/pubsub2_interfaces/cmake/export_pubsub2_interfaces__rosidl_generator_cppExport.cmake
[0.422s] -- Up-to-date: /home/mariola/visual_ws/install/pubsub2_interfaces/share/pubsub2_interfaces/cmake/export_pubsub2_interfaces__rosidl_typesupport_fastrtps_cppExport.cmake
[0.422s] -- Up-to-date: /home/mariola/visual_ws/install/pubsub2_interfaces/share/pubsub2_interfaces/cmake/export_pubsub2_interfaces__rosidl_typesupport_fastrtps_cppExport-noconfig.cmake
[0.422s] -- Up-to-date: /home/mariola/visual_ws/install/pubsub2_interfaces/share/pubsub2_interfaces/cmake/pubsub2_interfaces__rosidl_typesupport_introspection_cppExport.cmake
[0.423s] -- Up-to-date: /home/mariola/visual_ws/install/pubsub2_interfaces/share/pubsub2_interfaces/cmake/pubsub2_interfaces__rosidl_typesupport_introspection_cppExport-noconfig.cmake
[0.423s] -- Up-to-date: /home/mariola/visual_ws/install/pubsub2_interfaces/share/pubsub2_interfaces/cmake/pubsub2_interfaces__rosidl_typesupport_cppExport.cmake
[0.424s] -- Up-to-date: /home/mariola/visual_ws/install/pubsub2_interfaces/share/pubsub2_interfaces/cmake/pubsub2_interfaces__rosidl_typesupport_cppExport-noconfig.cmake
[0.424s] -- Up-to-date: /home/mariola/visual_ws/install/pubsub2_interfaces/share/pubsub2_interfaces/cmake/export_pubsub2_interfaces__rosidl_generator_pyExport.cmake
[0.424s] -- Up-to-date: /home/mariola/visual_ws/install/pubsub2_interfaces/share/pubsub2_interfaces/cmake/export_pubsub2_interfaces__rosidl_generator_pyExport-noconfig.cmake
[0.424s] -- Up-to-date: /home/mariola/visual_ws/install/pubsub2_interfaces/share/pubsub2_interfaces/cmake/rosidl_cmake-extras.cmake
[0.424s] -- Up-to-date: /home/mariola/visual_ws/install/pubsub2_interfaces/share/pubsub2_interfaces/cmake/ament_cmake_export_include_directories-extras.cmake
[0.425s] -- Up-to-date: /home/mariola/visual_ws/install/pubsub2_interfaces/share/pubsub2_interfaces/cmake/ament_cmake_export_libraries-extras.cmake
[0.425s] -- Up-to-date: /home/mariola/visual_ws/install/pubsub2_interfaces/share/pubsub2_interfaces/cmake/ament_cmake_export_targets-extras.cmake
[0.425s] -- Up-to-date: /home/mariola/visual_ws/install/pubsub2_interfaces/share/pubsub2_interfaces/cmake/rosidl_cmake_export_typesupport_targets-extras.cmake
[0.425s] -- Up-to-date: /home/mariola/visual_ws/install/pubsub2_interfaces/share/pubsub2_interfaces/cmake/ament_cmake_export_dependencies-extras.cmake
[0.425s] -- Up-to-date: /home/mariola/visual_ws/install/pubsub2_interfaces/share/pubsub2_interfaces/cmake/rosidl_cmake_export_typesupport_libraries-extras.cmake
[0.426s] -- Up-to-date: /home/mariola/visual_ws/install/pubsub2_interfaces/share/pubsub2_interfaces/cmake/pubsub2_interfacesConfig.cmake
[0.426s] -- Up-to-date: /home/mariola/visual_ws/install/pubsub2_interfaces/share/pubsub2_interfaces/cmake/pubsub2_interfacesConfig-version.cmake
[0.426s] -- Up-to-date: /home/mariola/visual_ws/install/pubsub2_interfaces/share/pubsub2_interfaces/package.xml
[0.426s] Invoked command in '/home/mariola/visual_ws/build/pubsub2_interfaces' returned '0': CMAKE_PREFIX_PATH=${CMAKE_PREFIX_PATH}:/home/mariola/visual_ws/install/pubsub2:/home/mariola/visual_ws/install/visual_pubsub:/home/mariola/visual_ws/install/robot_ik:/opt/ros/jazzy DEBUGINFOD_URLS=https://debuginfod.ubuntu.com /usr/bin/cmake --install /home/mariola/visual_ws/build/pubsub2_interfaces
