[1.481s] Invoking command in '/home/mariola/ws_robotica/src/robot_description': DEBUGINFOD_URLS=https://debuginfod.ubuntu.com PYTHONPATH=/home/mariola/ws_robotica/build/robot_description/prefix_override:/usr/lib/python3/dist-packages/colcon_core/task/python/colcon_distutils_commands:/home/mariola/ws_robotica/install/robot_description/lib/python3.12/site-packages:${PYTHONPATH} /usr/bin/python3 -W ignore:setup.py install is deprecated -W ignore:easy_install command is deprecated setup.py egg_info --egg-base ../../build/robot_description build --build-base /home/mariola/ws_robotica/build/robot_description/build install --record /home/mariola/ws_robotica/build/robot_description/install.log --single-version-externally-managed install_data
[1.781s] running egg_info
[1.782s] creating ../../build/robot_description/robot_description.egg-info
[1.802s] writing ../../build/robot_description/robot_description.egg-info/PKG-INFO
[1.802s] writing dependency_links to ../../build/robot_description/robot_description.egg-info/dependency_links.txt
[1.802s] writing requirements to ../../build/robot_description/robot_description.egg-info/requires.txt
[1.802s] writing top-level names to ../../build/robot_description/robot_description.egg-info/top_level.txt
[1.803s] writing manifest file '../../build/robot_description/robot_description.egg-info/SOURCES.txt'
[1.842s] reading manifest file '../../build/robot_description/robot_description.egg-info/SOURCES.txt'
[1.843s] writing manifest file '../../build/robot_description/robot_description.egg-info/SOURCES.txt'
[1.843s] running build
[1.843s] running build_py
[1.843s] creating /home/mariola/ws_robotica/build/robot_description/build
[1.844s] creating /home/mariola/ws_robotica/build/robot_description/build/lib
[1.844s] creating /home/mariola/ws_robotica/build/robot_description/build/lib/robot_description
[1.844s] copying robot_description/__init__.py -> /home/mariola/ws_robotica/build/robot_description/build/lib/robot_description
[1.844s] running install
[1.851s] running install_lib
[1.871s] creating /home/mariola/ws_robotica/install/robot_description/lib/python3.12/site-packages/robot_description
[1.871s] copying /home/mariola/ws_robotica/build/robot_description/build/lib/robot_description/__init__.py -> /home/mariola/ws_robotica/install/robot_description/lib/python3.12/site-packages/robot_description
[1.871s] byte-compiling /home/mariola/ws_robotica/install/robot_description/lib/python3.12/site-packages/robot_description/__init__.py to __init__.cpython-312.pyc
[1.872s] running install_data
[1.872s] creating /home/mariola/ws_robotica/install/robot_description/share/ament_index
[1.872s] creating /home/mariola/ws_robotica/install/robot_description/share/ament_index/resource_index
[1.872s] creating /home/mariola/ws_robotica/install/robot_description/share/ament_index/resource_index/packages
[1.872s] copying resource/robot_description -> /home/mariola/ws_robotica/install/robot_description/share/ament_index/resource_index/packages
[1.873s] copying package.xml -> /home/mariola/ws_robotica/install/robot_description/share/robot_description
[1.873s] creating /home/mariola/ws_robotica/install/robot_description/share/robot_description/launch
[1.873s] copying launch/display.launch.py -> /home/mariola/ws_robotica/install/robot_description/share/robot_description/launch
[1.873s] creating /home/mariola/ws_robotica/install/robot_description/share/robot_description/urdf
[1.873s] copying urdf/robot_A.urdf -> /home/mariola/ws_robotica/install/robot_description/share/robot_description/urdf
[1.873s] running install_egg_info
[1.893s] Copying ../../build/robot_description/robot_description.egg-info to /home/mariola/ws_robotica/install/robot_description/lib/python3.12/site-packages/robot_description-0.0.0-py3.12.egg-info
[1.894s] running install_scripts
[2.033s] writing list of installed files to '/home/mariola/ws_robotica/build/robot_description/install.log'
[2.086s] Invoked command in '/home/mariola/ws_robotica/src/robot_description' returned '0': DEBUGINFOD_URLS=https://debuginfod.ubuntu.com PYTHONPATH=/home/mariola/ws_robotica/build/robot_description/prefix_override:/usr/lib/python3/dist-packages/colcon_core/task/python/colcon_distutils_commands:/home/mariola/ws_robotica/install/robot_description/lib/python3.12/site-packages:${PYTHONPATH} /usr/bin/python3 -W ignore:setup.py install is deprecated -W ignore:easy_install command is deprecated setup.py egg_info --egg-base ../../build/robot_description build --build-base /home/mariola/ws_robotica/build/robot_description/build install --record /home/mariola/ws_robotica/build/robot_description/install.log --single-version-externally-managed install_data
