[0.921s] Invoking command in '/home/mariola/ws_robotica/src/ros2_tutorials/pubsub2': DEBUGINFOD_URLS=https://debuginfod.ubuntu.com PYTHONPATH=/home/mariola/ws_robotica/build/pubsub2/prefix_override:/usr/lib/python3/dist-packages/colcon_core/task/python/colcon_distutils_commands:/home/mariola/ws_robotica/install/pubsub2/lib/python3.12/site-packages:/home/mariola/ws_robotica/install/pubsub2_interfaces/lib/python3.12/site-packages:/home/mariola/ws_robotica/install/pubsub2/lib/python3.12/site-packages:/home/mariola/ws_robotica/install/visual_pubsub/lib/python3.12/site-packages:/home/mariola/ws_robotica/install/robot_ik/lib/python3.12/site-packages:/home/mariola/ws_robotica/install/robot_description/lib/python3.12/site-packages:/home/mariola/ws_robotica/install/robot_control/lib/python3.12/site-packages:/home/mariola/visual_ws/install/pubsub2/lib/python3.12/site-packages:/home/mariola/visual_ws/install/pubsub2_interfaces/lib/python3.12/site-packages:/home/mariola/visual_ws/install/visual_pubsub/lib/python3.12/site-packages:/home/mariola/visual_ws/install/robot_ik/lib/python3.12/site-packages:/opt/ros/jazzy/lib/python3.12/site-packages /usr/bin/python3 -W ignore:setup.py install is deprecated -W ignore:easy_install command is deprecated setup.py egg_info --egg-base ../../../build/pubsub2 build --build-base /home/mariola/ws_robotica/build/pubsub2/build install --record /home/mariola/ws_robotica/build/pubsub2/install.log --single-version-externally-managed install_data
[1.228s] running egg_info
[1.248s] writing ../../../build/pubsub2/pubsub2.egg-info/PKG-INFO
[1.249s] writing dependency_links to ../../../build/pubsub2/pubsub2.egg-info/dependency_links.txt
[1.249s] writing entry points to ../../../build/pubsub2/pubsub2.egg-info/entry_points.txt
[1.249s] writing requirements to ../../../build/pubsub2/pubsub2.egg-info/requires.txt
[1.249s] writing top-level names to ../../../build/pubsub2/pubsub2.egg-info/top_level.txt
[1.290s] reading manifest file '../../../build/pubsub2/pubsub2.egg-info/SOURCES.txt'
[1.290s] writing manifest file '../../../build/pubsub2/pubsub2.egg-info/SOURCES.txt'
[1.291s] running build
[1.291s] running build_py
[1.291s] running install
[1.299s] running install_lib
[1.319s] running install_data
[1.319s] running install_egg_info
[1.340s] removing '/home/mariola/ws_robotica/install/pubsub2/lib/python3.12/site-packages/pubsub2-0.0.0-py3.12.egg-info' (and everything under it)
[1.340s] Copying ../../../build/pubsub2/pubsub2.egg-info to /home/mariola/ws_robotica/install/pubsub2/lib/python3.12/site-packages/pubsub2-0.0.0-py3.12.egg-info
[1.341s] running install_scripts
[1.480s] Installing filtered_sensor script to /home/mariola/ws_robotica/install/pubsub2/lib/pubsub2
[1.480s] Installing filtered_subscriber script to /home/mariola/ws_robotica/install/pubsub2/lib/pubsub2
[1.480s] Installing sensor1 script to /home/mariola/ws_robotica/install/pubsub2/lib/pubsub2
[1.481s] Installing sensor2 script to /home/mariola/ws_robotica/install/pubsub2/lib/pubsub2
[1.481s] Installing sensor3 script to /home/mariola/ws_robotica/install/pubsub2/lib/pubsub2
[1.481s] writing list of installed files to '/home/mariola/ws_robotica/build/pubsub2/install.log'
[1.518s] Invoked command in '/home/mariola/ws_robotica/src/ros2_tutorials/pubsub2' returned '0': DEBUGINFOD_URLS=https://debuginfod.ubuntu.com PYTHONPATH=/home/mariola/ws_robotica/build/pubsub2/prefix_override:/usr/lib/python3/dist-packages/colcon_core/task/python/colcon_distutils_commands:/home/mariola/ws_robotica/install/pubsub2/lib/python3.12/site-packages:/home/mariola/ws_robotica/install/pubsub2_interfaces/lib/python3.12/site-packages:/home/mariola/ws_robotica/install/pubsub2/lib/python3.12/site-packages:/home/mariola/ws_robotica/install/visual_pubsub/lib/python3.12/site-packages:/home/mariola/ws_robotica/install/robot_ik/lib/python3.12/site-packages:/home/mariola/ws_robotica/install/robot_description/lib/python3.12/site-packages:/home/mariola/ws_robotica/install/robot_control/lib/python3.12/site-packages:/home/mariola/visual_ws/install/pubsub2/lib/python3.12/site-packages:/home/mariola/visual_ws/install/pubsub2_interfaces/lib/python3.12/site-packages:/home/mariola/visual_ws/install/visual_pubsub/lib/python3.12/site-packages:/home/mariola/visual_ws/install/robot_ik/lib/python3.12/site-packages:/opt/ros/jazzy/lib/python3.12/site-packages /usr/bin/python3 -W ignore:setup.py install is deprecated -W ignore:easy_install command is deprecated setup.py egg_info --egg-base ../../../build/pubsub2 build --build-base /home/mariola/ws_robotica/build/pubsub2/build install --record /home/mariola/ws_robotica/build/pubsub2/install.log --single-version-externally-managed install_data
