[0.068s] DEBUG:colcon:Command line arguments: ['/usr/bin/colcon', 'build']
[0.068s] DEBUG:colcon:Parsed command line arguments: Namespace(log_base=None, log_level=None, verb_name='build', build_base='build', install_base='install', merge_install=False, symlink_install=False, test_result_base=None, continue_on_error=False, executor='parallel', parallel_workers=12, event_handlers=None, ignore_user_meta=False, metas=['./colcon.meta'], base_paths=['.'], packages_ignore=None, packages_ignore_regex=None, paths=None, packages_up_to=None, packages_up_to_regex=None, packages_above=None, packages_above_and_dependencies=None, packages_above_depth=None, packages_select_by_dep=None, packages_skip_by_dep=None, packages_skip_up_to=None, packages_select_build_failed=False, packages_skip_build_finished=False, packages_select_test_failures=False, packages_skip_test_passed=False, packages_select=None, packages_skip=None, packages_select_regex=None, packages_skip_regex=None, packages_start=None, packages_end=None, allow_overriding=[], cmake_args=None, cmake_target=None, cmake_target_skip_unavailable=False, cmake_clean_cache=False, cmake_clean_first=False, cmake_force_configure=False, ament_cmake_args=None, catkin_cmake_args=None, catkin_skip_building_tests=False, mixin_files=None, mixin=None, verb_parser=<colcon_mixin.mixin.mixin_argument.MixinArgumentDecorator object at 0x7f02d69346e0>, verb_extension=<colcon_core.verb.build.BuildVerb object at 0x7f02d6934200>, main=<bound method BuildVerb.main of <colcon_core.verb.build.BuildVerb object at 0x7f02d6934200>>, mixin_verb=('build',))
[0.095s] Level 1:colcon.colcon_core.package_discovery:discover_packages(colcon_meta) check parameters
[0.095s] Level 1:colcon.colcon_core.package_discovery:discover_packages(recursive) check parameters
[0.095s] Level 1:colcon.colcon_core.package_discovery:discover_packages(ignore) check parameters
[0.095s] Level 1:colcon.colcon_core.package_discovery:discover_packages(path) check parameters
[0.095s] Level 1:colcon.colcon_core.package_discovery:discover_packages(colcon_meta) discover
[0.095s] Level 1:colcon.colcon_core.package_discovery:discover_packages(recursive) discover
[0.095s] INFO:colcon.colcon_core.package_discovery:Crawling recursively for packages in '/home/mariola/visual_ws'
[0.095s] Level 1:colcon.colcon_core.package_identification:_identify(.) by extensions ['ignore', 'ignore_ament_install']
[0.095s] Level 1:colcon.colcon_core.package_identification:_identify(.) by extension 'ignore'
[0.095s] Level 1:colcon.colcon_core.package_identification:_identify(.) by extension 'ignore_ament_install'
[0.095s] Level 1:colcon.colcon_core.package_identification:_identify(.) by extensions ['colcon_pkg']
[0.095s] Level 1:colcon.colcon_core.package_identification:_identify(.) by extension 'colcon_pkg'
[0.095s] Level 1:colcon.colcon_core.package_identification:_identify(.) by extensions ['colcon_meta']
[0.095s] Level 1:colcon.colcon_core.package_identification:_identify(.) by extension 'colcon_meta'
[0.095s] Level 1:colcon.colcon_core.package_identification:_identify(.) by extensions ['ros']
[0.095s] Level 1:colcon.colcon_core.package_identification:_identify(.) by extension 'ros'
[0.113s] Level 1:colcon.colcon_core.package_identification:_identify(.) by extensions ['cmake', 'python']
[0.113s] Level 1:colcon.colcon_core.package_identification:_identify(.) by extension 'cmake'
[0.113s] Level 1:colcon.colcon_core.package_identification:_identify(.) by extension 'python'
[0.113s] Level 1:colcon.colcon_core.package_identification:_identify(.) by extensions ['python_setup_py']
[0.113s] Level 1:colcon.colcon_core.package_identification:_identify(.) by extension 'python_setup_py'
[0.113s] Level 1:colcon.colcon_core.package_identification:_identify(build) by extensions ['ignore', 'ignore_ament_install']
[0.113s] Level 1:colcon.colcon_core.package_identification:_identify(build) by extension 'ignore'
[0.113s] Level 1:colcon.colcon_core.package_identification:_identify(build) ignored
[0.113s] Level 1:colcon.colcon_core.package_identification:_identify(install) by extensions ['ignore', 'ignore_ament_install']
[0.114s] Level 1:colcon.colcon_core.package_identification:_identify(install) by extension 'ignore'
[0.114s] Level 1:colcon.colcon_core.package_identification:_identify(install) ignored
[0.114s] Level 1:colcon.colcon_core.package_identification:_identify(log) by extensions ['ignore', 'ignore_ament_install']
[0.114s] Level 1:colcon.colcon_core.package_identification:_identify(log) by extension 'ignore'
[0.114s] Level 1:colcon.colcon_core.package_identification:_identify(log) ignored
[0.114s] Level 1:colcon.colcon_core.package_identification:_identify(robot_ik) by extensions ['ignore', 'ignore_ament_install']
[0.114s] Level 1:colcon.colcon_core.package_identification:_identify(robot_ik) by extension 'ignore'
[0.114s] Level 1:colcon.colcon_core.package_identification:_identify(robot_ik) by extension 'ignore_ament_install'
[0.114s] Level 1:colcon.colcon_core.package_identification:_identify(robot_ik) by extensions ['colcon_pkg']
[0.114s] Level 1:colcon.colcon_core.package_identification:_identify(robot_ik) by extension 'colcon_pkg'
[0.114s] Level 1:colcon.colcon_core.package_identification:_identify(robot_ik) by extensions ['colcon_meta']
[0.114s] Level 1:colcon.colcon_core.package_identification:_identify(robot_ik) by extension 'colcon_meta'
[0.114s] Level 1:colcon.colcon_core.package_identification:_identify(robot_ik) by extensions ['ros']
[0.114s] Level 1:colcon.colcon_core.package_identification:_identify(robot_ik) by extension 'ros'
[0.116s] DEBUG:colcon.colcon_core.package_identification:Package 'robot_ik' with type 'ros.ament_python' and name 'robot_ik'
[0.116s] Level 1:colcon.colcon_core.package_identification:_identify(src) by extensions ['ignore', 'ignore_ament_install']
[0.116s] Level 1:colcon.colcon_core.package_identification:_identify(src) by extension 'ignore'
[0.116s] Level 1:colcon.colcon_core.package_identification:_identify(src) by extension 'ignore_ament_install'
[0.116s] Level 1:colcon.colcon_core.package_identification:_identify(src) by extensions ['colcon_pkg']
[0.116s] Level 1:colcon.colcon_core.package_identification:_identify(src) by extension 'colcon_pkg'
[0.116s] Level 1:colcon.colcon_core.package_identification:_identify(src) by extensions ['colcon_meta']
[0.116s] Level 1:colcon.colcon_core.package_identification:_identify(src) by extension 'colcon_meta'
[0.116s] Level 1:colcon.colcon_core.package_identification:_identify(src) by extensions ['ros']
[0.116s] Level 1:colcon.colcon_core.package_identification:_identify(src) by extension 'ros'
[0.116s] Level 1:colcon.colcon_core.package_identification:_identify(src) by extensions ['cmake', 'python']
[0.116s] Level 1:colcon.colcon_core.package_identification:_identify(src) by extension 'cmake'
[0.116s] Level 1:colcon.colcon_core.package_identification:_identify(src) by extension 'python'
[0.116s] Level 1:colcon.colcon_core.package_identification:_identify(src) by extensions ['python_setup_py']
[0.116s] Level 1:colcon.colcon_core.package_identification:_identify(src) by extension 'python_setup_py'
[0.116s] Level 1:colcon.colcon_core.package_identification:_identify(src/build) by extensions ['ignore', 'ignore_ament_install']
[0.116s] Level 1:colcon.colcon_core.package_identification:_identify(src/build) by extension 'ignore'
[0.116s] Level 1:colcon.colcon_core.package_identification:_identify(src/build) ignored
[0.116s] Level 1:colcon.colcon_core.package_identification:_identify(src/install) by extensions ['ignore', 'ignore_ament_install']
[0.116s] Level 1:colcon.colcon_core.package_identification:_identify(src/install) by extension 'ignore'
[0.116s] Level 1:colcon.colcon_core.package_identification:_identify(src/install) ignored
[0.116s] Level 1:colcon.colcon_core.package_identification:_identify(src/log) by extensions ['ignore', 'ignore_ament_install']
[0.116s] Level 1:colcon.colcon_core.package_identification:_identify(src/log) by extension 'ignore'
[0.116s] Level 1:colcon.colcon_core.package_identification:_identify(src/log) ignored
[0.116s] Level 1:colcon.colcon_core.package_identification:_identify(src/pubsub2) by extensions ['ignore', 'ignore_ament_install']
[0.116s] Level 1:colcon.colcon_core.package_identification:_identify(src/pubsub2) by extension 'ignore'
[0.116s] Level 1:colcon.colcon_core.package_identification:_identify(src/pubsub2) by extension 'ignore_ament_install'
[0.116s] Level 1:colcon.colcon_core.package_identification:_identify(src/pubsub2) by extensions ['colcon_pkg']
[0.117s] Level 1:colcon.colcon_core.package_identification:_identify(src/pubsub2) by extension 'colcon_pkg'
[0.117s] Level 1:colcon.colcon_core.package_identification:_identify(src/pubsub2) by extensions ['colcon_meta']
[0.117s] Level 1:colcon.colcon_core.package_identification:_identify(src/pubsub2) by extension 'colcon_meta'
[0.117s] Level 1:colcon.colcon_core.package_identification:_identify(src/pubsub2) by extensions ['ros']
[0.117s] Level 1:colcon.colcon_core.package_identification:_identify(src/pubsub2) by extension 'ros'
[0.117s] DEBUG:colcon.colcon_core.package_identification:Package 'src/pubsub2' with type 'ros.ament_python' and name 'pubsub2'
[0.117s] Level 1:colcon.colcon_core.package_identification:_identify(src/pubsub2_interfaces) by extensions ['ignore', 'ignore_ament_install']
[0.117s] Level 1:colcon.colcon_core.package_identification:_identify(src/pubsub2_interfaces) by extension 'ignore'
[0.117s] Level 1:colcon.colcon_core.package_identification:_identify(src/pubsub2_interfaces) by extension 'ignore_ament_install'
[0.117s] Level 1:colcon.colcon_core.package_identification:_identify(src/pubsub2_interfaces) by extensions ['colcon_pkg']
[0.117s] Level 1:colcon.colcon_core.package_identification:_identify(src/pubsub2_interfaces) by extension 'colcon_pkg'
[0.117s] Level 1:colcon.colcon_core.package_identification:_identify(src/pubsub2_interfaces) by extensions ['colcon_meta']
[0.117s] Level 1:colcon.colcon_core.package_identification:_identify(src/pubsub2_interfaces) by extension 'colcon_meta'
[0.117s] Level 1:colcon.colcon_core.package_identification:_identify(src/pubsub2_interfaces) by extensions ['ros']
[0.117s] Level 1:colcon.colcon_core.package_identification:_identify(src/pubsub2_interfaces) by extension 'ros'
[0.118s] DEBUG:colcon.colcon_core.package_identification:Package 'src/pubsub2_interfaces' with type 'ros.ament_cmake' and name 'pubsub2_interfaces'
[0.118s] Level 1:colcon.colcon_core.package_identification:_identify(src/ros2_tutorials) by extensions ['ignore', 'ignore_ament_install']
[0.118s] Level 1:colcon.colcon_core.package_identification:_identify(src/ros2_tutorials) by extension 'ignore'
[0.118s] Level 1:colcon.colcon_core.package_identification:_identify(src/ros2_tutorials) by extension 'ignore_ament_install'
[0.118s] Level 1:colcon.colcon_core.package_identification:_identify(src/ros2_tutorials) by extensions ['colcon_pkg']
[0.118s] Level 1:colcon.colcon_core.package_identification:_identify(src/ros2_tutorials) by extension 'colcon_pkg'
[0.118s] Level 1:colcon.colcon_core.package_identification:_identify(src/ros2_tutorials) by extensions ['colcon_meta']
[0.118s] Level 1:colcon.colcon_core.package_identification:_identify(src/ros2_tutorials) by extension 'colcon_meta'
[0.118s] Level 1:colcon.colcon_core.package_identification:_identify(src/ros2_tutorials) by extensions ['ros']
[0.118s] Level 1:colcon.colcon_core.package_identification:_identify(src/ros2_tutorials) by extension 'ros'
[0.118s] Level 1:colcon.colcon_core.package_identification:_identify(src/ros2_tutorials) by extensions ['cmake', 'python']
[0.118s] Level 1:colcon.colcon_core.package_identification:_identify(src/ros2_tutorials) by extension 'cmake'
[0.118s] Level 1:colcon.colcon_core.package_identification:_identify(src/ros2_tutorials) by extension 'python'
[0.118s] Level 1:colcon.colcon_core.package_identification:_identify(src/ros2_tutorials) by extensions ['python_setup_py']
[0.118s] Level 1:colcon.colcon_core.package_identification:_identify(src/ros2_tutorials) by extension 'python_setup_py'
[0.118s] Level 1:colcon.colcon_core.package_identification:_identify(src/ros2_tutorials/robot_description) by extensions ['ignore', 'ignore_ament_install']
[0.118s] Level 1:colcon.colcon_core.package_identification:_identify(src/ros2_tutorials/robot_description) by extension 'ignore'
[0.118s] Level 1:colcon.colcon_core.package_identification:_identify(src/ros2_tutorials/robot_description) by extension 'ignore_ament_install'
[0.118s] Level 1:colcon.colcon_core.package_identification:_identify(src/ros2_tutorials/robot_description) by extensions ['colcon_pkg']
[0.118s] Level 1:colcon.colcon_core.package_identification:_identify(src/ros2_tutorials/robot_description) by extension 'colcon_pkg'
[0.118s] Level 1:colcon.colcon_core.package_identification:_identify(src/ros2_tutorials/robot_description) by extensions ['colcon_meta']
[0.118s] Level 1:colcon.colcon_core.package_identification:_identify(src/ros2_tutorials/robot_description) by extension 'colcon_meta'
[0.118s] Level 1:colcon.colcon_core.package_identification:_identify(src/ros2_tutorials/robot_description) by extensions ['ros']
[0.118s] Level 1:colcon.colcon_core.package_identification:_identify(src/ros2_tutorials/robot_description) by extension 'ros'
[0.119s] DEBUG:colcon.colcon_core.package_identification:Package 'src/ros2_tutorials/robot_description' with type 'ros.ament_cmake' and name 'robot_description'
[0.119s] Level 1:colcon.colcon_core.package_identification:_identify(src/ros2_tutorials/robot_ik) by extensions ['ignore', 'ignore_ament_install']
[0.119s] Level 1:colcon.colcon_core.package_identification:_identify(src/ros2_tutorials/robot_ik) by extension 'ignore'
[0.119s] Level 1:colcon.colcon_core.package_identification:_identify(src/ros2_tutorials/robot_ik) by extension 'ignore_ament_install'
[0.119s] Level 1:colcon.colcon_core.package_identification:_identify(src/ros2_tutorials/robot_ik) by extensions ['colcon_pkg']
[0.119s] Level 1:colcon.colcon_core.package_identification:_identify(src/ros2_tutorials/robot_ik) by extension 'colcon_pkg'
[0.119s] Level 1:colcon.colcon_core.package_identification:_identify(src/ros2_tutorials/robot_ik) by extensions ['colcon_meta']
[0.119s] Level 1:colcon.colcon_core.package_identification:_identify(src/ros2_tutorials/robot_ik) by extension 'colcon_meta'
[0.119s] Level 1:colcon.colcon_core.package_identification:_identify(src/ros2_tutorials/robot_ik) by extensions ['ros']
[0.119s] Level 1:colcon.colcon_core.package_identification:_identify(src/ros2_tutorials/robot_ik) by extension 'ros'
[0.119s] Level 1:colcon.colcon_core.package_identification:_identify(src/ros2_tutorials/robot_ik) by extensions ['cmake', 'python']
[0.119s] Level 1:colcon.colcon_core.package_identification:_identify(src/ros2_tutorials/robot_ik) by extension 'cmake'
[0.119s] Level 1:colcon.colcon_core.package_identification:_identify(src/ros2_tutorials/robot_ik) by extension 'python'
[0.119s] Level 1:colcon.colcon_core.package_identification:_identify(src/ros2_tutorials/robot_ik) by extensions ['python_setup_py']
[0.119s] Level 1:colcon.colcon_core.package_identification:_identify(src/ros2_tutorials/robot_ik) by extension 'python_setup_py'
[0.119s] Level 1:colcon.colcon_core.package_identification:_identify(src/ros2_tutorials/robot_ik/robot_ik) by extensions ['ignore', 'ignore_ament_install']
[0.119s] Level 1:colcon.colcon_core.package_identification:_identify(src/ros2_tutorials/robot_ik/robot_ik) by extension 'ignore'
[0.119s] Level 1:colcon.colcon_core.package_identification:_identify(src/ros2_tutorials/robot_ik/robot_ik) by extension 'ignore_ament_install'
[0.119s] Level 1:colcon.colcon_core.package_identification:_identify(src/ros2_tutorials/robot_ik/robot_ik) by extensions ['colcon_pkg']
[0.119s] Level 1:colcon.colcon_core.package_identification:_identify(src/ros2_tutorials/robot_ik/robot_ik) by extension 'colcon_pkg'
[0.119s] Level 1:colcon.colcon_core.package_identification:_identify(src/ros2_tutorials/robot_ik/robot_ik) by extensions ['colcon_meta']
[0.119s] Level 1:colcon.colcon_core.package_identification:_identify(src/ros2_tutorials/robot_ik/robot_ik) by extension 'colcon_meta'
[0.119s] Level 1:colcon.colcon_core.package_identification:_identify(src/ros2_tutorials/robot_ik/robot_ik) by extensions ['ros']
[0.119s] Level 1:colcon.colcon_core.package_identification:_identify(src/ros2_tutorials/robot_ik/robot_ik) by extension 'ros'
[0.119s] Level 1:colcon.colcon_core.package_identification:_identify(src/ros2_tutorials/robot_ik/robot_ik) by extensions ['cmake', 'python']
[0.119s] Level 1:colcon.colcon_core.package_identification:_identify(src/ros2_tutorials/robot_ik/robot_ik) by extension 'cmake'
[0.119s] Level 1:colcon.colcon_core.package_identification:_identify(src/ros2_tutorials/robot_ik/robot_ik) by extension 'python'
[0.119s] Level 1:colcon.colcon_core.package_identification:_identify(src/ros2_tutorials/robot_ik/robot_ik) by extensions ['python_setup_py']
[0.119s] Level 1:colcon.colcon_core.package_identification:_identify(src/ros2_tutorials/robot_ik/robot_ik) by extension 'python_setup_py'
[0.119s] Level 1:colcon.colcon_core.package_identification:_identify(src/ros2_tutorials/visual_pubsub) by extensions ['ignore', 'ignore_ament_install']
[0.119s] Level 1:colcon.colcon_core.package_identification:_identify(src/ros2_tutorials/visual_pubsub) by extension 'ignore'
[0.119s] Level 1:colcon.colcon_core.package_identification:_identify(src/ros2_tutorials/visual_pubsub) by extension 'ignore_ament_install'
[0.120s] Level 1:colcon.colcon_core.package_identification:_identify(src/ros2_tutorials/visual_pubsub) by extensions ['colcon_pkg']
[0.120s] Level 1:colcon.colcon_core.package_identification:_identify(src/ros2_tutorials/visual_pubsub) by extension 'colcon_pkg'
[0.120s] Level 1:colcon.colcon_core.package_identification:_identify(src/ros2_tutorials/visual_pubsub) by extensions ['colcon_meta']
[0.120s] Level 1:colcon.colcon_core.package_identification:_identify(src/ros2_tutorials/visual_pubsub) by extension 'colcon_meta'
[0.120s] Level 1:colcon.colcon_core.package_identification:_identify(src/ros2_tutorials/visual_pubsub) by extensions ['ros']
[0.120s] Level 1:colcon.colcon_core.package_identification:_identify(src/ros2_tutorials/visual_pubsub) by extension 'ros'
[0.120s] DEBUG:colcon.colcon_core.package_identification:Package 'src/ros2_tutorials/visual_pubsub' with type 'ros.ament_python' and name 'visual_pubsub'
[0.120s] Level 1:colcon.colcon_core.package_discovery:discover_packages(recursive) using defaults
[0.120s] Level 1:colcon.colcon_core.package_discovery:discover_packages(ignore) discover
[0.120s] Level 1:colcon.colcon_core.package_discovery:discover_packages(ignore) using defaults
[0.120s] Level 1:colcon.colcon_core.package_discovery:discover_packages(path) discover
[0.120s] Level 1:colcon.colcon_core.package_discovery:discover_packages(path) using defaults
[0.133s] Level 1:colcon.colcon_core.package_discovery:discover_packages(prefix_path) check parameters
[0.133s] Level 1:colcon.colcon_core.package_discovery:discover_packages(prefix_path) discover
[0.134s] DEBUG:colcon.colcon_installed_package_information.package_discovery:Found 3 installed packages in /home/mariola/visual_ws/install
[0.134s] DEBUG:colcon.colcon_installed_package_information.package_discovery:Found 1 installed packages in /home/mariola/ws_robotica/install
[0.135s] DEBUG:colcon.colcon_installed_package_information.package_discovery:Found 289 installed packages in /opt/ros/jazzy
[0.136s] Level 1:colcon.colcon_core.package_discovery:discover_packages(prefix_path) using defaults
[0.161s] Level 5:colcon.colcon_core.verb:set package 'pubsub2_interfaces' build argument 'cmake_args' from command line to 'None'
[0.161s] Level 5:colcon.colcon_core.verb:set package 'pubsub2_interfaces' build argument 'cmake_target' from command line to 'None'
[0.161s] Level 5:colcon.colcon_core.verb:set package 'pubsub2_interfaces' build argument 'cmake_target_skip_unavailable' from command line to 'False'
[0.161s] Level 5:colcon.colcon_core.verb:set package 'pubsub2_interfaces' build argument 'cmake_clean_cache' from command line to 'False'
[0.161s] Level 5:colcon.colcon_core.verb:set package 'pubsub2_interfaces' build argument 'cmake_clean_first' from command line to 'False'
[0.161s] Level 5:colcon.colcon_core.verb:set package 'pubsub2_interfaces' build argument 'cmake_force_configure' from command line to 'False'
[0.161s] Level 5:colcon.colcon_core.verb:set package 'pubsub2_interfaces' build argument 'ament_cmake_args' from command line to 'None'
[0.161s] Level 5:colcon.colcon_core.verb:set package 'pubsub2_interfaces' build argument 'catkin_cmake_args' from command line to 'None'
[0.161s] Level 5:colcon.colcon_core.verb:set package 'pubsub2_interfaces' build argument 'catkin_skip_building_tests' from command line to 'False'
[0.161s] DEBUG:colcon.colcon_core.verb:Building package 'pubsub2_interfaces' with the following arguments: {'ament_cmake_args': None, 'build_base': '/home/mariola/visual_ws/build/pubsub2_interfaces', 'catkin_cmake_args': None, 'catkin_skip_building_tests': False, 'cmake_args': None, 'cmake_clean_cache': False, 'cmake_clean_first': False, 'cmake_force_configure': False, 'cmake_target': None, 'cmake_target_skip_unavailable': False, 'install_base': '/home/mariola/visual_ws/install/pubsub2_interfaces', 'merge_install': False, 'path': '/home/mariola/visual_ws/src/pubsub2_interfaces', 'symlink_install': False, 'test_result_base': None}
[0.161s] Level 5:colcon.colcon_core.verb:set package 'robot_description' build argument 'cmake_args' from command line to 'None'
[0.161s] Level 5:colcon.colcon_core.verb:set package 'robot_description' build argument 'cmake_target' from command line to 'None'
[0.161s] Level 5:colcon.colcon_core.verb:set package 'robot_description' build argument 'cmake_target_skip_unavailable' from command line to 'False'
[0.161s] Level 5:colcon.colcon_core.verb:set package 'robot_description' build argument 'cmake_clean_cache' from command line to 'False'
[0.161s] Level 5:colcon.colcon_core.verb:set package 'robot_description' build argument 'cmake_clean_first' from command line to 'False'
[0.161s] Level 5:colcon.colcon_core.verb:set package 'robot_description' build argument 'cmake_force_configure' from command line to 'False'
[0.161s] Level 5:colcon.colcon_core.verb:set package 'robot_description' build argument 'ament_cmake_args' from command line to 'None'
[0.161s] Level 5:colcon.colcon_core.verb:set package 'robot_description' build argument 'catkin_cmake_args' from command line to 'None'
[0.161s] Level 5:colcon.colcon_core.verb:set package 'robot_description' build argument 'catkin_skip_building_tests' from command line to 'False'
[0.161s] DEBUG:colcon.colcon_core.verb:Building package 'robot_description' with the following arguments: {'ament_cmake_args': None, 'build_base': '/home/mariola/visual_ws/build/robot_description', 'catkin_cmake_args': None, 'catkin_skip_building_tests': False, 'cmake_args': None, 'cmake_clean_cache': False, 'cmake_clean_first': False, 'cmake_force_configure': False, 'cmake_target': None, 'cmake_target_skip_unavailable': False, 'install_base': '/home/mariola/visual_ws/install/robot_description', 'merge_install': False, 'path': '/home/mariola/visual_ws/src/ros2_tutorials/robot_description', 'symlink_install': False, 'test_result_base': None}
[0.162s] Level 5:colcon.colcon_core.verb:set package 'robot_ik' build argument 'cmake_args' from command line to 'None'
[0.162s] Level 5:colcon.colcon_core.verb:set package 'robot_ik' build argument 'cmake_target' from command line to 'None'
[0.162s] Level 5:colcon.colcon_core.verb:set package 'robot_ik' build argument 'cmake_target_skip_unavailable' from command line to 'False'
[0.162s] Level 5:colcon.colcon_core.verb:set package 'robot_ik' build argument 'cmake_clean_cache' from command line to 'False'
[0.162s] Level 5:colcon.colcon_core.verb:set package 'robot_ik' build argument 'cmake_clean_first' from command line to 'False'
[0.162s] Level 5:colcon.colcon_core.verb:set package 'robot_ik' build argument 'cmake_force_configure' from command line to 'False'
[0.162s] Level 5:colcon.colcon_core.verb:set package 'robot_ik' build argument 'ament_cmake_args' from command line to 'None'
[0.162s] Level 5:colcon.colcon_core.verb:set package 'robot_ik' build argument 'catkin_cmake_args' from command line to 'None'
[0.162s] Level 5:colcon.colcon_core.verb:set package 'robot_ik' build argument 'catkin_skip_building_tests' from command line to 'False'
[0.162s] DEBUG:colcon.colcon_core.verb:Building package 'robot_ik' with the following arguments: {'ament_cmake_args': None, 'build_base': '/home/mariola/visual_ws/build/robot_ik', 'catkin_cmake_args': None, 'catkin_skip_building_tests': False, 'cmake_args': None, 'cmake_clean_cache': False, 'cmake_clean_first': False, 'cmake_force_configure': False, 'cmake_target': None, 'cmake_target_skip_unavailable': False, 'install_base': '/home/mariola/visual_ws/install/robot_ik', 'merge_install': False, 'path': '/home/mariola/visual_ws/robot_ik', 'symlink_install': False, 'test_result_base': None}
[0.162s] Level 5:colcon.colcon_core.verb:set package 'visual_pubsub' build argument 'cmake_args' from command line to 'None'
[0.162s] Level 5:colcon.colcon_core.verb:set package 'visual_pubsub' build argument 'cmake_target' from command line to 'None'
[0.162s] Level 5:colcon.colcon_core.verb:set package 'visual_pubsub' build argument 'cmake_target_skip_unavailable' from command line to 'False'
[0.162s] Level 5:colcon.colcon_core.verb:set package 'visual_pubsub' build argument 'cmake_clean_cache' from command line to 'False'
[0.162s] Level 5:colcon.colcon_core.verb:set package 'visual_pubsub' build argument 'cmake_clean_first' from command line to 'False'
[0.162s] Level 5:colcon.colcon_core.verb:set package 'visual_pubsub' build argument 'cmake_force_configure' from command line to 'False'
[0.162s] Level 5:colcon.colcon_core.verb:set package 'visual_pubsub' build argument 'ament_cmake_args' from command line to 'None'
[0.162s] Level 5:colcon.colcon_core.verb:set package 'visual_pubsub' build argument 'catkin_cmake_args' from command line to 'None'
[0.162s] Level 5:colcon.colcon_core.verb:set package 'visual_pubsub' build argument 'catkin_skip_building_tests' from command line to 'False'
[0.162s] DEBUG:colcon.colcon_core.verb:Building package 'visual_pubsub' with the following arguments: {'ament_cmake_args': None, 'build_base': '/home/mariola/visual_ws/build/visual_pubsub', 'catkin_cmake_args': None, 'catkin_skip_building_tests': False, 'cmake_args': None, 'cmake_clean_cache': False, 'cmake_clean_first': False, 'cmake_force_configure': False, 'cmake_target': None, 'cmake_target_skip_unavailable': False, 'install_base': '/home/mariola/visual_ws/install/visual_pubsub', 'merge_install': False, 'path': '/home/mariola/visual_ws/src/ros2_tutorials/visual_pubsub', 'symlink_install': False, 'test_result_base': None}
[0.162s] Level 5:colcon.colcon_core.verb:set package 'pubsub2' build argument 'cmake_args' from command line to 'None'
[0.162s] Level 5:colcon.colcon_core.verb:set package 'pubsub2' build argument 'cmake_target' from command line to 'None'
[0.162s] Level 5:colcon.colcon_core.verb:set package 'pubsub2' build argument 'cmake_target_skip_unavailable' from command line to 'False'
[0.162s] Level 5:colcon.colcon_core.verb:set package 'pubsub2' build argument 'cmake_clean_cache' from command line to 'False'
[0.162s] Level 5:colcon.colcon_core.verb:set package 'pubsub2' build argument 'cmake_clean_first' from command line to 'False'
[0.162s] Level 5:colcon.colcon_core.verb:set package 'pubsub2' build argument 'cmake_force_configure' from command line to 'False'
[0.162s] Level 5:colcon.colcon_core.verb:set package 'pubsub2' build argument 'ament_cmake_args' from command line to 'None'
[0.162s] Level 5:colcon.colcon_core.verb:set package 'pubsub2' build argument 'catkin_cmake_args' from command line to 'None'
[0.162s] Level 5:colcon.colcon_core.verb:set package 'pubsub2' build argument 'catkin_skip_building_tests' from command line to 'False'
[0.162s] DEBUG:colcon.colcon_core.verb:Building package 'pubsub2' with the following arguments: {'ament_cmake_args': None, 'build_base': '/home/mariola/visual_ws/build/pubsub2', 'catkin_cmake_args': None, 'catkin_skip_building_tests': False, 'cmake_args': None, 'cmake_clean_cache': False, 'cmake_clean_first': False, 'cmake_force_configure': False, 'cmake_target': None, 'cmake_target_skip_unavailable': False, 'install_base': '/home/mariola/visual_ws/install/pubsub2', 'merge_install': False, 'path': '/home/mariola/visual_ws/src/pubsub2', 'symlink_install': False, 'test_result_base': None}
[0.162s] INFO:colcon.colcon_core.executor:Executing jobs using 'parallel' executor
[0.163s] DEBUG:colcon.colcon_parallel_executor.executor.parallel:run_until_complete
[0.163s] INFO:colcon.colcon_ros.task.ament_cmake.build:Building ROS package in '/home/mariola/visual_ws/src/pubsub2_interfaces' with build type 'ament_cmake'
[0.163s] INFO:colcon.colcon_cmake.task.cmake.build:Building CMake package in '/home/mariola/visual_ws/src/pubsub2_interfaces'
[0.165s] INFO:colcon.colcon_core.plugin_system:Skipping extension 'colcon_core.shell.bat': Not used on non-Windows systems
[0.165s] INFO:colcon.colcon_core.shell:Skip shell extension 'powershell' for command environment: Not usable outside of PowerShell
[0.165s] DEBUG:colcon.colcon_core.shell:Skip shell extension 'dsv' for command environment
[0.168s] INFO:colcon.colcon_ros.task.ament_cmake.build:Building ROS package in '/home/mariola/visual_ws/src/ros2_tutorials/robot_description' with build type 'ament_cmake'
[0.168s] INFO:colcon.colcon_cmake.task.cmake.build:Building CMake package in '/home/mariola/visual_ws/src/ros2_tutorials/robot_description'
[0.168s] INFO:colcon.colcon_core.shell:Skip shell extension 'powershell' for command environment: Not usable outside of PowerShell
[0.168s] DEBUG:colcon.colcon_core.shell:Skip shell extension 'dsv' for command environment
[0.170s] INFO:colcon.colcon_ros.task.ament_python.build:Building ROS package in '/home/mariola/visual_ws/robot_ik' with build type 'ament_python'
[0.170s] Level 1:colcon.colcon_core.shell:create_environment_hook('robot_ik', 'ament_prefix_path')
[0.170s] INFO:colcon.colcon_core.shell:Creating environment hook '/home/mariola/visual_ws/install/robot_ik/share/robot_ik/hook/ament_prefix_path.ps1'
[0.171s] INFO:colcon.colcon_core.shell:Creating environment descriptor '/home/mariola/visual_ws/install/robot_ik/share/robot_ik/hook/ament_prefix_path.dsv'
[0.171s] INFO:colcon.colcon_core.shell:Creating environment hook '/home/mariola/visual_ws/install/robot_ik/share/robot_ik/hook/ament_prefix_path.sh'
[0.171s] INFO:colcon.colcon_core.shell:Skip shell extension 'powershell' for command environment: Not usable outside of PowerShell
[0.171s] DEBUG:colcon.colcon_core.shell:Skip shell extension 'dsv' for command environment
[0.173s] INFO:colcon.colcon_ros.task.ament_python.build:Building ROS package in '/home/mariola/visual_ws/src/ros2_tutorials/visual_pubsub' with build type 'ament_python'
[0.173s] Level 1:colcon.colcon_core.shell:create_environment_hook('visual_pubsub', 'ament_prefix_path')
[0.173s] INFO:colcon.colcon_core.shell:Creating environment hook '/home/mariola/visual_ws/install/visual_pubsub/share/visual_pubsub/hook/ament_prefix_path.ps1'
[0.174s] INFO:colcon.colcon_core.shell:Creating environment descriptor '/home/mariola/visual_ws/install/visual_pubsub/share/visual_pubsub/hook/ament_prefix_path.dsv'
[0.174s] INFO:colcon.colcon_core.shell:Creating environment hook '/home/mariola/visual_ws/install/visual_pubsub/share/visual_pubsub/hook/ament_prefix_path.sh'
[0.174s] INFO:colcon.colcon_core.shell:Skip shell extension 'powershell' for command environment: Not usable outside of PowerShell
[0.174s] DEBUG:colcon.colcon_core.shell:Skip shell extension 'dsv' for command environment
[0.181s] DEBUG:colcon.colcon_core.event_handler.log_command:Invoking command in '/home/mariola/visual_ws/build/pubsub2_interfaces': CMAKE_PREFIX_PATH=${CMAKE_PREFIX_PATH}:/home/mariola/visual_ws/install/visual_pubsub:/home/mariola/visual_ws/install/robot_ik:/opt/ros/jazzy DEBUGINFOD_URLS=https://debuginfod.ubuntu.com /usr/bin/cmake /home/mariola/visual_ws/src/pubsub2_interfaces -DCMAKE_INSTALL_PREFIX=/home/mariola/visual_ws/install/pubsub2_interfaces
[0.182s] DEBUG:colcon.colcon_core.event_handler.log_command:Invoking command in '/home/mariola/visual_ws/build/robot_description': CMAKE_PREFIX_PATH=${CMAKE_PREFIX_PATH}:/home/mariola/visual_ws/install/visual_pubsub:/home/mariola/visual_ws/install/robot_ik:/opt/ros/jazzy DEBUGINFOD_URLS=https://debuginfod.ubuntu.com /usr/bin/cmake --build /home/mariola/visual_ws/build/robot_description -- -j12 -l12
[0.335s] INFO:colcon.colcon_core.task.python.build:Building Python package in '/home/mariola/visual_ws/robot_ik'
[0.335s] INFO:colcon.colcon_core.shell:Skip shell extension 'powershell' for command environment: Not usable outside of PowerShell
[0.335s] DEBUG:colcon.colcon_core.shell:Skip shell extension 'dsv' for command environment
[0.341s] DEBUG:colcon.colcon_core.event_handler.log_command:Invoked command in '/home/mariola/visual_ws/build/robot_description' returned '0': CMAKE_PREFIX_PATH=${CMAKE_PREFIX_PATH}:/home/mariola/visual_ws/install/visual_pubsub:/home/mariola/visual_ws/install/robot_ik:/opt/ros/jazzy DEBUGINFOD_URLS=https://debuginfod.ubuntu.com /usr/bin/cmake --build /home/mariola/visual_ws/build/robot_description -- -j12 -l12
[0.349s] DEBUG:colcon.colcon_core.event_handler.log_command:Invoking command in '/home/mariola/visual_ws/build/robot_description': CMAKE_PREFIX_PATH=${CMAKE_PREFIX_PATH}:/home/mariola/visual_ws/install/visual_pubsub:/home/mariola/visual_ws/install/robot_ik:/opt/ros/jazzy DEBUGINFOD_URLS=https://debuginfod.ubuntu.com /usr/bin/cmake --install /home/mariola/visual_ws/build/robot_description
[0.493s] INFO:colcon.colcon_core.task.python.build:Building Python package in '/home/mariola/visual_ws/src/ros2_tutorials/visual_pubsub'
[0.493s] INFO:colcon.colcon_core.shell:Skip shell extension 'powershell' for command environment: Not usable outside of PowerShell
[0.493s] DEBUG:colcon.colcon_core.shell:Skip shell extension 'dsv' for command environment
[0.500s] Level 1:colcon.colcon_core.environment:create_environment_scripts_only(robot_description)
[0.503s] Level 1:colcon.colcon_core.environment:checking '/home/mariola/visual_ws/install/robot_description' for CMake module files
[0.504s] Level 1:colcon.colcon_core.environment:checking '/home/mariola/visual_ws/install/robot_description' for CMake config files
[0.504s] Level 1:colcon.colcon_core.shell:create_environment_hook('robot_description', 'cmake_prefix_path')
[0.505s] INFO:colcon.colcon_core.shell:Creating environment hook '/home/mariola/visual_ws/install/robot_description/share/robot_description/hook/cmake_prefix_path.ps1'
[0.505s] INFO:colcon.colcon_core.shell:Creating environment descriptor '/home/mariola/visual_ws/install/robot_description/share/robot_description/hook/cmake_prefix_path.dsv'
[0.506s] INFO:colcon.colcon_core.shell:Creating environment hook '/home/mariola/visual_ws/install/robot_description/share/robot_description/hook/cmake_prefix_path.sh'
[0.506s] DEBUG:colcon.colcon_core.event_handler.log_command:Invoked command in '/home/mariola/visual_ws/build/robot_description' returned '0': CMAKE_PREFIX_PATH=${CMAKE_PREFIX_PATH}:/home/mariola/visual_ws/install/visual_pubsub:/home/mariola/visual_ws/install/robot_ik:/opt/ros/jazzy DEBUGINFOD_URLS=https://debuginfod.ubuntu.com /usr/bin/cmake --install /home/mariola/visual_ws/build/robot_description
[0.506s] Level 1:colcon.colcon_core.environment:checking '/home/mariola/visual_ws/install/robot_description/bin'
[0.506s] Level 1:colcon.colcon_core.environment:checking '/home/mariola/visual_ws/install/robot_description/lib/pkgconfig/robot_description.pc'
[0.506s] Level 1:colcon.colcon_core.environment:checking '/home/mariola/visual_ws/install/robot_description/lib/python3.12/site-packages'
[0.507s] Level 1:colcon.colcon_core.environment:checking '/home/mariola/visual_ws/install/robot_description/bin'
[0.507s] INFO:colcon.colcon_core.shell:Creating package script '/home/mariola/visual_ws/install/robot_description/share/robot_description/package.ps1'
[0.507s] INFO:colcon.colcon_core.shell:Creating package descriptor '/home/mariola/visual_ws/install/robot_description/share/robot_description/package.dsv'
[0.507s] INFO:colcon.colcon_core.shell:Creating package script '/home/mariola/visual_ws/install/robot_description/share/robot_description/package.sh'
[0.508s] INFO:colcon.colcon_core.shell:Creating package script '/home/mariola/visual_ws/install/robot_description/share/robot_description/package.bash'
[0.508s] INFO:colcon.colcon_core.shell:Creating package script '/home/mariola/visual_ws/install/robot_description/share/robot_description/package.zsh'
[0.509s] Level 1:colcon.colcon_core.environment:create_file_with_runtime_dependencies(/home/mariola/visual_ws/install/robot_description/share/colcon-core/packages/robot_description)
[0.509s] Level 1:colcon.colcon_core.environment:create_environment_scripts_only(robot_description)
[0.509s] Level 1:colcon.colcon_core.environment:checking '/home/mariola/visual_ws/install/robot_description' for CMake module files
[0.509s] Level 1:colcon.colcon_core.environment:checking '/home/mariola/visual_ws/install/robot_description' for CMake config files
[0.509s] Level 1:colcon.colcon_core.shell:create_environment_hook('robot_description', 'cmake_prefix_path')
[0.510s] INFO:colcon.colcon_core.shell:Creating environment hook '/home/mariola/visual_ws/install/robot_description/share/robot_description/hook/cmake_prefix_path.ps1'
[0.510s] INFO:colcon.colcon_core.shell:Creating environment descriptor '/home/mariola/visual_ws/install/robot_description/share/robot_description/hook/cmake_prefix_path.dsv'
[0.510s] INFO:colcon.colcon_core.shell:Creating environment hook '/home/mariola/visual_ws/install/robot_description/share/robot_description/hook/cmake_prefix_path.sh'
[0.510s] Level 1:colcon.colcon_core.environment:checking '/home/mariola/visual_ws/install/robot_description/bin'
[0.510s] Level 1:colcon.colcon_core.environment:checking '/home/mariola/visual_ws/install/robot_description/lib/pkgconfig/robot_description.pc'
[0.511s] Level 1:colcon.colcon_core.environment:checking '/home/mariola/visual_ws/install/robot_description/lib/python3.12/site-packages'
[0.511s] Level 1:colcon.colcon_core.environment:checking '/home/mariola/visual_ws/install/robot_description/bin'
[0.511s] INFO:colcon.colcon_core.shell:Creating package script '/home/mariola/visual_ws/install/robot_description/share/robot_description/package.ps1'
[0.511s] INFO:colcon.colcon_core.shell:Creating package descriptor '/home/mariola/visual_ws/install/robot_description/share/robot_description/package.dsv'
[0.511s] INFO:colcon.colcon_core.shell:Creating package script '/home/mariola/visual_ws/install/robot_description/share/robot_description/package.sh'
[0.512s] INFO:colcon.colcon_core.shell:Creating package script '/home/mariola/visual_ws/install/robot_description/share/robot_description/package.bash'
[0.512s] INFO:colcon.colcon_core.shell:Creating package script '/home/mariola/visual_ws/install/robot_description/share/robot_description/package.zsh'
[0.512s] Level 1:colcon.colcon_core.environment:create_file_with_runtime_dependencies(/home/mariola/visual_ws/install/robot_description/share/colcon-core/packages/robot_description)
[0.893s] DEBUG:colcon.colcon_core.event_handler.log_command:Invoking command in '/home/mariola/visual_ws/robot_ik': DEBUGINFOD_URLS=https://debuginfod.ubuntu.com PYTHONPATH=/home/mariola/visual_ws/build/robot_ik/prefix_override:/usr/lib/python3/dist-packages/colcon_core/task/python/colcon_distutils_commands:/home/mariola/visual_ws/install/robot_ik/lib/python3.12/site-packages:${PYTHONPATH} /usr/bin/python3 -W ignore:setup.py install is deprecated -W ignore:easy_install command is deprecated setup.py egg_info --egg-base ../build/robot_ik build --build-base /home/mariola/visual_ws/build/robot_ik/build install --record /home/mariola/visual_ws/build/robot_ik/install.log --single-version-externally-managed install_data
[0.906s] DEBUG:colcon.colcon_core.event_handler.log_command:Invoking command in '/home/mariola/visual_ws/src/ros2_tutorials/visual_pubsub': DEBUGINFOD_URLS=https://debuginfod.ubuntu.com PYTHONPATH=/home/mariola/visual_ws/build/visual_pubsub/prefix_override:/usr/lib/python3/dist-packages/colcon_core/task/python/colcon_distutils_commands:/home/mariola/visual_ws/install/visual_pubsub/lib/python3.12/site-packages:${PYTHONPATH} /usr/bin/python3 -W ignore:setup.py install is deprecated -W ignore:easy_install command is deprecated setup.py egg_info --egg-base ../../../build/visual_pubsub build --build-base /home/mariola/visual_ws/build/visual_pubsub/build install --record /home/mariola/visual_ws/build/visual_pubsub/install.log --single-version-externally-managed install_data
[1.261s] Level 1:colcon.colcon_core.environment:checking '/home/mariola/visual_ws/install/robot_ik' for CMake module files
[1.262s] DEBUG:colcon.colcon_core.event_handler.log_command:Invoked command in '/home/mariola/visual_ws/robot_ik' returned '0': DEBUGINFOD_URLS=https://debuginfod.ubuntu.com PYTHONPATH=/home/mariola/visual_ws/build/robot_ik/prefix_override:/usr/lib/python3/dist-packages/colcon_core/task/python/colcon_distutils_commands:/home/mariola/visual_ws/install/robot_ik/lib/python3.12/site-packages:${PYTHONPATH} /usr/bin/python3 -W ignore:setup.py install is deprecated -W ignore:easy_install command is deprecated setup.py egg_info --egg-base ../build/robot_ik build --build-base /home/mariola/visual_ws/build/robot_ik/build install --record /home/mariola/visual_ws/build/robot_ik/install.log --single-version-externally-managed install_data
[1.262s] Level 1:colcon.colcon_core.environment:checking '/home/mariola/visual_ws/install/robot_ik' for CMake config files
[1.263s] Level 1:colcon.colcon_core.environment:checking '/home/mariola/visual_ws/install/robot_ik/lib'
[1.263s] Level 1:colcon.colcon_core.environment:checking '/home/mariola/visual_ws/install/robot_ik/bin'
[1.263s] Level 1:colcon.colcon_core.environment:checking '/home/mariola/visual_ws/install/robot_ik/lib/pkgconfig/robot_ik.pc'
[1.263s] Level 1:colcon.colcon_core.environment:checking '/home/mariola/visual_ws/install/robot_ik/lib/python3.12/site-packages'
[1.263s] Level 1:colcon.colcon_core.shell:create_environment_hook('robot_ik', 'pythonpath')
[1.263s] INFO:colcon.colcon_core.shell:Creating environment hook '/home/mariola/visual_ws/install/robot_ik/share/robot_ik/hook/pythonpath.ps1'
[1.264s] INFO:colcon.colcon_core.shell:Creating environment descriptor '/home/mariola/visual_ws/install/robot_ik/share/robot_ik/hook/pythonpath.dsv'
[1.264s] INFO:colcon.colcon_core.shell:Creating environment hook '/home/mariola/visual_ws/install/robot_ik/share/robot_ik/hook/pythonpath.sh'
[1.265s] Level 1:colcon.colcon_core.environment:checking '/home/mariola/visual_ws/install/robot_ik/bin'
[1.265s] Level 1:colcon.colcon_core.environment:create_environment_scripts_only(robot_ik)
[1.265s] INFO:colcon.colcon_core.shell:Creating package script '/home/mariola/visual_ws/install/robot_ik/share/robot_ik/package.ps1'
[1.265s] INFO:colcon.colcon_core.shell:Creating package descriptor '/home/mariola/visual_ws/install/robot_ik/share/robot_ik/package.dsv'
[1.266s] INFO:colcon.colcon_core.shell:Creating package script '/home/mariola/visual_ws/install/robot_ik/share/robot_ik/package.sh'
[1.266s] INFO:colcon.colcon_core.shell:Creating package script '/home/mariola/visual_ws/install/robot_ik/share/robot_ik/package.bash'
[1.266s] INFO:colcon.colcon_core.shell:Creating package script '/home/mariola/visual_ws/install/robot_ik/share/robot_ik/package.zsh'
[1.266s] Level 1:colcon.colcon_core.environment:create_file_with_runtime_dependencies(/home/mariola/visual_ws/install/robot_ik/share/colcon-core/packages/robot_ik)
[1.267s] Level 1:colcon.colcon_core.environment:checking '/home/mariola/visual_ws/install/visual_pubsub' for CMake module files
[1.268s] Level 1:colcon.colcon_core.environment:checking '/home/mariola/visual_ws/install/visual_pubsub' for CMake config files
[1.268s] DEBUG:colcon.colcon_core.event_handler.log_command:Invoked command in '/home/mariola/visual_ws/src/ros2_tutorials/visual_pubsub' returned '0': DEBUGINFOD_URLS=https://debuginfod.ubuntu.com PYTHONPATH=/home/mariola/visual_ws/build/visual_pubsub/prefix_override:/usr/lib/python3/dist-packages/colcon_core/task/python/colcon_distutils_commands:/home/mariola/visual_ws/install/visual_pubsub/lib/python3.12/site-packages:${PYTHONPATH} /usr/bin/python3 -W ignore:setup.py install is deprecated -W ignore:easy_install command is deprecated setup.py egg_info --egg-base ../../../build/visual_pubsub build --build-base /home/mariola/visual_ws/build/visual_pubsub/build install --record /home/mariola/visual_ws/build/visual_pubsub/install.log --single-version-externally-managed install_data
[1.269s] Level 1:colcon.colcon_core.environment:checking '/home/mariola/visual_ws/install/visual_pubsub/lib'
[1.269s] Level 1:colcon.colcon_core.environment:checking '/home/mariola/visual_ws/install/visual_pubsub/bin'
[1.269s] Level 1:colcon.colcon_core.environment:checking '/home/mariola/visual_ws/install/visual_pubsub/lib/pkgconfig/visual_pubsub.pc'
[1.269s] Level 1:colcon.colcon_core.environment:checking '/home/mariola/visual_ws/install/visual_pubsub/lib/python3.12/site-packages'
[1.269s] Level 1:colcon.colcon_core.shell:create_environment_hook('visual_pubsub', 'pythonpath')
[1.269s] INFO:colcon.colcon_core.shell:Creating environment hook '/home/mariola/visual_ws/install/visual_pubsub/share/visual_pubsub/hook/pythonpath.ps1'
[1.269s] INFO:colcon.colcon_core.shell:Creating environment descriptor '/home/mariola/visual_ws/install/visual_pubsub/share/visual_pubsub/hook/pythonpath.dsv'
[1.270s] INFO:colcon.colcon_core.shell:Creating environment hook '/home/mariola/visual_ws/install/visual_pubsub/share/visual_pubsub/hook/pythonpath.sh'
[1.270s] Level 1:colcon.colcon_core.environment:checking '/home/mariola/visual_ws/install/visual_pubsub/bin'
[1.270s] Level 1:colcon.colcon_core.environment:create_environment_scripts_only(visual_pubsub)
[1.270s] INFO:colcon.colcon_core.shell:Creating package script '/home/mariola/visual_ws/install/visual_pubsub/share/visual_pubsub/package.ps1'
[1.271s] INFO:colcon.colcon_core.shell:Creating package descriptor '/home/mariola/visual_ws/install/visual_pubsub/share/visual_pubsub/package.dsv'
[1.271s] INFO:colcon.colcon_core.shell:Creating package script '/home/mariola/visual_ws/install/visual_pubsub/share/visual_pubsub/package.sh'
[1.271s] INFO:colcon.colcon_core.shell:Creating package script '/home/mariola/visual_ws/install/visual_pubsub/share/visual_pubsub/package.bash'
[1.272s] INFO:colcon.colcon_core.shell:Creating package script '/home/mariola/visual_ws/install/visual_pubsub/share/visual_pubsub/package.zsh'
[1.272s] Level 1:colcon.colcon_core.environment:create_file_with_runtime_dependencies(/home/mariola/visual_ws/install/visual_pubsub/share/colcon-core/packages/visual_pubsub)
[2.809s] DEBUG:colcon.colcon_core.event_handler.log_command:Invoked command in '/home/mariola/visual_ws/build/pubsub2_interfaces' returned '0': CMAKE_PREFIX_PATH=${CMAKE_PREFIX_PATH}:/home/mariola/visual_ws/install/visual_pubsub:/home/mariola/visual_ws/install/robot_ik:/opt/ros/jazzy DEBUGINFOD_URLS=https://debuginfod.ubuntu.com /usr/bin/cmake /home/mariola/visual_ws/src/pubsub2_interfaces -DCMAKE_INSTALL_PREFIX=/home/mariola/visual_ws/install/pubsub2_interfaces
[2.809s] DEBUG:colcon.colcon_core.event_handler.log_command:Invoking command in '/home/mariola/visual_ws/build/pubsub2_interfaces': CMAKE_PREFIX_PATH=${CMAKE_PREFIX_PATH}:/home/mariola/visual_ws/install/visual_pubsub:/home/mariola/visual_ws/install/robot_ik:/opt/ros/jazzy DEBUGINFOD_URLS=https://debuginfod.ubuntu.com /usr/bin/cmake --build /home/mariola/visual_ws/build/pubsub2_interfaces -- -j12 -l12
[4.472s] DEBUG:colcon.colcon_core.event_handler.log_command:Invoked command in '/home/mariola/visual_ws/build/pubsub2_interfaces' returned '0': CMAKE_PREFIX_PATH=${CMAKE_PREFIX_PATH}:/home/mariola/visual_ws/install/visual_pubsub:/home/mariola/visual_ws/install/robot_ik:/opt/ros/jazzy DEBUGINFOD_URLS=https://debuginfod.ubuntu.com /usr/bin/cmake --build /home/mariola/visual_ws/build/pubsub2_interfaces -- -j12 -l12
[4.473s] DEBUG:colcon.colcon_core.event_handler.log_command:Invoking command in '/home/mariola/visual_ws/build/pubsub2_interfaces': CMAKE_PREFIX_PATH=${CMAKE_PREFIX_PATH}:/home/mariola/visual_ws/install/visual_pubsub:/home/mariola/visual_ws/install/robot_ik:/opt/ros/jazzy DEBUGINFOD_URLS=https://debuginfod.ubuntu.com /usr/bin/cmake --install /home/mariola/visual_ws/build/pubsub2_interfaces
[4.522s] Level 1:colcon.colcon_core.environment:create_environment_scripts_only(pubsub2_interfaces)
[4.523s] Level 1:colcon.colcon_core.environment:checking '/home/mariola/visual_ws/install/pubsub2_interfaces' for CMake module files
[4.524s] DEBUG:colcon.colcon_core.event_handler.log_command:Invoked command in '/home/mariola/visual_ws/build/pubsub2_interfaces' returned '0': CMAKE_PREFIX_PATH=${CMAKE_PREFIX_PATH}:/home/mariola/visual_ws/install/visual_pubsub:/home/mariola/visual_ws/install/robot_ik:/opt/ros/jazzy DEBUGINFOD_URLS=https://debuginfod.ubuntu.com /usr/bin/cmake --install /home/mariola/visual_ws/build/pubsub2_interfaces
[4.524s] Level 1:colcon.colcon_core.environment:checking '/home/mariola/visual_ws/install/pubsub2_interfaces' for CMake config files
[4.524s] Level 1:colcon.colcon_core.shell:create_environment_hook('pubsub2_interfaces', 'cmake_prefix_path')
[4.524s] INFO:colcon.colcon_core.shell:Creating environment hook '/home/mariola/visual_ws/install/pubsub2_interfaces/share/pubsub2_interfaces/hook/cmake_prefix_path.ps1'
[4.525s] INFO:colcon.colcon_core.shell:Creating environment descriptor '/home/mariola/visual_ws/install/pubsub2_interfaces/share/pubsub2_interfaces/hook/cmake_prefix_path.dsv'
[4.525s] INFO:colcon.colcon_core.shell:Creating environment hook '/home/mariola/visual_ws/install/pubsub2_interfaces/share/pubsub2_interfaces/hook/cmake_prefix_path.sh'
[4.525s] Level 1:colcon.colcon_core.environment:checking '/home/mariola/visual_ws/install/pubsub2_interfaces/lib'
[4.525s] Level 1:colcon.colcon_core.shell:create_environment_hook('pubsub2_interfaces', 'ld_library_path_lib')
[4.525s] INFO:colcon.colcon_core.shell:Creating environment hook '/home/mariola/visual_ws/install/pubsub2_interfaces/share/pubsub2_interfaces/hook/ld_library_path_lib.ps1'
[4.526s] INFO:colcon.colcon_core.shell:Creating environment descriptor '/home/mariola/visual_ws/install/pubsub2_interfaces/share/pubsub2_interfaces/hook/ld_library_path_lib.dsv'
[4.526s] INFO:colcon.colcon_core.shell:Creating environment hook '/home/mariola/visual_ws/install/pubsub2_interfaces/share/pubsub2_interfaces/hook/ld_library_path_lib.sh'
[4.526s] Level 1:colcon.colcon_core.environment:checking '/home/mariola/visual_ws/install/pubsub2_interfaces/bin'
[4.526s] Level 1:colcon.colcon_core.environment:checking '/home/mariola/visual_ws/install/pubsub2_interfaces/lib/pkgconfig/pubsub2_interfaces.pc'
[4.526s] Level 1:colcon.colcon_core.environment:checking '/home/mariola/visual_ws/install/pubsub2_interfaces/lib/python3.12/site-packages'
[4.526s] Level 1:colcon.colcon_core.shell:create_environment_hook('pubsub2_interfaces', 'pythonpath')
[4.526s] INFO:colcon.colcon_core.shell:Creating environment hook '/home/mariola/visual_ws/install/pubsub2_interfaces/share/pubsub2_interfaces/hook/pythonpath.ps1'
[4.527s] INFO:colcon.colcon_core.shell:Creating environment descriptor '/home/mariola/visual_ws/install/pubsub2_interfaces/share/pubsub2_interfaces/hook/pythonpath.dsv'
[4.527s] INFO:colcon.colcon_core.shell:Creating environment hook '/home/mariola/visual_ws/install/pubsub2_interfaces/share/pubsub2_interfaces/hook/pythonpath.sh'
[4.527s] Level 1:colcon.colcon_core.environment:checking '/home/mariola/visual_ws/install/pubsub2_interfaces/bin'
[4.527s] INFO:colcon.colcon_core.shell:Creating package script '/home/mariola/visual_ws/install/pubsub2_interfaces/share/pubsub2_interfaces/package.ps1'
[4.528s] INFO:colcon.colcon_core.shell:Creating package descriptor '/home/mariola/visual_ws/install/pubsub2_interfaces/share/pubsub2_interfaces/package.dsv'
[4.528s] INFO:colcon.colcon_core.shell:Creating package script '/home/mariola/visual_ws/install/pubsub2_interfaces/share/pubsub2_interfaces/package.sh'
[4.528s] INFO:colcon.colcon_core.shell:Creating package script '/home/mariola/visual_ws/install/pubsub2_interfaces/share/pubsub2_interfaces/package.bash'
[4.528s] INFO:colcon.colcon_core.shell:Creating package script '/home/mariola/visual_ws/install/pubsub2_interfaces/share/pubsub2_interfaces/package.zsh'
[4.528s] Level 1:colcon.colcon_core.environment:create_file_with_runtime_dependencies(/home/mariola/visual_ws/install/pubsub2_interfaces/share/colcon-core/packages/pubsub2_interfaces)
[4.529s] Level 1:colcon.colcon_core.environment:create_environment_scripts_only(pubsub2_interfaces)
[4.529s] Level 1:colcon.colcon_core.environment:checking '/home/mariola/visual_ws/install/pubsub2_interfaces' for CMake module files
[4.529s] Level 1:colcon.colcon_core.environment:checking '/home/mariola/visual_ws/install/pubsub2_interfaces' for CMake config files
[4.529s] Level 1:colcon.colcon_core.shell:create_environment_hook('pubsub2_interfaces', 'cmake_prefix_path')
[4.529s] INFO:colcon.colcon_core.shell:Creating environment hook '/home/mariola/visual_ws/install/pubsub2_interfaces/share/pubsub2_interfaces/hook/cmake_prefix_path.ps1'
[4.530s] INFO:colcon.colcon_core.shell:Creating environment descriptor '/home/mariola/visual_ws/install/pubsub2_interfaces/share/pubsub2_interfaces/hook/cmake_prefix_path.dsv'
[4.530s] INFO:colcon.colcon_core.shell:Creating environment hook '/home/mariola/visual_ws/install/pubsub2_interfaces/share/pubsub2_interfaces/hook/cmake_prefix_path.sh'
[4.530s] Level 1:colcon.colcon_core.environment:checking '/home/mariola/visual_ws/install/pubsub2_interfaces/lib'
[4.530s] Level 1:colcon.colcon_core.shell:create_environment_hook('pubsub2_interfaces', 'ld_library_path_lib')
[4.530s] INFO:colcon.colcon_core.shell:Creating environment hook '/home/mariola/visual_ws/install/pubsub2_interfaces/share/pubsub2_interfaces/hook/ld_library_path_lib.ps1'
[4.530s] INFO:colcon.colcon_core.shell:Creating environment descriptor '/home/mariola/visual_ws/install/pubsub2_interfaces/share/pubsub2_interfaces/hook/ld_library_path_lib.dsv'
[4.530s] INFO:colcon.colcon_core.shell:Creating environment hook '/home/mariola/visual_ws/install/pubsub2_interfaces/share/pubsub2_interfaces/hook/ld_library_path_lib.sh'
[4.531s] Level 1:colcon.colcon_core.environment:checking '/home/mariola/visual_ws/install/pubsub2_interfaces/bin'
[4.531s] Level 1:colcon.colcon_core.environment:checking '/home/mariola/visual_ws/install/pubsub2_interfaces/lib/pkgconfig/pubsub2_interfaces.pc'
[4.531s] Level 1:colcon.colcon_core.environment:checking '/home/mariola/visual_ws/install/pubsub2_interfaces/lib/python3.12/site-packages'
[4.531s] Level 1:colcon.colcon_core.shell:create_environment_hook('pubsub2_interfaces', 'pythonpath')
[4.531s] INFO:colcon.colcon_core.shell:Creating environment hook '/home/mariola/visual_ws/install/pubsub2_interfaces/share/pubsub2_interfaces/hook/pythonpath.ps1'
[4.531s] INFO:colcon.colcon_core.shell:Creating environment descriptor '/home/mariola/visual_ws/install/pubsub2_interfaces/share/pubsub2_interfaces/hook/pythonpath.dsv'
[4.531s] INFO:colcon.colcon_core.shell:Creating environment hook '/home/mariola/visual_ws/install/pubsub2_interfaces/share/pubsub2_interfaces/hook/pythonpath.sh'
[4.532s] Level 1:colcon.colcon_core.environment:checking '/home/mariola/visual_ws/install/pubsub2_interfaces/bin'
[4.532s] INFO:colcon.colcon_core.shell:Creating package script '/home/mariola/visual_ws/install/pubsub2_interfaces/share/pubsub2_interfaces/package.ps1'
[4.532s] INFO:colcon.colcon_core.shell:Creating package descriptor '/home/mariola/visual_ws/install/pubsub2_interfaces/share/pubsub2_interfaces/package.dsv'
[4.533s] INFO:colcon.colcon_core.shell:Creating package script '/home/mariola/visual_ws/install/pubsub2_interfaces/share/pubsub2_interfaces/package.sh'
[4.533s] INFO:colcon.colcon_core.shell:Creating package script '/home/mariola/visual_ws/install/pubsub2_interfaces/share/pubsub2_interfaces/package.bash'
[4.533s] INFO:colcon.colcon_core.shell:Creating package script '/home/mariola/visual_ws/install/pubsub2_interfaces/share/pubsub2_interfaces/package.zsh'
[4.534s] Level 1:colcon.colcon_core.environment:create_file_with_runtime_dependencies(/home/mariola/visual_ws/install/pubsub2_interfaces/share/colcon-core/packages/pubsub2_interfaces)
[4.534s] INFO:colcon.colcon_ros.task.ament_python.build:Building ROS package in '/home/mariola/visual_ws/src/pubsub2' with build type 'ament_python'
[4.534s] Level 1:colcon.colcon_core.shell:create_environment_hook('pubsub2', 'ament_prefix_path')
[4.534s] INFO:colcon.colcon_core.shell:Creating environment hook '/home/mariola/visual_ws/install/pubsub2/share/pubsub2/hook/ament_prefix_path.ps1'
[4.535s] INFO:colcon.colcon_core.shell:Creating environment descriptor '/home/mariola/visual_ws/install/pubsub2/share/pubsub2/hook/ament_prefix_path.dsv'
[4.535s] INFO:colcon.colcon_core.shell:Creating environment hook '/home/mariola/visual_ws/install/pubsub2/share/pubsub2/hook/ament_prefix_path.sh'
[4.535s] INFO:colcon.colcon_core.shell:Skip shell extension 'powershell' for command environment: Not usable outside of PowerShell
[4.535s] DEBUG:colcon.colcon_core.shell:Skip shell extension 'dsv' for command environment
[4.689s] INFO:colcon.colcon_core.task.python.build:Building Python package in '/home/mariola/visual_ws/src/pubsub2'
[4.689s] INFO:colcon.colcon_core.shell:Skip shell extension 'powershell' for command environment: Not usable outside of PowerShell
[4.690s] DEBUG:colcon.colcon_core.shell:Skip shell extension 'dsv' for command environment
[5.076s] DEBUG:colcon.colcon_core.event_handler.log_command:Invoking command in '/home/mariola/visual_ws/src/pubsub2': AMENT_PREFIX_PATH=/home/mariola/visual_ws/install/pubsub2_interfaces:${AMENT_PREFIX_PATH} CMAKE_PREFIX_PATH=/home/mariola/visual_ws/install/pubsub2_interfaces:${CMAKE_PREFIX_PATH} DEBUGINFOD_URLS=https://debuginfod.ubuntu.com LD_LIBRARY_PATH=/home/mariola/visual_ws/install/pubsub2_interfaces/lib:${LD_LIBRARY_PATH} PYTHONPATH=/home/mariola/visual_ws/build/pubsub2/prefix_override:/usr/lib/python3/dist-packages/colcon_core/task/python/colcon_distutils_commands:/home/mariola/visual_ws/install/pubsub2/lib/python3.12/site-packages:/home/mariola/visual_ws/install/pubsub2_interfaces/lib/python3.12/site-packages:${PYTHONPATH} /usr/bin/python3 -W ignore:setup.py install is deprecated -W ignore:easy_install command is deprecated setup.py egg_info --egg-base ../../build/pubsub2 build --build-base /home/mariola/visual_ws/build/pubsub2/build install --record /home/mariola/visual_ws/build/pubsub2/install.log --single-version-externally-managed install_data
[5.413s] Level 1:colcon.colcon_core.environment:checking '/home/mariola/visual_ws/install/pubsub2' for CMake module files
[5.413s] DEBUG:colcon.colcon_core.event_handler.log_command:Invoked command in '/home/mariola/visual_ws/src/pubsub2' returned '0': AMENT_PREFIX_PATH=/home/mariola/visual_ws/install/pubsub2_interfaces:${AMENT_PREFIX_PATH} CMAKE_PREFIX_PATH=/home/mariola/visual_ws/install/pubsub2_interfaces:${CMAKE_PREFIX_PATH} DEBUGINFOD_URLS=https://debuginfod.ubuntu.com LD_LIBRARY_PATH=/home/mariola/visual_ws/install/pubsub2_interfaces/lib:${LD_LIBRARY_PATH} PYTHONPATH=/home/mariola/visual_ws/build/pubsub2/prefix_override:/usr/lib/python3/dist-packages/colcon_core/task/python/colcon_distutils_commands:/home/mariola/visual_ws/install/pubsub2/lib/python3.12/site-packages:/home/mariola/visual_ws/install/pubsub2_interfaces/lib/python3.12/site-packages:${PYTHONPATH} /usr/bin/python3 -W ignore:setup.py install is deprecated -W ignore:easy_install command is deprecated setup.py egg_info --egg-base ../../build/pubsub2 build --build-base /home/mariola/visual_ws/build/pubsub2/build install --record /home/mariola/visual_ws/build/pubsub2/install.log --single-version-externally-managed install_data
[5.413s] Level 1:colcon.colcon_core.environment:checking '/home/mariola/visual_ws/install/pubsub2' for CMake config files
[5.414s] Level 1:colcon.colcon_core.environment:checking '/home/mariola/visual_ws/install/pubsub2/lib'
[5.414s] Level 1:colcon.colcon_core.environment:checking '/home/mariola/visual_ws/install/pubsub2/bin'
[5.414s] Level 1:colcon.colcon_core.environment:checking '/home/mariola/visual_ws/install/pubsub2/lib/pkgconfig/pubsub2.pc'
[5.414s] Level 1:colcon.colcon_core.environment:checking '/home/mariola/visual_ws/install/pubsub2/lib/python3.12/site-packages'
[5.414s] Level 1:colcon.colcon_core.shell:create_environment_hook('pubsub2', 'pythonpath')
[5.414s] INFO:colcon.colcon_core.shell:Creating environment hook '/home/mariola/visual_ws/install/pubsub2/share/pubsub2/hook/pythonpath.ps1'
[5.414s] INFO:colcon.colcon_core.shell:Creating environment descriptor '/home/mariola/visual_ws/install/pubsub2/share/pubsub2/hook/pythonpath.dsv'
[5.414s] INFO:colcon.colcon_core.shell:Creating environment hook '/home/mariola/visual_ws/install/pubsub2/share/pubsub2/hook/pythonpath.sh'
[5.415s] Level 1:colcon.colcon_core.environment:checking '/home/mariola/visual_ws/install/pubsub2/bin'
[5.415s] Level 1:colcon.colcon_core.environment:create_environment_scripts_only(pubsub2)
[5.415s] INFO:colcon.colcon_core.shell:Creating package script '/home/mariola/visual_ws/install/pubsub2/share/pubsub2/package.ps1'
[5.415s] INFO:colcon.colcon_core.shell:Creating package descriptor '/home/mariola/visual_ws/install/pubsub2/share/pubsub2/package.dsv'
[5.416s] INFO:colcon.colcon_core.shell:Creating package script '/home/mariola/visual_ws/install/pubsub2/share/pubsub2/package.sh'
[5.416s] INFO:colcon.colcon_core.shell:Creating package script '/home/mariola/visual_ws/install/pubsub2/share/pubsub2/package.bash'
[5.416s] INFO:colcon.colcon_core.shell:Creating package script '/home/mariola/visual_ws/install/pubsub2/share/pubsub2/package.zsh'
[5.416s] Level 1:colcon.colcon_core.environment:create_file_with_runtime_dependencies(/home/mariola/visual_ws/install/pubsub2/share/colcon-core/packages/pubsub2)
[5.416s] DEBUG:colcon.colcon_parallel_executor.executor.parallel:closing loop
[5.416s] DEBUG:colcon.colcon_parallel_executor.executor.parallel:loop closed
[5.416s] DEBUG:colcon.colcon_parallel_executor.executor.parallel:run_until_complete finished with '0'
[5.416s] DEBUG:colcon.colcon_core.event_reactor:joining thread
[5.423s] INFO:colcon.colcon_core.plugin_system:Skipping extension 'colcon_notification.desktop_notification.terminal_notifier': Not used on non-Darwin systems
[5.423s] INFO:colcon.colcon_core.plugin_system:Skipping extension 'colcon_notification.desktop_notification.win32': Not used on non-Windows systems
[5.423s] INFO:colcon.colcon_notification.desktop_notification:Sending desktop notification using 'notify2'
[5.434s] DEBUG:colcon.colcon_core.event_reactor:joined thread
[5.434s] INFO:colcon.colcon_core.shell:Creating prefix script '/home/mariola/visual_ws/install/local_setup.ps1'
[5.435s] INFO:colcon.colcon_core.shell:Creating prefix util module '/home/mariola/visual_ws/install/_local_setup_util_ps1.py'
[5.436s] INFO:colcon.colcon_core.shell:Creating prefix chain script '/home/mariola/visual_ws/install/setup.ps1'
[5.436s] INFO:colcon.colcon_core.shell:Creating prefix script '/home/mariola/visual_ws/install/local_setup.sh'
[5.437s] INFO:colcon.colcon_core.shell:Creating prefix util module '/home/mariola/visual_ws/install/_local_setup_util_sh.py'
[5.437s] INFO:colcon.colcon_core.shell:Creating prefix chain script '/home/mariola/visual_ws/install/setup.sh'
[5.438s] INFO:colcon.colcon_core.shell:Creating prefix script '/home/mariola/visual_ws/install/local_setup.bash'
[5.438s] INFO:colcon.colcon_core.shell:Creating prefix chain script '/home/mariola/visual_ws/install/setup.bash'
[5.439s] INFO:colcon.colcon_core.shell:Creating prefix script '/home/mariola/visual_ws/install/local_setup.zsh'
[5.439s] INFO:colcon.colcon_core.shell:Creating prefix chain script '/home/mariola/visual_ws/install/setup.zsh'
