[0.017s] Invoking command in '/home/mariola/ws_robotica/build/robot_description': CMAKE_PREFIX_PATH=${CMAKE_PREFIX_PATH}:/home/mariola/ws_robotica/install/robot_ik:/home/mariola/ws_robotica/install/robot_description:/home/mariola/ws_robotica/install/robot_control:/home/mariola/visual_ws/install/pubsub2:/home/mariola/visual_ws/install/visual_pubsub:/home/mariola/visual_ws/install/robot_ik:/opt/ros/jazzy DEBUGINFOD_URLS=https://debuginfod.ubuntu.com /usr/bin/cmake /home/mariola/ws_robotica/src/ros2_tutorials/robot_description -DCMAKE_INSTALL_PREFIX=/home/mariola/ws_robotica/install/robot_description
[0.127s] -- The C compiler identification is GNU 13.3.0
[0.203s] -- The CXX compiler identification is GNU 13.3.0
[0.229s] -- Detecting C compiler ABI info
[0.365s] -- Detecting C compiler ABI info - done
[0.378s] -- Check for working C compiler: /usr/bin/cc - skipped
[0.378s] -- Detecting C compile features
[0.379s] -- Detecting C compile features - done
[0.394s] -- Detecting CXX compiler ABI info
[0.525s] -- Detecting CXX compiler ABI info - done
[0.541s] -- Check for working CXX compiler: /usr/bin/c++ - skipped
[0.541s] -- Detecting CXX compile features
[0.541s] -- Detecting CXX compile features - done
[0.546s] -- Found ament_cmake: 2.5.5 (/opt/ros/jazzy/share/ament_cmake/cmake)
[0.752s] -- Found Python3: /usr/bin/python3 (found version "3.12.3") found components: Interpreter 
[0.908s] -- Found ament_lint_auto: 0.17.4 (/opt/ros/jazzy/share/ament_lint_auto/cmake)
[1.067s] -- Added test 'flake8' to check Python code syntax and style conventions
[1.067s] -- Configured 'flake8' exclude dirs and/or files: 
[1.068s] -- Added test 'lint_cmake' to check CMake code style
[1.069s] -- Added test 'pep257' to check Python code against some of the docstring style conventions in PEP 257
[1.072s] -- Added test 'xmllint' to check XML markup files
[1.074s] -- Configuring done (1.0s)
[1.077s] -- Generating done (0.0s)
[1.079s] -- Build files have been written to: /home/mariola/ws_robotica/build/robot_description
[1.085s] Invoked command in '/home/mariola/ws_robotica/build/robot_description' returned '0': CMAKE_PREFIX_PATH=${CMAKE_PREFIX_PATH}:/home/mariola/ws_robotica/install/robot_ik:/home/mariola/ws_robotica/install/robot_description:/home/mariola/ws_robotica/install/robot_control:/home/mariola/visual_ws/install/pubsub2:/home/mariola/visual_ws/install/visual_pubsub:/home/mariola/visual_ws/install/robot_ik:/opt/ros/jazzy DEBUGINFOD_URLS=https://debuginfod.ubuntu.com /usr/bin/cmake /home/mariola/ws_robotica/src/ros2_tutorials/robot_description -DCMAKE_INSTALL_PREFIX=/home/mariola/ws_robotica/install/robot_description
[1.088s] Invoking command in '/home/mariola/ws_robotica/build/robot_description': CMAKE_PREFIX_PATH=${CMAKE_PREFIX_PATH}:/home/mariola/ws_robotica/install/robot_ik:/home/mariola/ws_robotica/install/robot_description:/home/mariola/ws_robotica/install/robot_control:/home/mariola/visual_ws/install/pubsub2:/home/mariola/visual_ws/install/visual_pubsub:/home/mariola/visual_ws/install/robot_ik:/opt/ros/jazzy DEBUGINFOD_URLS=https://debuginfod.ubuntu.com /usr/bin/cmake --build /home/mariola/ws_robotica/build/robot_description -- -j12 -l12
[1.137s] Invoked command in '/home/mariola/ws_robotica/build/robot_description' returned '0': CMAKE_PREFIX_PATH=${CMAKE_PREFIX_PATH}:/home/mariola/ws_robotica/install/robot_ik:/home/mariola/ws_robotica/install/robot_description:/home/mariola/ws_robotica/install/robot_control:/home/mariola/visual_ws/install/pubsub2:/home/mariola/visual_ws/install/visual_pubsub:/home/mariola/visual_ws/install/robot_ik:/opt/ros/jazzy DEBUGINFOD_URLS=https://debuginfod.ubuntu.com /usr/bin/cmake --build /home/mariola/ws_robotica/build/robot_description -- -j12 -l12
[1.148s] Invoking command in '/home/mariola/ws_robotica/build/robot_description': CMAKE_PREFIX_PATH=${CMAKE_PREFIX_PATH}:/home/mariola/ws_robotica/install/robot_ik:/home/mariola/ws_robotica/install/robot_description:/home/mariola/ws_robotica/install/robot_control:/home/mariola/visual_ws/install/pubsub2:/home/mariola/visual_ws/install/visual_pubsub:/home/mariola/visual_ws/install/robot_ik:/opt/ros/jazzy DEBUGINFOD_URLS=https://debuginfod.ubuntu.com /usr/bin/cmake --install /home/mariola/ws_robotica/build/robot_description
[1.158s] -- Install configuration: ""
[1.158s] -- Up-to-date: /home/mariola/ws_robotica/install/robot_description/share/robot_description/launch
[1.159s] -- Installing: /home/mariola/ws_robotica/install/robot_description/share/robot_description/launch/view_robot.launch.py
[1.159s] -- Installing: /home/mariola/ws_robotica/install/robot_description/share/robot_description/launch/view_robotbio.launch.py
[1.159s] -- Up-to-date: /home/mariola/ws_robotica/install/robot_description/share/robot_description/urdf
[1.159s] -- Installing: /home/mariola/ws_robotica/install/robot_description/share/robot_description/urdf/examenrobot3d.urdf
[1.159s] -- Installing: /home/mariola/ws_robotica/install/robot_description/share/robot_description/urdf/multipleshapes.gv
[1.159s] -- Installing: /home/mariola/ws_robotica/install/robot_description/share/robot_description/urdf/diff_wheeled_robot.urdf
[1.159s] -- Installing: /home/mariola/ws_robotica/install/robot_description/share/robot_description/urdf/cobot_arm.urdf
[1.159s] -- Installing: /home/mariola/ws_robotica/install/robot_description/share/robot_description/urdf/myrobotadrian.urdf
[1.159s] -- Installing: /home/mariola/ws_robotica/install/robot_description/share/robot_description/urdf/guillecar.urdf
[1.160s] -- Installing: /home/mariola/ws_robotica/install/robot_description/share/robot_description/urdf/pantilt.urdf
[1.160s] -- Installing: /home/mariola/ws_robotica/install/robot_description/share/robot_description/urdf/multipleshapes.pdf
[1.160s] -- Installing: /home/mariola/ws_robotica/install/robot_description/share/robot_description/urdf/myfirst_robot.urdf
[1.160s] -- Installing: /home/mariola/ws_robotica/install/robot_description/share/robot_description/urdf/trr.urdf
[1.160s] -- Installing: /home/mariola/ws_robotica/install/robot_description/share/robot_description/urdf/ejclase.urdf
[1.160s] -- Installing: /home/mariola/ws_robotica/install/robot_description/share/robot_description/urdf/myrobotmariola.urdf
[1.160s] -- Installing: /home/mariola/ws_robotica/install/robot_description/share/robot_description/urdf/wally1.urdf
[1.160s] -- Installing: /home/mariola/ws_robotica/install/robot_description/share/robot_description/urdf/examenrobotbio.urdf
[1.160s] -- Installing: /home/mariola/ws_robotica/install/robot_description/share/robot_description/urdf/panda.urdf
[1.160s] -- Installing: /home/mariola/ws_robotica/install/robot_description/share/robot_description/urdf/clases_test.urdf
[1.160s] -- Installing: /home/mariola/ws_robotica/install/robot_description/share/robot_description/rviz
[1.160s] -- Installing: /home/mariola/ws_robotica/install/robot_description/share/robot_description/rviz/urdf.rviz
[1.160s] -- Installing: /home/mariola/ws_robotica/install/robot_description/share/robot_description/meshes
[1.161s] -- Installing: /home/mariola/ws_robotica/install/robot_description/share/robot_description/meshes/collision
[1.161s] -- Installing: /home/mariola/ws_robotica/install/robot_description/share/robot_description/meshes/collision/link6.obj
[1.163s] -- Installing: /home/mariola/ws_robotica/install/robot_description/share/robot_description/meshes/collision/link5.obj
[1.163s] -- Installing: /home/mariola/ws_robotica/install/robot_description/share/robot_description/meshes/collision/finger.obj
[1.163s] -- Installing: /home/mariola/ws_robotica/install/robot_description/share/robot_description/meshes/collision/link7.obj
[1.163s] -- Installing: /home/mariola/ws_robotica/install/robot_description/share/robot_description/meshes/collision/link2.obj
[1.164s] -- Installing: /home/mariola/ws_robotica/install/robot_description/share/robot_description/meshes/collision/hand.obj
[1.164s] -- Installing: /home/mariola/ws_robotica/install/robot_description/share/robot_description/meshes/collision/link1.obj
[1.164s] -- Installing: /home/mariola/ws_robotica/install/robot_description/share/robot_description/meshes/collision/link3.obj
[1.164s] -- Installing: /home/mariola/ws_robotica/install/robot_description/share/robot_description/meshes/collision/link4.obj
[1.164s] -- Installing: /home/mariola/ws_robotica/install/robot_description/share/robot_description/meshes/collision/link0.obj
[1.164s] -- Installing: /home/mariola/ws_robotica/install/robot_description/share/robot_description/meshes/visual
[1.164s] -- Installing: /home/mariola/ws_robotica/install/robot_description/share/robot_description/meshes/visual/link3.dae
[1.165s] -- Installing: /home/mariola/ws_robotica/install/robot_description/share/robot_description/meshes/visual/link6.dae
[1.166s] -- Installing: /home/mariola/ws_robotica/install/robot_description/share/robot_description/meshes/visual/hand.dae
[1.167s] -- Installing: /home/mariola/ws_robotica/install/robot_description/share/robot_description/meshes/visual/link0.dae
[1.168s] -- Installing: /home/mariola/ws_robotica/install/robot_description/share/robot_description/meshes/visual/link5.dae
[1.169s] -- Installing: /home/mariola/ws_robotica/install/robot_description/share/robot_description/meshes/visual/link2.dae
[1.170s] -- Installing: /home/mariola/ws_robotica/install/robot_description/share/robot_description/meshes/visual/link7.dae
[1.171s] -- Installing: /home/mariola/ws_robotica/install/robot_description/share/robot_description/meshes/visual/link4.dae
[1.172s] -- Installing: /home/mariola/ws_robotica/install/robot_description/share/robot_description/meshes/visual/finger.dae
[1.172s] -- Installing: /home/mariola/ws_robotica/install/robot_description/share/robot_description/meshes/visual/link1.dae
[1.172s] -- Installing: /home/mariola/ws_robotica/install/robot_description/share/ament_index/resource_index/package_run_dependencies/robot_description
[1.173s] -- Installing: /home/mariola/ws_robotica/install/robot_description/share/ament_index/resource_index/parent_prefix_path/robot_description
[1.173s] -- Installing: /home/mariola/ws_robotica/install/robot_description/share/robot_description/environment/ament_prefix_path.sh
[1.173s] -- Installing: /home/mariola/ws_robotica/install/robot_description/share/robot_description/environment/ament_prefix_path.dsv
[1.173s] -- Installing: /home/mariola/ws_robotica/install/robot_description/share/robot_description/environment/path.sh
[1.173s] -- Installing: /home/mariola/ws_robotica/install/robot_description/share/robot_description/environment/path.dsv
[1.173s] -- Installing: /home/mariola/ws_robotica/install/robot_description/share/robot_description/local_setup.bash
[1.173s] -- Installing: /home/mariola/ws_robotica/install/robot_description/share/robot_description/local_setup.sh
[1.173s] -- Installing: /home/mariola/ws_robotica/install/robot_description/share/robot_description/local_setup.zsh
[1.173s] -- Installing: /home/mariola/ws_robotica/install/robot_description/share/robot_description/local_setup.dsv
[1.173s] -- Installing: /home/mariola/ws_robotica/install/robot_description/share/robot_description/package.dsv
[1.174s] -- Installing: /home/mariola/ws_robotica/install/robot_description/share/ament_index/resource_index/packages/robot_description
[1.174s] -- Installing: /home/mariola/ws_robotica/install/robot_description/share/robot_description/cmake/robot_descriptionConfig.cmake
[1.174s] -- Installing: /home/mariola/ws_robotica/install/robot_description/share/robot_description/cmake/robot_descriptionConfig-version.cmake
[1.174s] -- Installing: /home/mariola/ws_robotica/install/robot_description/share/robot_description/package.xml
[1.176s] Invoked command in '/home/mariola/ws_robotica/build/robot_description' returned '0': CMAKE_PREFIX_PATH=${CMAKE_PREFIX_PATH}:/home/mariola/ws_robotica/install/robot_ik:/home/mariola/ws_robotica/install/robot_description:/home/mariola/ws_robotica/install/robot_control:/home/mariola/visual_ws/install/pubsub2:/home/mariola/visual_ws/install/visual_pubsub:/home/mariola/visual_ws/install/robot_ik:/opt/ros/jazzy DEBUGINFOD_URLS=https://debuginfod.ubuntu.com /usr/bin/cmake --install /home/mariola/ws_robotica/build/robot_description
