[0.972s] Invoking command in '/home/mariola/ws_robotica/src/ros2_tutorials/visual_pubsub': DEBUGINFOD_URLS=https://debuginfod.ubuntu.com PYTHONPATH=/home/mariola/ws_robotica/build/visual_pubsub/prefix_override:/usr/lib/python3/dist-packages/colcon_core/task/python/colcon_distutils_commands:/home/mariola/ws_robotica/install/visual_pubsub/lib/python3.12/site-packages:${PYTHONPATH} /usr/bin/python3 -W ignore:setup.py install is deprecated -W ignore:easy_install command is deprecated setup.py egg_info --egg-base ../../../build/visual_pubsub build --build-base /home/mariola/ws_robotica/build/visual_pubsub/build install --record /home/mariola/ws_robotica/build/visual_pubsub/install.log --single-version-externally-managed install_data
[1.272s] running egg_info
[1.273s] creating ../../../build/visual_pubsub/visual_pubsub.egg-info
[1.292s] writing ../../../build/visual_pubsub/visual_pubsub.egg-info/PKG-INFO
[1.292s] writing dependency_links to ../../../build/visual_pubsub/visual_pubsub.egg-info/dependency_links.txt
[1.292s] writing entry points to ../../../build/visual_pubsub/visual_pubsub.egg-info/entry_points.txt
[1.292s] writing requirements to ../../../build/visual_pubsub/visual_pubsub.egg-info/requires.txt
[1.292s] writing top-level names to ../../../build/visual_pubsub/visual_pubsub.egg-info/top_level.txt
[1.292s] writing manifest file '../../../build/visual_pubsub/visual_pubsub.egg-info/SOURCES.txt'
[1.333s] reading manifest file '../../../build/visual_pubsub/visual_pubsub.egg-info/SOURCES.txt'
[1.333s] adding license file 'LICENSE'
[1.334s] writing manifest file '../../../build/visual_pubsub/visual_pubsub.egg-info/SOURCES.txt'
[1.334s] running build
[1.334s] running build_py
[1.335s] creating /home/mariola/ws_robotica/build/visual_pubsub/build
[1.335s] creating /home/mariola/ws_robotica/build/visual_pubsub/build/lib
[1.335s] creating /home/mariola/ws_robotica/build/visual_pubsub/build/lib/visual_pubsub
[1.335s] copying visual_pubsub/sub_joints.py -> /home/mariola/ws_robotica/build/visual_pubsub/build/lib/visual_pubsub
[1.335s] copying visual_pubsub/__init__.py -> /home/mariola/ws_robotica/build/visual_pubsub/build/lib/visual_pubsub
[1.335s] copying visual_pubsub/pub_joints.py -> /home/mariola/ws_robotica/build/visual_pubsub/build/lib/visual_pubsub
[1.335s] copying visual_pubsub/inverse_kinematics.py -> /home/mariola/ws_robotica/build/visual_pubsub/build/lib/visual_pubsub
[1.335s] running install
[1.343s] running install_lib
[1.362s] creating /home/mariola/ws_robotica/install/visual_pubsub/lib/python3.12/site-packages/visual_pubsub
[1.363s] copying /home/mariola/ws_robotica/build/visual_pubsub/build/lib/visual_pubsub/sub_joints.py -> /home/mariola/ws_robotica/install/visual_pubsub/lib/python3.12/site-packages/visual_pubsub
[1.363s] copying /home/mariola/ws_robotica/build/visual_pubsub/build/lib/visual_pubsub/__init__.py -> /home/mariola/ws_robotica/install/visual_pubsub/lib/python3.12/site-packages/visual_pubsub
[1.363s] copying /home/mariola/ws_robotica/build/visual_pubsub/build/lib/visual_pubsub/pub_joints.py -> /home/mariola/ws_robotica/install/visual_pubsub/lib/python3.12/site-packages/visual_pubsub
[1.363s] copying /home/mariola/ws_robotica/build/visual_pubsub/build/lib/visual_pubsub/inverse_kinematics.py -> /home/mariola/ws_robotica/install/visual_pubsub/lib/python3.12/site-packages/visual_pubsub
[1.363s] byte-compiling /home/mariola/ws_robotica/install/visual_pubsub/lib/python3.12/site-packages/visual_pubsub/sub_joints.py to sub_joints.cpython-312.pyc
[1.364s] byte-compiling /home/mariola/ws_robotica/install/visual_pubsub/lib/python3.12/site-packages/visual_pubsub/__init__.py to __init__.cpython-312.pyc
[1.364s] byte-compiling /home/mariola/ws_robotica/install/visual_pubsub/lib/python3.12/site-packages/visual_pubsub/pub_joints.py to pub_joints.cpython-312.pyc
[1.365s] byte-compiling /home/mariola/ws_robotica/install/visual_pubsub/lib/python3.12/site-packages/visual_pubsub/inverse_kinematics.py to inverse_kinematics.cpython-312.pyc
[1.367s] running install_data
[1.367s] creating /home/mariola/ws_robotica/install/visual_pubsub/share/ament_index
[1.367s] creating /home/mariola/ws_robotica/install/visual_pubsub/share/ament_index/resource_index
[1.367s] creating /home/mariola/ws_robotica/install/visual_pubsub/share/ament_index/resource_index/packages
[1.367s] copying resource/visual_pubsub -> /home/mariola/ws_robotica/install/visual_pubsub/share/ament_index/resource_index/packages
[1.367s] copying package.xml -> /home/mariola/ws_robotica/install/visual_pubsub/share/visual_pubsub
[1.367s] running install_egg_info
[1.389s] Copying ../../../build/visual_pubsub/visual_pubsub.egg-info to /home/mariola/ws_robotica/install/visual_pubsub/lib/python3.12/site-packages/visual_pubsub-0.0.0-py3.12.egg-info
[1.389s] running install_scripts
[1.529s] Installing pub_joints script to /home/mariola/ws_robotica/install/visual_pubsub/lib/visual_pubsub
[1.529s] Installing sub_joints script to /home/mariola/ws_robotica/install/visual_pubsub/lib/visual_pubsub
[1.529s] writing list of installed files to '/home/mariola/ws_robotica/build/visual_pubsub/install.log'
[1.566s] Invoked command in '/home/mariola/ws_robotica/src/ros2_tutorials/visual_pubsub' returned '0': DEBUGINFOD_URLS=https://debuginfod.ubuntu.com PYTHONPATH=/home/mariola/ws_robotica/build/visual_pubsub/prefix_override:/usr/lib/python3/dist-packages/colcon_core/task/python/colcon_distutils_commands:/home/mariola/ws_robotica/install/visual_pubsub/lib/python3.12/site-packages:${PYTHONPATH} /usr/bin/python3 -W ignore:setup.py install is deprecated -W ignore:easy_install command is deprecated setup.py egg_info --egg-base ../../../build/visual_pubsub build --build-base /home/mariola/ws_robotica/build/visual_pubsub/build install --record /home/mariola/ws_robotica/build/visual_pubsub/install.log --single-version-externally-managed install_data
