[0.706s] Invoking command in '/home/mariola/visual_ws/src/robot_ik': DEBUGINFOD_URLS=https://debuginfod.ubuntu.com PYTHONPATH=/home/mariola/visual_ws/build/robot_ik/prefix_override:/usr/lib/python3/dist-packages/colcon_core/task/python/colcon_distutils_commands:/home/mariola/visual_ws/install/robot_ik/lib/python3.12/site-packages:${PYTHONPATH} /usr/bin/python3 -W ignore:setup.py install is deprecated -W ignore:easy_install command is deprecated setup.py egg_info --egg-base ../../build/robot_ik build --build-base /home/mariola/visual_ws/build/robot_ik/build install --record /home/mariola/visual_ws/build/robot_ik/install.log --single-version-externally-managed install_data
[0.872s] running egg_info
[0.883s] writing ../../build/robot_ik/robot_ik.egg-info/PKG-INFO
[0.883s] writing dependency_links to ../../build/robot_ik/robot_ik.egg-info/dependency_links.txt
[0.884s] writing entry points to ../../build/robot_ik/robot_ik.egg-info/entry_points.txt
[0.884s] writing requirements to ../../build/robot_ik/robot_ik.egg-info/requires.txt
[0.884s] writing top-level names to ../../build/robot_ik/robot_ik.egg-info/top_level.txt
[0.906s] reading manifest file '../../build/robot_ik/robot_ik.egg-info/SOURCES.txt'
[0.907s] writing manifest file '../../build/robot_ik/robot_ik.egg-info/SOURCES.txt'
[0.907s] running build
[0.907s] running build_py
[0.907s] copying robot_ik/ik_node.py -> /home/mariola/visual_ws/build/robot_ik/build/lib/robot_ik
[0.907s] running install
[0.911s] running install_lib
[0.922s] copying /home/mariola/visual_ws/build/robot_ik/build/lib/robot_ik/ik_node.py -> /home/mariola/visual_ws/install/robot_ik/lib/python3.12/site-packages/robot_ik
[0.923s] byte-compiling /home/mariola/visual_ws/install/robot_ik/lib/python3.12/site-packages/robot_ik/ik_node.py to ik_node.cpython-312.pyc
[0.923s] running install_data
[0.923s] running install_egg_info
[0.935s] removing '/home/mariola/visual_ws/install/robot_ik/lib/python3.12/site-packages/robot_ik-0.0.0-py3.12.egg-info' (and everything under it)
[0.936s] Copying ../../build/robot_ik/robot_ik.egg-info to /home/mariola/visual_ws/install/robot_ik/lib/python3.12/site-packages/robot_ik-0.0.0-py3.12.egg-info
[0.936s] running install_scripts
[1.015s] Installing ik_node script to /home/mariola/visual_ws/install/robot_ik/lib/robot_ik
[1.015s] Installing ik_nodebio script to /home/mariola/visual_ws/install/robot_ik/lib/robot_ik
[1.015s] writing list of installed files to '/home/mariola/visual_ws/build/robot_ik/install.log'
[1.043s] Invoked command in '/home/mariola/visual_ws/src/robot_ik' returned '0': DEBUGINFOD_URLS=https://debuginfod.ubuntu.com PYTHONPATH=/home/mariola/visual_ws/build/robot_ik/prefix_override:/usr/lib/python3/dist-packages/colcon_core/task/python/colcon_distutils_commands:/home/mariola/visual_ws/install/robot_ik/lib/python3.12/site-packages:${PYTHONPATH} /usr/bin/python3 -W ignore:setup.py install is deprecated -W ignore:easy_install command is deprecated setup.py egg_info --egg-base ../../build/robot_ik build --build-base /home/mariola/visual_ws/build/robot_ik/build install --record /home/mariola/visual_ws/build/robot_ik/install.log --single-version-externally-managed install_data
