/home/mariola/visual_ws/install/pubsub2/lib/python3.12/site-packages/pubsub2/__init__.py
/home/mariola/visual_ws/install/pubsub2/lib/python3.12/site-packages/pubsub2/filtered_subscriber.py
/home/mariola/visual_ws/install/pubsub2/lib/python3.12/site-packages/pubsub2/sensor2.py
/home/mariola/visual_ws/install/pubsub2/lib/python3.12/site-packages/pubsub2/sensor3.py
/home/mariola/visual_ws/install/pubsub2/lib/python3.12/site-packages/pubsub2/sensor1.py
/home/mariola/visual_ws/install/pubsub2/lib/python3.12/site-packages/pubsub2/filtered_sensor.py
/home/mariola/visual_ws/install/pubsub2/lib/python3.12/site-packages/pubsub2/__pycache__/__init__.cpython-312.pyc
/home/mariola/visual_ws/install/pubsub2/lib/python3.12/site-packages/pubsub2/__pycache__/filtered_subscriber.cpython-312.pyc
/home/mariola/visual_ws/install/pubsub2/lib/python3.12/site-packages/pubsub2/__pycache__/sensor2.cpython-312.pyc
/home/mariola/visual_ws/install/pubsub2/lib/python3.12/site-packages/pubsub2/__pycache__/sensor3.cpython-312.pyc
/home/mariola/visual_ws/install/pubsub2/lib/python3.12/site-packages/pubsub2/__pycache__/sensor1.cpython-312.pyc
/home/mariola/visual_ws/install/pubsub2/lib/python3.12/site-packages/pubsub2/__pycache__/filtered_sensor.cpython-312.pyc
/home/mariola/visual_ws/install/pubsub2/share/ament_index/resource_index/packages/pubsub2
/home/mariola/visual_ws/install/pubsub2/share/pubsub2/package.xml
/home/mariola/visual_ws/install/pubsub2/share/pubsub2/msg
/home/mariola/visual_ws/install/pubsub2/share/pubsub2/launch/sensors.launch.py
/home/mariola/visual_ws/install/pubsub2/lib/python3.12/site-packages/pubsub2-0.0.0-py3.12.egg-info/top_level.txt
/home/mariola/visual_ws/install/pubsub2/lib/python3.12/site-packages/pubsub2-0.0.0-py3.12.egg-info/zip-safe
/home/mariola/visual_ws/install/pubsub2/lib/python3.12/site-packages/pubsub2-0.0.0-py3.12.egg-info/entry_points.txt
/home/mariola/visual_ws/install/pubsub2/lib/python3.12/site-packages/pubsub2-0.0.0-py3.12.egg-info/requires.txt
/home/mariola/visual_ws/install/pubsub2/lib/python3.12/site-packages/pubsub2-0.0.0-py3.12.egg-info/PKG-INFO
/home/mariola/visual_ws/install/pubsub2/lib/python3.12/site-packages/pubsub2-0.0.0-py3.12.egg-info/SOURCES.txt
/home/mariola/visual_ws/install/pubsub2/lib/python3.12/site-packages/pubsub2-0.0.0-py3.12.egg-info/dependency_links.txt
/home/mariola/visual_ws/install/pubsub2/lib/pubsub2/filtered_sensor
/home/mariola/visual_ws/install/pubsub2/lib/pubsub2/filtered_subscriber
/home/mariola/visual_ws/install/pubsub2/lib/pubsub2/sensor1
/home/mariola/visual_ws/install/pubsub2/lib/pubsub2/sensor2
/home/mariola/visual_ws/install/pubsub2/lib/pubsub2/sensor3
