[0.124s] DEBUG:colcon:Command line arguments: ['/usr/bin/colcon', 'build']
[0.124s] DEBUG:colcon:Parsed command line arguments: Namespace(log_base=None, log_level=None, verb_name='build', build_base='build', install_base='install', merge_install=False, symlink_install=False, test_result_base=None, continue_on_error=False, executor='parallel', parallel_workers=12, event_handlers=None, ignore_user_meta=False, metas=['./colcon.meta'], base_paths=['.'], packages_ignore=None, packages_ignore_regex=None, paths=None, packages_up_to=None, packages_up_to_regex=None, packages_above=None, packages_above_and_dependencies=None, packages_above_depth=None, packages_select_by_dep=None, packages_skip_by_dep=None, packages_skip_up_to=None, packages_select_build_failed=False, packages_skip_build_finished=False, packages_select_test_failures=False, packages_skip_test_passed=False, packages_select=None, packages_skip=None, packages_select_regex=None, packages_skip_regex=None, packages_start=None, packages_end=None, allow_overriding=[], cmake_args=None, cmake_target=None, cmake_target_skip_unavailable=False, cmake_clean_cache=False, cmake_clean_first=False, cmake_force_configure=False, ament_cmake_args=None, catkin_cmake_args=None, catkin_skip_building_tests=False, mixin_files=None, mixin=None, verb_parser=<colcon_mixin.mixin.mixin_argument.MixinArgumentDecorator object at 0x77ee2e158e00>, verb_extension=<colcon_core.verb.build.BuildVerb object at 0x77ee2e1587a0>, main=<bound method BuildVerb.main of <colcon_core.verb.build.BuildVerb object at 0x77ee2e1587a0>>, mixin_verb=('build',))
[0.169s] Level 1:colcon.colcon_core.package_discovery:discover_packages(colcon_meta) check parameters
[0.170s] Level 1:colcon.colcon_core.package_discovery:discover_packages(recursive) check parameters
[0.170s] Level 1:colcon.colcon_core.package_discovery:discover_packages(ignore) check parameters
[0.170s] Level 1:colcon.colcon_core.package_discovery:discover_packages(path) check parameters
[0.170s] Level 1:colcon.colcon_core.package_discovery:discover_packages(colcon_meta) discover
[0.170s] Level 1:colcon.colcon_core.package_discovery:discover_packages(recursive) discover
[0.170s] INFO:colcon.colcon_core.package_discovery:Crawling recursively for packages in '/home/mariola/ws_robotica'
[0.170s] Level 1:colcon.colcon_core.package_identification:_identify(.) by extensions ['ignore', 'ignore_ament_install']
[0.170s] Level 1:colcon.colcon_core.package_identification:_identify(.) by extension 'ignore'
[0.170s] Level 1:colcon.colcon_core.package_identification:_identify(.) by extension 'ignore_ament_install'
[0.170s] Level 1:colcon.colcon_core.package_identification:_identify(.) by extensions ['colcon_pkg']
[0.170s] Level 1:colcon.colcon_core.package_identification:_identify(.) by extension 'colcon_pkg'
[0.170s] Level 1:colcon.colcon_core.package_identification:_identify(.) by extensions ['colcon_meta']
[0.170s] Level 1:colcon.colcon_core.package_identification:_identify(.) by extension 'colcon_meta'
[0.170s] Level 1:colcon.colcon_core.package_identification:_identify(.) by extensions ['ros']
[0.170s] Level 1:colcon.colcon_core.package_identification:_identify(.) by extension 'ros'
[0.203s] Level 1:colcon.colcon_core.package_identification:_identify(.) by extensions ['cmake', 'python']
[0.203s] Level 1:colcon.colcon_core.package_identification:_identify(.) by extension 'cmake'
[0.203s] Level 1:colcon.colcon_core.package_identification:_identify(.) by extension 'python'
[0.203s] Level 1:colcon.colcon_core.package_identification:_identify(.) by extensions ['python_setup_py']
[0.203s] Level 1:colcon.colcon_core.package_identification:_identify(.) by extension 'python_setup_py'
[0.203s] Level 1:colcon.colcon_core.package_identification:_identify(build) by extensions ['ignore', 'ignore_ament_install']
[0.203s] Level 1:colcon.colcon_core.package_identification:_identify(build) by extension 'ignore'
[0.203s] Level 1:colcon.colcon_core.package_identification:_identify(build) ignored
[0.203s] Level 1:colcon.colcon_core.package_identification:_identify(install) by extensions ['ignore', 'ignore_ament_install']
[0.204s] Level 1:colcon.colcon_core.package_identification:_identify(install) by extension 'ignore'
[0.204s] Level 1:colcon.colcon_core.package_identification:_identify(install) ignored
[0.204s] Level 1:colcon.colcon_core.package_identification:_identify(log) by extensions ['ignore', 'ignore_ament_install']
[0.204s] Level 1:colcon.colcon_core.package_identification:_identify(log) by extension 'ignore'
[0.204s] Level 1:colcon.colcon_core.package_identification:_identify(log) ignored
[0.204s] Level 1:colcon.colcon_core.package_identification:_identify(src) by extensions ['ignore', 'ignore_ament_install']
[0.204s] Level 1:colcon.colcon_core.package_identification:_identify(src) by extension 'ignore'
[0.204s] Level 1:colcon.colcon_core.package_identification:_identify(src) by extension 'ignore_ament_install'
[0.204s] Level 1:colcon.colcon_core.package_identification:_identify(src) by extensions ['colcon_pkg']
[0.204s] Level 1:colcon.colcon_core.package_identification:_identify(src) by extension 'colcon_pkg'
[0.204s] Level 1:colcon.colcon_core.package_identification:_identify(src) by extensions ['colcon_meta']
[0.204s] Level 1:colcon.colcon_core.package_identification:_identify(src) by extension 'colcon_meta'
[0.204s] Level 1:colcon.colcon_core.package_identification:_identify(src) by extensions ['ros']
[0.204s] Level 1:colcon.colcon_core.package_identification:_identify(src) by extension 'ros'
[0.204s] Level 1:colcon.colcon_core.package_identification:_identify(src) by extensions ['cmake', 'python']
[0.204s] Level 1:colcon.colcon_core.package_identification:_identify(src) by extension 'cmake'
[0.204s] Level 1:colcon.colcon_core.package_identification:_identify(src) by extension 'python'
[0.204s] Level 1:colcon.colcon_core.package_identification:_identify(src) by extensions ['python_setup_py']
[0.204s] Level 1:colcon.colcon_core.package_identification:_identify(src) by extension 'python_setup_py'
[0.205s] Level 1:colcon.colcon_core.package_identification:_identify(src/ros2_tutorials) by extensions ['ignore', 'ignore_ament_install']
[0.205s] Level 1:colcon.colcon_core.package_identification:_identify(src/ros2_tutorials) by extension 'ignore'
[0.205s] Level 1:colcon.colcon_core.package_identification:_identify(src/ros2_tutorials) by extension 'ignore_ament_install'
[0.205s] Level 1:colcon.colcon_core.package_identification:_identify(src/ros2_tutorials) by extensions ['colcon_pkg']
[0.205s] Level 1:colcon.colcon_core.package_identification:_identify(src/ros2_tutorials) by extension 'colcon_pkg'
[0.205s] Level 1:colcon.colcon_core.package_identification:_identify(src/ros2_tutorials) by extensions ['colcon_meta']
[0.205s] Level 1:colcon.colcon_core.package_identification:_identify(src/ros2_tutorials) by extension 'colcon_meta'
[0.205s] Level 1:colcon.colcon_core.package_identification:_identify(src/ros2_tutorials) by extensions ['ros']
[0.205s] Level 1:colcon.colcon_core.package_identification:_identify(src/ros2_tutorials) by extension 'ros'
[0.205s] Level 1:colcon.colcon_core.package_identification:_identify(src/ros2_tutorials) by extensions ['cmake', 'python']
[0.205s] Level 1:colcon.colcon_core.package_identification:_identify(src/ros2_tutorials) by extension 'cmake'
[0.205s] Level 1:colcon.colcon_core.package_identification:_identify(src/ros2_tutorials) by extension 'python'
[0.205s] Level 1:colcon.colcon_core.package_identification:_identify(src/ros2_tutorials) by extensions ['python_setup_py']
[0.205s] Level 1:colcon.colcon_core.package_identification:_identify(src/ros2_tutorials) by extension 'python_setup_py'
[0.205s] Level 1:colcon.colcon_core.package_identification:_identify(src/ros2_tutorials/robot_description) by extensions ['ignore', 'ignore_ament_install']
[0.205s] Level 1:colcon.colcon_core.package_identification:_identify(src/ros2_tutorials/robot_description) by extension 'ignore'
[0.205s] Level 1:colcon.colcon_core.package_identification:_identify(src/ros2_tutorials/robot_description) by extension 'ignore_ament_install'
[0.205s] Level 1:colcon.colcon_core.package_identification:_identify(src/ros2_tutorials/robot_description) by extensions ['colcon_pkg']
[0.205s] Level 1:colcon.colcon_core.package_identification:_identify(src/ros2_tutorials/robot_description) by extension 'colcon_pkg'
[0.205s] Level 1:colcon.colcon_core.package_identification:_identify(src/ros2_tutorials/robot_description) by extensions ['colcon_meta']
[0.205s] Level 1:colcon.colcon_core.package_identification:_identify(src/ros2_tutorials/robot_description) by extension 'colcon_meta'
[0.206s] Level 1:colcon.colcon_core.package_identification:_identify(src/ros2_tutorials/robot_description) by extensions ['ros']
[0.206s] Level 1:colcon.colcon_core.package_identification:_identify(src/ros2_tutorials/robot_description) by extension 'ros'
[0.208s] DEBUG:colcon.colcon_core.package_identification:Package 'src/ros2_tutorials/robot_description' with type 'ros.ament_cmake' and name 'robot_description'
[0.208s] Level 1:colcon.colcon_core.package_identification:_identify(src/ros2_tutorials/robot_ik) by extensions ['ignore', 'ignore_ament_install']
[0.209s] Level 1:colcon.colcon_core.package_identification:_identify(src/ros2_tutorials/robot_ik) by extension 'ignore'
[0.209s] Level 1:colcon.colcon_core.package_identification:_identify(src/ros2_tutorials/robot_ik) by extension 'ignore_ament_install'
[0.209s] Level 1:colcon.colcon_core.package_identification:_identify(src/ros2_tutorials/robot_ik) by extensions ['colcon_pkg']
[0.209s] Level 1:colcon.colcon_core.package_identification:_identify(src/ros2_tutorials/robot_ik) by extension 'colcon_pkg'
[0.209s] Level 1:colcon.colcon_core.package_identification:_identify(src/ros2_tutorials/robot_ik) by extensions ['colcon_meta']
[0.209s] Level 1:colcon.colcon_core.package_identification:_identify(src/ros2_tutorials/robot_ik) by extension 'colcon_meta'
[0.209s] Level 1:colcon.colcon_core.package_identification:_identify(src/ros2_tutorials/robot_ik) by extensions ['ros']
[0.209s] Level 1:colcon.colcon_core.package_identification:_identify(src/ros2_tutorials/robot_ik) by extension 'ros'
[0.209s] Level 1:colcon.colcon_core.package_identification:_identify(src/ros2_tutorials/robot_ik) by extensions ['cmake', 'python']
[0.209s] Level 1:colcon.colcon_core.package_identification:_identify(src/ros2_tutorials/robot_ik) by extension 'cmake'
[0.209s] Level 1:colcon.colcon_core.package_identification:_identify(src/ros2_tutorials/robot_ik) by extension 'python'
[0.209s] Level 1:colcon.colcon_core.package_identification:_identify(src/ros2_tutorials/robot_ik) by extensions ['python_setup_py']
[0.209s] Level 1:colcon.colcon_core.package_identification:_identify(src/ros2_tutorials/robot_ik) by extension 'python_setup_py'
[0.209s] Level 1:colcon.colcon_core.package_identification:_identify(src/ros2_tutorials/robot_ik/robot_ik) by extensions ['ignore', 'ignore_ament_install']
[0.209s] Level 1:colcon.colcon_core.package_identification:_identify(src/ros2_tutorials/robot_ik/robot_ik) by extension 'ignore'
[0.209s] Level 1:colcon.colcon_core.package_identification:_identify(src/ros2_tutorials/robot_ik/robot_ik) by extension 'ignore_ament_install'
[0.210s] Level 1:colcon.colcon_core.package_identification:_identify(src/ros2_tutorials/robot_ik/robot_ik) by extensions ['colcon_pkg']
[0.210s] Level 1:colcon.colcon_core.package_identification:_identify(src/ros2_tutorials/robot_ik/robot_ik) by extension 'colcon_pkg'
[0.210s] Level 1:colcon.colcon_core.package_identification:_identify(src/ros2_tutorials/robot_ik/robot_ik) by extensions ['colcon_meta']
[0.210s] Level 1:colcon.colcon_core.package_identification:_identify(src/ros2_tutorials/robot_ik/robot_ik) by extension 'colcon_meta'
[0.210s] Level 1:colcon.colcon_core.package_identification:_identify(src/ros2_tutorials/robot_ik/robot_ik) by extensions ['ros']
[0.210s] Level 1:colcon.colcon_core.package_identification:_identify(src/ros2_tutorials/robot_ik/robot_ik) by extension 'ros'
[0.210s] Level 1:colcon.colcon_core.package_identification:_identify(src/ros2_tutorials/robot_ik/robot_ik) by extensions ['cmake', 'python']
[0.210s] Level 1:colcon.colcon_core.package_identification:_identify(src/ros2_tutorials/robot_ik/robot_ik) by extension 'cmake'
[0.210s] Level 1:colcon.colcon_core.package_identification:_identify(src/ros2_tutorials/robot_ik/robot_ik) by extension 'python'
[0.210s] Level 1:colcon.colcon_core.package_identification:_identify(src/ros2_tutorials/robot_ik/robot_ik) by extensions ['python_setup_py']
[0.210s] Level 1:colcon.colcon_core.package_identification:_identify(src/ros2_tutorials/robot_ik/robot_ik) by extension 'python_setup_py'
[0.210s] Level 1:colcon.colcon_core.package_identification:_identify(src/ros2_tutorials/visual_pubsub) by extensions ['ignore', 'ignore_ament_install']
[0.210s] Level 1:colcon.colcon_core.package_identification:_identify(src/ros2_tutorials/visual_pubsub) by extension 'ignore'
[0.210s] Level 1:colcon.colcon_core.package_identification:_identify(src/ros2_tutorials/visual_pubsub) by extension 'ignore_ament_install'
[0.210s] Level 1:colcon.colcon_core.package_identification:_identify(src/ros2_tutorials/visual_pubsub) by extensions ['colcon_pkg']
[0.210s] Level 1:colcon.colcon_core.package_identification:_identify(src/ros2_tutorials/visual_pubsub) by extension 'colcon_pkg'
[0.210s] Level 1:colcon.colcon_core.package_identification:_identify(src/ros2_tutorials/visual_pubsub) by extensions ['colcon_meta']
[0.210s] Level 1:colcon.colcon_core.package_identification:_identify(src/ros2_tutorials/visual_pubsub) by extension 'colcon_meta'
[0.210s] Level 1:colcon.colcon_core.package_identification:_identify(src/ros2_tutorials/visual_pubsub) by extensions ['ros']
[0.210s] Level 1:colcon.colcon_core.package_identification:_identify(src/ros2_tutorials/visual_pubsub) by extension 'ros'
[0.211s] DEBUG:colcon.colcon_core.package_identification:Package 'src/ros2_tutorials/visual_pubsub' with type 'ros.ament_python' and name 'visual_pubsub'
[0.211s] Level 1:colcon.colcon_core.package_discovery:discover_packages(recursive) using defaults
[0.211s] Level 1:colcon.colcon_core.package_discovery:discover_packages(ignore) discover
[0.211s] Level 1:colcon.colcon_core.package_discovery:discover_packages(ignore) using defaults
[0.211s] Level 1:colcon.colcon_core.package_discovery:discover_packages(path) discover
[0.211s] Level 1:colcon.colcon_core.package_discovery:discover_packages(path) using defaults
[0.233s] Level 1:colcon.colcon_core.package_discovery:discover_packages(prefix_path) check parameters
[0.233s] Level 1:colcon.colcon_core.package_discovery:discover_packages(prefix_path) discover
[0.235s] DEBUG:colcon.colcon_installed_package_information.package_discovery:Found 3 installed packages in /home/mariola/ws_robotica/install
[0.235s] DEBUG:colcon.colcon_installed_package_information.package_discovery:Found 5 installed packages in /home/mariola/visual_ws/install
[0.237s] DEBUG:colcon.colcon_installed_package_information.package_discovery:Found 289 installed packages in /opt/ros/jazzy
[0.238s] Level 1:colcon.colcon_core.package_discovery:discover_packages(prefix_path) using defaults
[0.281s] Level 5:colcon.colcon_core.verb:set package 'robot_description' build argument 'cmake_args' from command line to 'None'
[0.281s] Level 5:colcon.colcon_core.verb:set package 'robot_description' build argument 'cmake_target' from command line to 'None'
[0.281s] Level 5:colcon.colcon_core.verb:set package 'robot_description' build argument 'cmake_target_skip_unavailable' from command line to 'False'
[0.281s] Level 5:colcon.colcon_core.verb:set package 'robot_description' build argument 'cmake_clean_cache' from command line to 'False'
[0.281s] Level 5:colcon.colcon_core.verb:set package 'robot_description' build argument 'cmake_clean_first' from command line to 'False'
[0.281s] Level 5:colcon.colcon_core.verb:set package 'robot_description' build argument 'cmake_force_configure' from command line to 'False'
[0.281s] Level 5:colcon.colcon_core.verb:set package 'robot_description' build argument 'ament_cmake_args' from command line to 'None'
[0.281s] Level 5:colcon.colcon_core.verb:set package 'robot_description' build argument 'catkin_cmake_args' from command line to 'None'
[0.281s] Level 5:colcon.colcon_core.verb:set package 'robot_description' build argument 'catkin_skip_building_tests' from command line to 'False'
[0.281s] DEBUG:colcon.colcon_core.verb:Building package 'robot_description' with the following arguments: {'ament_cmake_args': None, 'build_base': '/home/mariola/ws_robotica/build/robot_description', 'catkin_cmake_args': None, 'catkin_skip_building_tests': False, 'cmake_args': None, 'cmake_clean_cache': False, 'cmake_clean_first': False, 'cmake_force_configure': False, 'cmake_target': None, 'cmake_target_skip_unavailable': False, 'install_base': '/home/mariola/ws_robotica/install/robot_description', 'merge_install': False, 'path': '/home/mariola/ws_robotica/src/ros2_tutorials/robot_description', 'symlink_install': False, 'test_result_base': None}
[0.281s] Level 5:colcon.colcon_core.verb:set package 'visual_pubsub' build argument 'cmake_args' from command line to 'None'
[0.281s] Level 5:colcon.colcon_core.verb:set package 'visual_pubsub' build argument 'cmake_target' from command line to 'None'
[0.281s] Level 5:colcon.colcon_core.verb:set package 'visual_pubsub' build argument 'cmake_target_skip_unavailable' from command line to 'False'
[0.281s] Level 5:colcon.colcon_core.verb:set package 'visual_pubsub' build argument 'cmake_clean_cache' from command line to 'False'
[0.281s] Level 5:colcon.colcon_core.verb:set package 'visual_pubsub' build argument 'cmake_clean_first' from command line to 'False'
[0.281s] Level 5:colcon.colcon_core.verb:set package 'visual_pubsub' build argument 'cmake_force_configure' from command line to 'False'
[0.281s] Level 5:colcon.colcon_core.verb:set package 'visual_pubsub' build argument 'ament_cmake_args' from command line to 'None'
[0.281s] Level 5:colcon.colcon_core.verb:set package 'visual_pubsub' build argument 'catkin_cmake_args' from command line to 'None'
[0.281s] Level 5:colcon.colcon_core.verb:set package 'visual_pubsub' build argument 'catkin_skip_building_tests' from command line to 'False'
[0.281s] DEBUG:colcon.colcon_core.verb:Building package 'visual_pubsub' with the following arguments: {'ament_cmake_args': None, 'build_base': '/home/mariola/ws_robotica/build/visual_pubsub', 'catkin_cmake_args': None, 'catkin_skip_building_tests': False, 'cmake_args': None, 'cmake_clean_cache': False, 'cmake_clean_first': False, 'cmake_force_configure': False, 'cmake_target': None, 'cmake_target_skip_unavailable': False, 'install_base': '/home/mariola/ws_robotica/install/visual_pubsub', 'merge_install': False, 'path': '/home/mariola/ws_robotica/src/ros2_tutorials/visual_pubsub', 'symlink_install': False, 'test_result_base': None}
[0.282s] INFO:colcon.colcon_core.executor:Executing jobs using 'parallel' executor
[0.283s] DEBUG:colcon.colcon_parallel_executor.executor.parallel:run_until_complete
[0.283s] INFO:colcon.colcon_ros.task.ament_cmake.build:Building ROS package in '/home/mariola/ws_robotica/src/ros2_tutorials/robot_description' with build type 'ament_cmake'
[0.283s] INFO:colcon.colcon_cmake.task.cmake.build:Building CMake package in '/home/mariola/ws_robotica/src/ros2_tutorials/robot_description'
[0.285s] INFO:colcon.colcon_core.plugin_system:Skipping extension 'colcon_core.shell.bat': Not used on non-Windows systems
[0.286s] INFO:colcon.colcon_core.shell:Skip shell extension 'powershell' for command environment: Not usable outside of PowerShell
[0.286s] DEBUG:colcon.colcon_core.shell:Skip shell extension 'dsv' for command environment
[0.290s] INFO:colcon.colcon_ros.task.ament_python.build:Building ROS package in '/home/mariola/ws_robotica/src/ros2_tutorials/visual_pubsub' with build type 'ament_python'
[0.290s] Level 1:colcon.colcon_core.shell:create_environment_hook('visual_pubsub', 'ament_prefix_path')
[0.291s] INFO:colcon.colcon_core.shell:Creating environment hook '/home/mariola/ws_robotica/install/visual_pubsub/share/visual_pubsub/hook/ament_prefix_path.ps1'
[0.291s] INFO:colcon.colcon_core.shell:Creating environment descriptor '/home/mariola/ws_robotica/install/visual_pubsub/share/visual_pubsub/hook/ament_prefix_path.dsv'
[0.292s] INFO:colcon.colcon_core.shell:Creating environment hook '/home/mariola/ws_robotica/install/visual_pubsub/share/visual_pubsub/hook/ament_prefix_path.sh'
[0.292s] INFO:colcon.colcon_core.shell:Skip shell extension 'powershell' for command environment: Not usable outside of PowerShell
[0.293s] DEBUG:colcon.colcon_core.shell:Skip shell extension 'dsv' for command environment
[0.301s] DEBUG:colcon.colcon_core.event_handler.log_command:Invoking command in '/home/mariola/ws_robotica/build/robot_description': CMAKE_PREFIX_PATH=${CMAKE_PREFIX_PATH}:/home/mariola/ws_robotica/install/robot_ik:/home/mariola/ws_robotica/install/robot_description:/home/mariola/ws_robotica/install/robot_control:/home/mariola/visual_ws/install/pubsub2:/home/mariola/visual_ws/install/visual_pubsub:/home/mariola/visual_ws/install/robot_ik:/opt/ros/jazzy DEBUGINFOD_URLS=https://debuginfod.ubuntu.com /usr/bin/cmake /home/mariola/ws_robotica/src/ros2_tutorials/robot_description -DCMAKE_INSTALL_PREFIX=/home/mariola/ws_robotica/install/robot_description
[0.574s] INFO:colcon.colcon_core.task.python.build:Building Python package in '/home/mariola/ws_robotica/src/ros2_tutorials/visual_pubsub'
[0.574s] INFO:colcon.colcon_core.shell:Skip shell extension 'powershell' for command environment: Not usable outside of PowerShell
[0.574s] DEBUG:colcon.colcon_core.shell:Skip shell extension 'dsv' for command environment
[1.263s] DEBUG:colcon.colcon_core.event_handler.log_command:Invoking command in '/home/mariola/ws_robotica/src/ros2_tutorials/visual_pubsub': DEBUGINFOD_URLS=https://debuginfod.ubuntu.com PYTHONPATH=/home/mariola/ws_robotica/build/visual_pubsub/prefix_override:/usr/lib/python3/dist-packages/colcon_core/task/python/colcon_distutils_commands:/home/mariola/ws_robotica/install/visual_pubsub/lib/python3.12/site-packages:${PYTHONPATH} /usr/bin/python3 -W ignore:setup.py install is deprecated -W ignore:easy_install command is deprecated setup.py egg_info --egg-base ../../../build/visual_pubsub build --build-base /home/mariola/ws_robotica/build/visual_pubsub/build install --record /home/mariola/ws_robotica/build/visual_pubsub/install.log --single-version-externally-managed install_data
[1.369s] DEBUG:colcon.colcon_core.event_handler.log_command:Invoked command in '/home/mariola/ws_robotica/build/robot_description' returned '0': CMAKE_PREFIX_PATH=${CMAKE_PREFIX_PATH}:/home/mariola/ws_robotica/install/robot_ik:/home/mariola/ws_robotica/install/robot_description:/home/mariola/ws_robotica/install/robot_control:/home/mariola/visual_ws/install/pubsub2:/home/mariola/visual_ws/install/visual_pubsub:/home/mariola/visual_ws/install/robot_ik:/opt/ros/jazzy DEBUGINFOD_URLS=https://debuginfod.ubuntu.com /usr/bin/cmake /home/mariola/ws_robotica/src/ros2_tutorials/robot_description -DCMAKE_INSTALL_PREFIX=/home/mariola/ws_robotica/install/robot_description
[1.371s] DEBUG:colcon.colcon_core.event_handler.log_command:Invoking command in '/home/mariola/ws_robotica/build/robot_description': CMAKE_PREFIX_PATH=${CMAKE_PREFIX_PATH}:/home/mariola/ws_robotica/install/robot_ik:/home/mariola/ws_robotica/install/robot_description:/home/mariola/ws_robotica/install/robot_control:/home/mariola/visual_ws/install/pubsub2:/home/mariola/visual_ws/install/visual_pubsub:/home/mariola/visual_ws/install/robot_ik:/opt/ros/jazzy DEBUGINFOD_URLS=https://debuginfod.ubuntu.com /usr/bin/cmake --build /home/mariola/ws_robotica/build/robot_description -- -j12 -l12
[1.420s] DEBUG:colcon.colcon_core.event_handler.log_command:Invoked command in '/home/mariola/ws_robotica/build/robot_description' returned '0': CMAKE_PREFIX_PATH=${CMAKE_PREFIX_PATH}:/home/mariola/ws_robotica/install/robot_ik:/home/mariola/ws_robotica/install/robot_description:/home/mariola/ws_robotica/install/robot_control:/home/mariola/visual_ws/install/pubsub2:/home/mariola/visual_ws/install/visual_pubsub:/home/mariola/visual_ws/install/robot_ik:/opt/ros/jazzy DEBUGINFOD_URLS=https://debuginfod.ubuntu.com /usr/bin/cmake --build /home/mariola/ws_robotica/build/robot_description -- -j12 -l12
[1.432s] DEBUG:colcon.colcon_core.event_handler.log_command:Invoking command in '/home/mariola/ws_robotica/build/robot_description': CMAKE_PREFIX_PATH=${CMAKE_PREFIX_PATH}:/home/mariola/ws_robotica/install/robot_ik:/home/mariola/ws_robotica/install/robot_description:/home/mariola/ws_robotica/install/robot_control:/home/mariola/visual_ws/install/pubsub2:/home/mariola/visual_ws/install/visual_pubsub:/home/mariola/visual_ws/install/robot_ik:/opt/ros/jazzy DEBUGINFOD_URLS=https://debuginfod.ubuntu.com /usr/bin/cmake --install /home/mariola/ws_robotica/build/robot_description
[1.459s] Level 1:colcon.colcon_core.environment:create_environment_scripts_only(robot_description)
[1.460s] DEBUG:colcon.colcon_core.event_handler.log_command:Invoked command in '/home/mariola/ws_robotica/build/robot_description' returned '0': CMAKE_PREFIX_PATH=${CMAKE_PREFIX_PATH}:/home/mariola/ws_robotica/install/robot_ik:/home/mariola/ws_robotica/install/robot_description:/home/mariola/ws_robotica/install/robot_control:/home/mariola/visual_ws/install/pubsub2:/home/mariola/visual_ws/install/visual_pubsub:/home/mariola/visual_ws/install/robot_ik:/opt/ros/jazzy DEBUGINFOD_URLS=https://debuginfod.ubuntu.com /usr/bin/cmake --install /home/mariola/ws_robotica/build/robot_description
[1.464s] Level 1:colcon.colcon_core.environment:checking '/home/mariola/ws_robotica/install/robot_description' for CMake module files
[1.465s] Level 1:colcon.colcon_core.environment:checking '/home/mariola/ws_robotica/install/robot_description' for CMake config files
[1.465s] Level 1:colcon.colcon_core.shell:create_environment_hook('robot_description', 'cmake_prefix_path')
[1.465s] INFO:colcon.colcon_core.shell:Creating environment hook '/home/mariola/ws_robotica/install/robot_description/share/robot_description/hook/cmake_prefix_path.ps1'
[1.466s] INFO:colcon.colcon_core.shell:Creating environment descriptor '/home/mariola/ws_robotica/install/robot_description/share/robot_description/hook/cmake_prefix_path.dsv'
[1.467s] INFO:colcon.colcon_core.shell:Creating environment hook '/home/mariola/ws_robotica/install/robot_description/share/robot_description/hook/cmake_prefix_path.sh'
[1.468s] Level 1:colcon.colcon_core.environment:checking '/home/mariola/ws_robotica/install/robot_description/lib'
[1.468s] Level 1:colcon.colcon_core.environment:checking '/home/mariola/ws_robotica/install/robot_description/bin'
[1.468s] Level 1:colcon.colcon_core.environment:checking '/home/mariola/ws_robotica/install/robot_description/lib/pkgconfig/robot_description.pc'
[1.469s] Level 1:colcon.colcon_core.environment:checking '/home/mariola/ws_robotica/install/robot_description/lib/python3.12/site-packages'
[1.470s] Level 1:colcon.colcon_core.shell:create_environment_hook('robot_description', 'pythonpath')
[1.470s] INFO:colcon.colcon_core.shell:Creating environment hook '/home/mariola/ws_robotica/install/robot_description/share/robot_description/hook/pythonpath.ps1'
[1.471s] INFO:colcon.colcon_core.shell:Creating environment descriptor '/home/mariola/ws_robotica/install/robot_description/share/robot_description/hook/pythonpath.dsv'
[1.471s] INFO:colcon.colcon_core.shell:Creating environment hook '/home/mariola/ws_robotica/install/robot_description/share/robot_description/hook/pythonpath.sh'
[1.472s] Level 1:colcon.colcon_core.environment:checking '/home/mariola/ws_robotica/install/robot_description/bin'
[1.473s] INFO:colcon.colcon_core.shell:Creating package script '/home/mariola/ws_robotica/install/robot_description/share/robot_description/package.ps1'
[1.473s] INFO:colcon.colcon_core.shell:Creating package descriptor '/home/mariola/ws_robotica/install/robot_description/share/robot_description/package.dsv'
[1.474s] INFO:colcon.colcon_core.shell:Creating package script '/home/mariola/ws_robotica/install/robot_description/share/robot_description/package.sh'
[1.475s] INFO:colcon.colcon_core.shell:Creating package script '/home/mariola/ws_robotica/install/robot_description/share/robot_description/package.bash'
[1.475s] INFO:colcon.colcon_core.shell:Creating package script '/home/mariola/ws_robotica/install/robot_description/share/robot_description/package.zsh'
[1.476s] Level 1:colcon.colcon_core.environment:create_file_with_runtime_dependencies(/home/mariola/ws_robotica/install/robot_description/share/colcon-core/packages/robot_description)
[1.476s] Level 1:colcon.colcon_core.environment:create_environment_scripts_only(robot_description)
[1.476s] Level 1:colcon.colcon_core.environment:checking '/home/mariola/ws_robotica/install/robot_description' for CMake module files
[1.477s] Level 1:colcon.colcon_core.environment:checking '/home/mariola/ws_robotica/install/robot_description' for CMake config files
[1.477s] Level 1:colcon.colcon_core.shell:create_environment_hook('robot_description', 'cmake_prefix_path')
[1.477s] INFO:colcon.colcon_core.shell:Creating environment hook '/home/mariola/ws_robotica/install/robot_description/share/robot_description/hook/cmake_prefix_path.ps1'
[1.478s] INFO:colcon.colcon_core.shell:Creating environment descriptor '/home/mariola/ws_robotica/install/robot_description/share/robot_description/hook/cmake_prefix_path.dsv'
[1.478s] INFO:colcon.colcon_core.shell:Creating environment hook '/home/mariola/ws_robotica/install/robot_description/share/robot_description/hook/cmake_prefix_path.sh'
[1.478s] Level 1:colcon.colcon_core.environment:checking '/home/mariola/ws_robotica/install/robot_description/lib'
[1.479s] Level 1:colcon.colcon_core.environment:checking '/home/mariola/ws_robotica/install/robot_description/bin'
[1.479s] Level 1:colcon.colcon_core.environment:checking '/home/mariola/ws_robotica/install/robot_description/lib/pkgconfig/robot_description.pc'
[1.479s] Level 1:colcon.colcon_core.environment:checking '/home/mariola/ws_robotica/install/robot_description/lib/python3.12/site-packages'
[1.479s] Level 1:colcon.colcon_core.shell:create_environment_hook('robot_description', 'pythonpath')
[1.479s] INFO:colcon.colcon_core.shell:Creating environment hook '/home/mariola/ws_robotica/install/robot_description/share/robot_description/hook/pythonpath.ps1'
[1.480s] INFO:colcon.colcon_core.shell:Creating environment descriptor '/home/mariola/ws_robotica/install/robot_description/share/robot_description/hook/pythonpath.dsv'
[1.480s] INFO:colcon.colcon_core.shell:Creating environment hook '/home/mariola/ws_robotica/install/robot_description/share/robot_description/hook/pythonpath.sh'
[1.480s] Level 1:colcon.colcon_core.environment:checking '/home/mariola/ws_robotica/install/robot_description/bin'
[1.481s] INFO:colcon.colcon_core.shell:Creating package script '/home/mariola/ws_robotica/install/robot_description/share/robot_description/package.ps1'
[1.481s] INFO:colcon.colcon_core.shell:Creating package descriptor '/home/mariola/ws_robotica/install/robot_description/share/robot_description/package.dsv'
[1.482s] INFO:colcon.colcon_core.shell:Creating package script '/home/mariola/ws_robotica/install/robot_description/share/robot_description/package.sh'
[1.482s] INFO:colcon.colcon_core.shell:Creating package script '/home/mariola/ws_robotica/install/robot_description/share/robot_description/package.bash'
[1.482s] INFO:colcon.colcon_core.shell:Creating package script '/home/mariola/ws_robotica/install/robot_description/share/robot_description/package.zsh'
[1.483s] Level 1:colcon.colcon_core.environment:create_file_with_runtime_dependencies(/home/mariola/ws_robotica/install/robot_description/share/colcon-core/packages/robot_description)
[1.856s] Level 1:colcon.colcon_core.environment:checking '/home/mariola/ws_robotica/install/visual_pubsub' for CMake module files
[1.857s] DEBUG:colcon.colcon_core.event_handler.log_command:Invoked command in '/home/mariola/ws_robotica/src/ros2_tutorials/visual_pubsub' returned '0': DEBUGINFOD_URLS=https://debuginfod.ubuntu.com PYTHONPATH=/home/mariola/ws_robotica/build/visual_pubsub/prefix_override:/usr/lib/python3/dist-packages/colcon_core/task/python/colcon_distutils_commands:/home/mariola/ws_robotica/install/visual_pubsub/lib/python3.12/site-packages:${PYTHONPATH} /usr/bin/python3 -W ignore:setup.py install is deprecated -W ignore:easy_install command is deprecated setup.py egg_info --egg-base ../../../build/visual_pubsub build --build-base /home/mariola/ws_robotica/build/visual_pubsub/build install --record /home/mariola/ws_robotica/build/visual_pubsub/install.log --single-version-externally-managed install_data
[1.858s] Level 1:colcon.colcon_core.environment:checking '/home/mariola/ws_robotica/install/visual_pubsub' for CMake config files
[1.858s] Level 1:colcon.colcon_core.environment:checking '/home/mariola/ws_robotica/install/visual_pubsub/lib'
[1.858s] Level 1:colcon.colcon_core.environment:checking '/home/mariola/ws_robotica/install/visual_pubsub/bin'
[1.858s] Level 1:colcon.colcon_core.environment:checking '/home/mariola/ws_robotica/install/visual_pubsub/lib/pkgconfig/visual_pubsub.pc'
[1.859s] Level 1:colcon.colcon_core.environment:checking '/home/mariola/ws_robotica/install/visual_pubsub/lib/python3.12/site-packages'
[1.859s] Level 1:colcon.colcon_core.shell:create_environment_hook('visual_pubsub', 'pythonpath')
[1.859s] INFO:colcon.colcon_core.shell:Creating environment hook '/home/mariola/ws_robotica/install/visual_pubsub/share/visual_pubsub/hook/pythonpath.ps1'
[1.859s] INFO:colcon.colcon_core.shell:Creating environment descriptor '/home/mariola/ws_robotica/install/visual_pubsub/share/visual_pubsub/hook/pythonpath.dsv'
[1.860s] INFO:colcon.colcon_core.shell:Creating environment hook '/home/mariola/ws_robotica/install/visual_pubsub/share/visual_pubsub/hook/pythonpath.sh'
[1.860s] Level 1:colcon.colcon_core.environment:checking '/home/mariola/ws_robotica/install/visual_pubsub/bin'
[1.861s] Level 1:colcon.colcon_core.environment:create_environment_scripts_only(visual_pubsub)
[1.861s] INFO:colcon.colcon_core.shell:Creating package script '/home/mariola/ws_robotica/install/visual_pubsub/share/visual_pubsub/package.ps1'
[1.861s] INFO:colcon.colcon_core.shell:Creating package descriptor '/home/mariola/ws_robotica/install/visual_pubsub/share/visual_pubsub/package.dsv'
[1.862s] INFO:colcon.colcon_core.shell:Creating package script '/home/mariola/ws_robotica/install/visual_pubsub/share/visual_pubsub/package.sh'
[1.862s] INFO:colcon.colcon_core.shell:Creating package script '/home/mariola/ws_robotica/install/visual_pubsub/share/visual_pubsub/package.bash'
[1.862s] INFO:colcon.colcon_core.shell:Creating package script '/home/mariola/ws_robotica/install/visual_pubsub/share/visual_pubsub/package.zsh'
[1.862s] Level 1:colcon.colcon_core.environment:create_file_with_runtime_dependencies(/home/mariola/ws_robotica/install/visual_pubsub/share/colcon-core/packages/visual_pubsub)
[1.863s] DEBUG:colcon.colcon_parallel_executor.executor.parallel:closing loop
[1.863s] DEBUG:colcon.colcon_parallel_executor.executor.parallel:loop closed
[1.863s] DEBUG:colcon.colcon_parallel_executor.executor.parallel:run_until_complete finished with '0'
[1.863s] DEBUG:colcon.colcon_core.event_reactor:joining thread
[1.871s] INFO:colcon.colcon_core.plugin_system:Skipping extension 'colcon_notification.desktop_notification.terminal_notifier': Not used on non-Darwin systems
[1.871s] INFO:colcon.colcon_core.plugin_system:Skipping extension 'colcon_notification.desktop_notification.win32': Not used on non-Windows systems
[1.871s] INFO:colcon.colcon_notification.desktop_notification:Sending desktop notification using 'notify2'
[1.894s] DEBUG:colcon.colcon_core.event_reactor:joined thread
[1.895s] INFO:colcon.colcon_core.shell:Creating prefix script '/home/mariola/ws_robotica/install/local_setup.ps1'
[1.896s] INFO:colcon.colcon_core.shell:Creating prefix util module '/home/mariola/ws_robotica/install/_local_setup_util_ps1.py'
[1.897s] INFO:colcon.colcon_core.shell:Creating prefix chain script '/home/mariola/ws_robotica/install/setup.ps1'
[1.899s] INFO:colcon.colcon_core.shell:Creating prefix script '/home/mariola/ws_robotica/install/local_setup.sh'
[1.899s] INFO:colcon.colcon_core.shell:Creating prefix util module '/home/mariola/ws_robotica/install/_local_setup_util_sh.py'
[1.900s] INFO:colcon.colcon_core.shell:Creating prefix chain script '/home/mariola/ws_robotica/install/setup.sh'
[1.901s] INFO:colcon.colcon_core.shell:Creating prefix script '/home/mariola/ws_robotica/install/local_setup.bash'
[1.902s] INFO:colcon.colcon_core.shell:Creating prefix chain script '/home/mariola/ws_robotica/install/setup.bash'
[1.903s] INFO:colcon.colcon_core.shell:Creating prefix script '/home/mariola/ws_robotica/install/local_setup.zsh'
[1.904s] INFO:colcon.colcon_core.shell:Creating prefix chain script '/home/mariola/ws_robotica/install/setup.zsh'
