[1.489s] Invoking command in '/home/mariola/ws_robotica/src/robot_control': DEBUGINFOD_URLS=https://debuginfod.ubuntu.com PYTHONPATH=/home/mariola/ws_robotica/build/robot_control/prefix_override:/usr/lib/python3/dist-packages/colcon_core/task/python/colcon_distutils_commands:/home/mariola/ws_robotica/install/robot_control/lib/python3.12/site-packages:${PYTHONPATH} /usr/bin/python3 -W ignore:setup.py install is deprecated -W ignore:easy_install command is deprecated setup.py egg_info --egg-base ../../build/robot_control build --build-base /home/mariola/ws_robotica/build/robot_control/build install --record /home/mariola/ws_robotica/build/robot_control/install.log --single-version-externally-managed install_data
[1.778s] running egg_info
[1.778s] creating ../../build/robot_control/robot_control.egg-info
[1.797s] writing ../../build/robot_control/robot_control.egg-info/PKG-INFO
[1.797s] writing dependency_links to ../../build/robot_control/robot_control.egg-info/dependency_links.txt
[1.798s] writing requirements to ../../build/robot_control/robot_control.egg-info/requires.txt
[1.798s] writing top-level names to ../../build/robot_control/robot_control.egg-info/top_level.txt
[1.798s] writing manifest file '../../build/robot_control/robot_control.egg-info/SOURCES.txt'
[1.837s] reading manifest file '../../build/robot_control/robot_control.egg-info/SOURCES.txt'
[1.838s] writing manifest file '../../build/robot_control/robot_control.egg-info/SOURCES.txt'
[1.838s] running build
[1.838s] running build_py
[1.839s] creating /home/mariola/ws_robotica/build/robot_control/build
[1.839s] creating /home/mariola/ws_robotica/build/robot_control/build/lib
[1.839s] creating /home/mariola/ws_robotica/build/robot_control/build/lib/robot_control
[1.839s] copying robot_control/__init__.py -> /home/mariola/ws_robotica/build/robot_control/build/lib/robot_control
[1.839s] running install
[1.846s] running install_lib
[1.866s] creating /home/mariola/ws_robotica/install/robot_control/lib/python3.12/site-packages/robot_control
[1.866s] copying /home/mariola/ws_robotica/build/robot_control/build/lib/robot_control/__init__.py -> /home/mariola/ws_robotica/install/robot_control/lib/python3.12/site-packages/robot_control
[1.867s] byte-compiling /home/mariola/ws_robotica/install/robot_control/lib/python3.12/site-packages/robot_control/__init__.py to __init__.cpython-312.pyc
[1.867s] running install_data
[1.868s] creating /home/mariola/ws_robotica/install/robot_control/share/ament_index
[1.868s] creating /home/mariola/ws_robotica/install/robot_control/share/ament_index/resource_index
[1.868s] creating /home/mariola/ws_robotica/install/robot_control/share/ament_index/resource_index/packages
[1.868s] copying resource/robot_control -> /home/mariola/ws_robotica/install/robot_control/share/ament_index/resource_index/packages
[1.868s] copying package.xml -> /home/mariola/ws_robotica/install/robot_control/share/robot_control
[1.869s] running install_egg_info
[1.889s] Copying ../../build/robot_control/robot_control.egg-info to /home/mariola/ws_robotica/install/robot_control/lib/python3.12/site-packages/robot_control-0.0.0-py3.12.egg-info
[1.889s] running install_scripts
[2.026s] writing list of installed files to '/home/mariola/ws_robotica/build/robot_control/install.log'
[2.071s] Invoked command in '/home/mariola/ws_robotica/src/robot_control' returned '0': DEBUGINFOD_URLS=https://debuginfod.ubuntu.com PYTHONPATH=/home/mariola/ws_robotica/build/robot_control/prefix_override:/usr/lib/python3/dist-packages/colcon_core/task/python/colcon_distutils_commands:/home/mariola/ws_robotica/install/robot_control/lib/python3.12/site-packages:${PYTHONPATH} /usr/bin/python3 -W ignore:setup.py install is deprecated -W ignore:easy_install command is deprecated setup.py egg_info --egg-base ../../build/robot_control build --build-base /home/mariola/ws_robotica/build/robot_control/build install --record /home/mariola/ws_robotica/build/robot_control/install.log --single-version-externally-managed install_data
