[0.028s] Invoking command in '/home/mariola/ws_robotica/build/pubsub2_interfaces': CMAKE_PREFIX_PATH=${CMAKE_PREFIX_PATH}:/home/mariola/ws_robotica/install/pubsub2:/home/mariola/ws_robotica/install/visual_pubsub:/home/mariola/ws_robotica/install/robot_ik:/home/mariola/ws_robotica/install/robot_control:/home/mariola/visual_ws/install/pubsub2:/home/mariola/visual_ws/install/visual_pubsub:/home/mariola/visual_ws/install/robot_ik:/opt/ros/jazzy DEBUGINFOD_URLS=https://debuginfod.ubuntu.com /usr/bin/cmake --build /home/mariola/ws_robotica/build/pubsub2_interfaces -- -j12 -l12
[0.041s] [0mCMake Error: The current CMakeCache.txt directory /home/mariola/ws_robotica/build/pubsub2_interfaces/CMakeCache.txt is different than the directory /home/mariola/visual_ws/build/pubsub2_interfaces where CMakeCache.txt was created. This may result in binaries being created in the wrong place. If you are not sure, reedit the CMakeCache.txt[0m
[0.109s] [  2%] Built target pubsub2_interfaces__rosidl_generator_type_description
[0.122s] [  2%] Built target ament_cmake_python_copy_pubsub2_interfaces
[0.139s] [  5%] Built target pubsub2_interfaces__cpp
[0.143s] [ 20%] Built target pubsub2_interfaces__rosidl_generator_c
[0.188s] [ 29%] Built target pubsub2_interfaces__rosidl_typesupport_c
[0.189s] [ 38%] Built target pubsub2_interfaces__rosidl_typesupport_introspection_cpp
[0.190s] [ 47%] Built target pubsub2_interfaces__rosidl_typesupport_fastrtps_c
[0.195s] [ 55%] Built target pubsub2_interfaces__rosidl_typesupport_cpp
[0.197s] [ 64%] Built target pubsub2_interfaces__rosidl_typesupport_fastrtps_cpp
[0.197s] [ 73%] Built target pubsub2_interfaces__rosidl_typesupport_introspection_c
[0.228s] [ 73%] Built target pubsub2_interfaces
[0.261s] [ 76%] Built target pubsub2_interfaces__py
[0.296s] [ 82%] Built target pubsub2_interfaces__rosidl_generator_py
[0.323s] [ 88%] Built target pubsub2_interfaces_s__rosidl_typesupport_fastrtps_c
[0.331s] [ 94%] Built target pubsub2_interfaces_s__rosidl_typesupport_c
[0.331s] [100%] Built target pubsub2_interfaces_s__rosidl_typesupport_introspection_c
[0.421s] running egg_info
[0.442s] writing pubsub2_interfaces.egg-info/PKG-INFO
[0.443s] writing dependency_links to pubsub2_interfaces.egg-info/dependency_links.txt
[0.443s] writing top-level names to pubsub2_interfaces.egg-info/top_level.txt
[0.502s] reading manifest file 'pubsub2_interfaces.egg-info/SOURCES.txt'
[0.503s] writing manifest file 'pubsub2_interfaces.egg-info/SOURCES.txt'
[0.541s] [100%] Built target ament_cmake_python_build_pubsub2_interfaces_egg
[0.555s] Invoked command in '/home/mariola/ws_robotica/build/pubsub2_interfaces' returned '0': CMAKE_PREFIX_PATH=${CMAKE_PREFIX_PATH}:/home/mariola/ws_robotica/install/pubsub2:/home/mariola/ws_robotica/install/visual_pubsub:/home/mariola/ws_robotica/install/robot_ik:/home/mariola/ws_robotica/install/robot_control:/home/mariola/visual_ws/install/pubsub2:/home/mariola/visual_ws/install/visual_pubsub:/home/mariola/visual_ws/install/robot_ik:/opt/ros/jazzy DEBUGINFOD_URLS=https://debuginfod.ubuntu.com /usr/bin/cmake --build /home/mariola/ws_robotica/build/pubsub2_interfaces -- -j12 -l12
[0.556s] Invoking command in '/home/mariola/ws_robotica/build/pubsub2_interfaces': CMAKE_PREFIX_PATH=${CMAKE_PREFIX_PATH}:/home/mariola/ws_robotica/install/pubsub2:/home/mariola/ws_robotica/install/visual_pubsub:/home/mariola/ws_robotica/install/robot_ik:/home/mariola/ws_robotica/install/robot_control:/home/mariola/visual_ws/install/pubsub2:/home/mariola/visual_ws/install/visual_pubsub:/home/mariola/visual_ws/install/robot_ik:/opt/ros/jazzy DEBUGINFOD_URLS=https://debuginfod.ubuntu.com /usr/bin/cmake --install /home/mariola/ws_robotica/build/pubsub2_interfaces
[0.566s] -- Install configuration: ""
[0.566s] -- Up-to-date: /home/mariola/visual_ws/install/pubsub2_interfaces/share/ament_index/resource_index/rosidl_interfaces/pubsub2_interfaces
[0.566s] -- Up-to-date: /home/mariola/visual_ws/install/pubsub2_interfaces/share/pubsub2_interfaces/msg/FiltroSensor.json
[0.567s] -- Up-to-date: /home/mariola/visual_ws/install/pubsub2_interfaces/include/pubsub2_interfaces/pubsub2_interfaces
[0.567s] -- Up-to-date: /home/mariola/visual_ws/install/pubsub2_interfaces/include/pubsub2_interfaces/pubsub2_interfaces/msg
[0.567s] -- Up-to-date: /home/mariola/visual_ws/install/pubsub2_interfaces/include/pubsub2_interfaces/pubsub2_interfaces/msg/rosidl_generator_c__visibility_control.h
[0.567s] -- Up-to-date: /home/mariola/visual_ws/install/pubsub2_interfaces/include/pubsub2_interfaces/pubsub2_interfaces/msg/filtro_sensor.h
[0.568s] -- Up-to-date: /home/mariola/visual_ws/install/pubsub2_interfaces/include/pubsub2_interfaces/pubsub2_interfaces/msg/detail
[0.568s] -- Up-to-date: /home/mariola/visual_ws/install/pubsub2_interfaces/include/pubsub2_interfaces/pubsub2_interfaces/msg/detail/filtro_sensor__description.c
[0.568s] -- Up-to-date: /home/mariola/visual_ws/install/pubsub2_interfaces/include/pubsub2_interfaces/pubsub2_interfaces/msg/detail/filtro_sensor__struct.h
[0.568s] -- Up-to-date: /home/mariola/visual_ws/install/pubsub2_interfaces/include/pubsub2_interfaces/pubsub2_interfaces/msg/detail/filtro_sensor__type_support.c
[0.569s] -- Up-to-date: /home/mariola/visual_ws/install/pubsub2_interfaces/include/pubsub2_interfaces/pubsub2_interfaces/msg/detail/filtro_sensor__type_support.h
[0.569s] -- Up-to-date: /home/mariola/visual_ws/install/pubsub2_interfaces/include/pubsub2_interfaces/pubsub2_interfaces/msg/detail/filtro_sensor__functions.h
[0.569s] -- Up-to-date: /home/mariola/visual_ws/install/pubsub2_interfaces/include/pubsub2_interfaces/pubsub2_interfaces/msg/detail/filtro_sensor__functions.c
[0.569s] -- Up-to-date: /home/mariola/visual_ws/install/pubsub2_interfaces/share/pubsub2_interfaces/environment/library_path.sh
[0.569s] -- Up-to-date: /home/mariola/visual_ws/install/pubsub2_interfaces/share/pubsub2_interfaces/environment/library_path.dsv
[0.570s] -- Up-to-date: /home/mariola/visual_ws/install/pubsub2_interfaces/lib/libpubsub2_interfaces__rosidl_generator_c.so
[0.570s] -- Up-to-date: /home/mariola/visual_ws/install/pubsub2_interfaces/include/pubsub2_interfaces/pubsub2_interfaces
[0.570s] -- Up-to-date: /home/mariola/visual_ws/install/pubsub2_interfaces/include/pubsub2_interfaces/pubsub2_interfaces/msg
[0.570s] -- Up-to-date: /home/mariola/visual_ws/install/pubsub2_interfaces/include/pubsub2_interfaces/pubsub2_interfaces/msg/detail
[0.570s] -- Up-to-date: /home/mariola/visual_ws/install/pubsub2_interfaces/include/pubsub2_interfaces/pubsub2_interfaces/msg/detail/filtro_sensor__rosidl_typesupport_fastrtps_c.h
[0.570s] -- Up-to-date: /home/mariola/visual_ws/install/pubsub2_interfaces/include/pubsub2_interfaces/pubsub2_interfaces/msg/rosidl_typesupport_fastrtps_c__visibility_control.h
[0.570s] -- Up-to-date: /home/mariola/visual_ws/install/pubsub2_interfaces/lib/libpubsub2_interfaces__rosidl_typesupport_fastrtps_c.so
[0.570s] -- Up-to-date: /home/mariola/visual_ws/install/pubsub2_interfaces/include/pubsub2_interfaces/pubsub2_interfaces
[0.570s] -- Up-to-date: /home/mariola/visual_ws/install/pubsub2_interfaces/include/pubsub2_interfaces/pubsub2_interfaces/msg
[0.570s] -- Up-to-date: /home/mariola/visual_ws/install/pubsub2_interfaces/include/pubsub2_interfaces/pubsub2_interfaces/msg/rosidl_typesupport_introspection_c__visibility_control.h
[0.571s] -- Up-to-date: /home/mariola/visual_ws/install/pubsub2_interfaces/include/pubsub2_interfaces/pubsub2_interfaces/msg/detail
[0.571s] -- Up-to-date: /home/mariola/visual_ws/install/pubsub2_interfaces/include/pubsub2_interfaces/pubsub2_interfaces/msg/detail/filtro_sensor__rosidl_typesupport_introspection_c.h
[0.571s] -- Up-to-date: /home/mariola/visual_ws/install/pubsub2_interfaces/include/pubsub2_interfaces/pubsub2_interfaces/msg/detail/filtro_sensor__type_support.c
[0.571s] -- Up-to-date: /home/mariola/visual_ws/install/pubsub2_interfaces/lib/libpubsub2_interfaces__rosidl_typesupport_introspection_c.so
[0.571s] -- Up-to-date: /home/mariola/visual_ws/install/pubsub2_interfaces/lib/libpubsub2_interfaces__rosidl_typesupport_c.so
[0.571s] -- Up-to-date: /home/mariola/visual_ws/install/pubsub2_interfaces/include/pubsub2_interfaces/pubsub2_interfaces
[0.571s] -- Up-to-date: /home/mariola/visual_ws/install/pubsub2_interfaces/include/pubsub2_interfaces/pubsub2_interfaces/msg
[0.571s] -- Up-to-date: /home/mariola/visual_ws/install/pubsub2_interfaces/include/pubsub2_interfaces/pubsub2_interfaces/msg/rosidl_generator_cpp__visibility_control.hpp
[0.571s] -- Up-to-date: /home/mariola/visual_ws/install/pubsub2_interfaces/include/pubsub2_interfaces/pubsub2_interfaces/msg/filtro_sensor.hpp
[0.571s] -- Up-to-date: /home/mariola/visual_ws/install/pubsub2_interfaces/include/pubsub2_interfaces/pubsub2_interfaces/msg/detail
[0.571s] -- Up-to-date: /home/mariola/visual_ws/install/pubsub2_interfaces/include/pubsub2_interfaces/pubsub2_interfaces/msg/detail/filtro_sensor__struct.hpp
[0.571s] -- Up-to-date: /home/mariola/visual_ws/install/pubsub2_interfaces/include/pubsub2_interfaces/pubsub2_interfaces/msg/detail/filtro_sensor__type_support.hpp
[0.571s] -- Up-to-date: /home/mariola/visual_ws/install/pubsub2_interfaces/include/pubsub2_interfaces/pubsub2_interfaces/msg/detail/filtro_sensor__builder.hpp
[0.571s] -- Up-to-date: /home/mariola/visual_ws/install/pubsub2_interfaces/include/pubsub2_interfaces/pubsub2_interfaces/msg/detail/filtro_sensor__traits.hpp
[0.571s] -- Up-to-date: /home/mariola/visual_ws/install/pubsub2_interfaces/include/pubsub2_interfaces/pubsub2_interfaces
[0.571s] -- Up-to-date: /home/mariola/visual_ws/install/pubsub2_interfaces/include/pubsub2_interfaces/pubsub2_interfaces/msg
[0.571s] -- Up-to-date: /home/mariola/visual_ws/install/pubsub2_interfaces/include/pubsub2_interfaces/pubsub2_interfaces/msg/detail
[0.572s] -- Up-to-date: /home/mariola/visual_ws/install/pubsub2_interfaces/include/pubsub2_interfaces/pubsub2_interfaces/msg/detail/dds_fastrtps
[0.572s] -- Up-to-date: /home/mariola/visual_ws/install/pubsub2_interfaces/include/pubsub2_interfaces/pubsub2_interfaces/msg/detail/filtro_sensor__rosidl_typesupport_fastrtps_cpp.hpp
[0.572s] -- Up-to-date: /home/mariola/visual_ws/install/pubsub2_interfaces/include/pubsub2_interfaces/pubsub2_interfaces/msg/rosidl_typesupport_fastrtps_cpp__visibility_control.h
[0.572s] -- Up-to-date: /home/mariola/visual_ws/install/pubsub2_interfaces/lib/libpubsub2_interfaces__rosidl_typesupport_fastrtps_cpp.so
[0.572s] -- Up-to-date: /home/mariola/visual_ws/install/pubsub2_interfaces/include/pubsub2_interfaces/pubsub2_interfaces
[0.572s] -- Up-to-date: /home/mariola/visual_ws/install/pubsub2_interfaces/include/pubsub2_interfaces/pubsub2_interfaces/msg
[0.572s] -- Up-to-date: /home/mariola/visual_ws/install/pubsub2_interfaces/include/pubsub2_interfaces/pubsub2_interfaces/msg/detail
[0.572s] -- Up-to-date: /home/mariola/visual_ws/install/pubsub2_interfaces/include/pubsub2_interfaces/pubsub2_interfaces/msg/detail/filtro_sensor__rosidl_typesupport_introspection_cpp.hpp
[0.572s] -- Up-to-date: /home/mariola/visual_ws/install/pubsub2_interfaces/include/pubsub2_interfaces/pubsub2_interfaces/msg/detail/filtro_sensor__type_support.cpp
[0.572s] -- Up-to-date: /home/mariola/visual_ws/install/pubsub2_interfaces/lib/libpubsub2_interfaces__rosidl_typesupport_introspection_cpp.so
[0.572s] -- Up-to-date: /home/mariola/visual_ws/install/pubsub2_interfaces/lib/libpubsub2_interfaces__rosidl_typesupport_cpp.so
[0.572s] -- Up-to-date: /home/mariola/visual_ws/install/pubsub2_interfaces/share/pubsub2_interfaces/environment/pythonpath.sh
[0.572s] -- Up-to-date: /home/mariola/visual_ws/install/pubsub2_interfaces/share/pubsub2_interfaces/environment/pythonpath.dsv
[0.572s] -- Up-to-date: /home/mariola/visual_ws/install/pubsub2_interfaces/lib/python3.12/site-packages/pubsub2_interfaces-0.0.0-py3.12.egg-info
[0.572s] -- Installing: /home/mariola/visual_ws/install/pubsub2_interfaces/lib/python3.12/site-packages/pubsub2_interfaces-0.0.0-py3.12.egg-info/top_level.txt
[0.572s] -- Installing: /home/mariola/visual_ws/install/pubsub2_interfaces/lib/python3.12/site-packages/pubsub2_interfaces-0.0.0-py3.12.egg-info/PKG-INFO
[0.572s] -- Installing: /home/mariola/visual_ws/install/pubsub2_interfaces/lib/python3.12/site-packages/pubsub2_interfaces-0.0.0-py3.12.egg-info/SOURCES.txt
[0.572s] -- Installing: /home/mariola/visual_ws/install/pubsub2_interfaces/lib/python3.12/site-packages/pubsub2_interfaces-0.0.0-py3.12.egg-info/dependency_links.txt
[0.573s] -- Up-to-date: /home/mariola/visual_ws/install/pubsub2_interfaces/lib/python3.12/site-packages/pubsub2_interfaces
[0.573s] -- Up-to-date: /home/mariola/visual_ws/install/pubsub2_interfaces/lib/python3.12/site-packages/pubsub2_interfaces/msg
[0.573s] -- Up-to-date: /home/mariola/visual_ws/install/pubsub2_interfaces/lib/python3.12/site-packages/pubsub2_interfaces/msg/__init__.py
[0.573s] -- Up-to-date: /home/mariola/visual_ws/install/pubsub2_interfaces/lib/python3.12/site-packages/pubsub2_interfaces/msg/_filtro_sensor.py
[0.573s] -- Up-to-date: /home/mariola/visual_ws/install/pubsub2_interfaces/lib/python3.12/site-packages/pubsub2_interfaces/msg/_filtro_sensor_s.c
[0.573s] -- Up-to-date: /home/mariola/visual_ws/install/pubsub2_interfaces/lib/python3.12/site-packages/pubsub2_interfaces/__init__.py
[0.573s] -- Up-to-date: /home/mariola/visual_ws/install/pubsub2_interfaces/lib/python3.12/site-packages/pubsub2_interfaces/_pubsub2_interfaces_s.ep.rosidl_typesupport_fastrtps_c.c
[0.573s] -- Up-to-date: /home/mariola/visual_ws/install/pubsub2_interfaces/lib/python3.12/site-packages/pubsub2_interfaces/_pubsub2_interfaces_s.ep.rosidl_typesupport_c.c
[0.573s] -- Up-to-date: /home/mariola/visual_ws/install/pubsub2_interfaces/lib/python3.12/site-packages/pubsub2_interfaces/pubsub2_interfaces_s__rosidl_typesupport_introspection_c.so
[0.573s] -- Up-to-date: /home/mariola/visual_ws/install/pubsub2_interfaces/lib/python3.12/site-packages/pubsub2_interfaces/pubsub2_interfaces_s__rosidl_typesupport_fastrtps_c.so
[0.573s] -- Up-to-date: /home/mariola/visual_ws/install/pubsub2_interfaces/lib/python3.12/site-packages/pubsub2_interfaces/_pubsub2_interfaces_s.ep.rosidl_typesupport_introspection_c.c
[0.573s] -- Up-to-date: /home/mariola/visual_ws/install/pubsub2_interfaces/lib/python3.12/site-packages/pubsub2_interfaces/pubsub2_interfaces_s__rosidl_typesupport_c.so
[0.616s] Listing '/home/mariola/visual_ws/install/pubsub2_interfaces/lib/python3.12/site-packages/pubsub2_interfaces'...
[0.616s] Listing '/home/mariola/visual_ws/install/pubsub2_interfaces/lib/python3.12/site-packages/pubsub2_interfaces/msg'...
[0.624s] -- Up-to-date: /home/mariola/visual_ws/install/pubsub2_interfaces/lib/python3.12/site-packages/pubsub2_interfaces/pubsub2_interfaces_s__rosidl_typesupport_fastrtps_c.so
[0.624s] -- Up-to-date: /home/mariola/visual_ws/install/pubsub2_interfaces/lib/python3.12/site-packages/pubsub2_interfaces/pubsub2_interfaces_s__rosidl_typesupport_introspection_c.so
[0.624s] -- Up-to-date: /home/mariola/visual_ws/install/pubsub2_interfaces/lib/python3.12/site-packages/pubsub2_interfaces/pubsub2_interfaces_s__rosidl_typesupport_c.so
[0.625s] -- Up-to-date: /home/mariola/visual_ws/install/pubsub2_interfaces/lib/libpubsub2_interfaces__rosidl_generator_py.so
[0.625s] -- Up-to-date: /home/mariola/visual_ws/install/pubsub2_interfaces/share/pubsub2_interfaces/msg/FiltroSensor.idl
[0.625s] -- Up-to-date: /home/mariola/visual_ws/install/pubsub2_interfaces/share/pubsub2_interfaces/msg/FiltroSensor.msg
[0.625s] -- Up-to-date: /home/mariola/visual_ws/install/pubsub2_interfaces/share/ament_index/resource_index/package_run_dependencies/pubsub2_interfaces
[0.626s] -- Up-to-date: /home/mariola/visual_ws/install/pubsub2_interfaces/share/ament_index/resource_index/parent_prefix_path/pubsub2_interfaces
[0.626s] -- Up-to-date: /home/mariola/visual_ws/install/pubsub2_interfaces/share/pubsub2_interfaces/environment/ament_prefix_path.sh
[0.626s] -- Up-to-date: /home/mariola/visual_ws/install/pubsub2_interfaces/share/pubsub2_interfaces/environment/ament_prefix_path.dsv
[0.626s] -- Up-to-date: /home/mariola/visual_ws/install/pubsub2_interfaces/share/pubsub2_interfaces/environment/path.sh
[0.626s] -- Up-to-date: /home/mariola/visual_ws/install/pubsub2_interfaces/share/pubsub2_interfaces/environment/path.dsv
[0.626s] -- Up-to-date: /home/mariola/visual_ws/install/pubsub2_interfaces/share/pubsub2_interfaces/local_setup.bash
[0.627s] -- Up-to-date: /home/mariola/visual_ws/install/pubsub2_interfaces/share/pubsub2_interfaces/local_setup.sh
[0.627s] -- Up-to-date: /home/mariola/visual_ws/install/pubsub2_interfaces/share/pubsub2_interfaces/local_setup.zsh
[0.627s] -- Up-to-date: /home/mariola/visual_ws/install/pubsub2_interfaces/share/pubsub2_interfaces/local_setup.dsv
[0.627s] -- Installing: /home/mariola/visual_ws/install/pubsub2_interfaces/share/pubsub2_interfaces/package.dsv
[0.627s] -- Up-to-date: /home/mariola/visual_ws/install/pubsub2_interfaces/share/ament_index/resource_index/packages/pubsub2_interfaces
[0.627s] -- Up-to-date: /home/mariola/visual_ws/install/pubsub2_interfaces/share/pubsub2_interfaces/cmake/export_pubsub2_interfaces__rosidl_generator_cExport.cmake
[0.628s] -- Up-to-date: /home/mariola/visual_ws/install/pubsub2_interfaces/share/pubsub2_interfaces/cmake/export_pubsub2_interfaces__rosidl_generator_cExport-noconfig.cmake
[0.628s] -- Up-to-date: /home/mariola/visual_ws/install/pubsub2_interfaces/share/pubsub2_interfaces/cmake/export_pubsub2_interfaces__rosidl_typesupport_fastrtps_cExport.cmake
[0.628s] -- Up-to-date: /home/mariola/visual_ws/install/pubsub2_interfaces/share/pubsub2_interfaces/cmake/export_pubsub2_interfaces__rosidl_typesupport_fastrtps_cExport-noconfig.cmake
[0.628s] -- Up-to-date: /home/mariola/visual_ws/install/pubsub2_interfaces/share/pubsub2_interfaces/cmake/pubsub2_interfaces__rosidl_typesupport_introspection_cExport.cmake
[0.629s] -- Up-to-date: /home/mariola/visual_ws/install/pubsub2_interfaces/share/pubsub2_interfaces/cmake/pubsub2_interfaces__rosidl_typesupport_introspection_cExport-noconfig.cmake
[0.629s] -- Up-to-date: /home/mariola/visual_ws/install/pubsub2_interfaces/share/pubsub2_interfaces/cmake/pubsub2_interfaces__rosidl_typesupport_cExport.cmake
[0.629s] -- Up-to-date: /home/mariola/visual_ws/install/pubsub2_interfaces/share/pubsub2_interfaces/cmake/pubsub2_interfaces__rosidl_typesupport_cExport-noconfig.cmake
[0.631s] -- Up-to-date: /home/mariola/visual_ws/install/pubsub2_interfaces/share/pubsub2_interfaces/cmake/export_pubsub2_interfaces__rosidl_generator_cppExport.cmake
[0.631s] -- Up-to-date: /home/mariola/visual_ws/install/pubsub2_interfaces/share/pubsub2_interfaces/cmake/export_pubsub2_interfaces__rosidl_typesupport_fastrtps_cppExport.cmake
[0.631s] -- Up-to-date: /home/mariola/visual_ws/install/pubsub2_interfaces/share/pubsub2_interfaces/cmake/export_pubsub2_interfaces__rosidl_typesupport_fastrtps_cppExport-noconfig.cmake
[0.631s] -- Up-to-date: /home/mariola/visual_ws/install/pubsub2_interfaces/share/pubsub2_interfaces/cmake/pubsub2_interfaces__rosidl_typesupport_introspection_cppExport.cmake
[0.632s] -- Up-to-date: /home/mariola/visual_ws/install/pubsub2_interfaces/share/pubsub2_interfaces/cmake/pubsub2_interfaces__rosidl_typesupport_introspection_cppExport-noconfig.cmake
[0.632s] -- Up-to-date: /home/mariola/visual_ws/install/pubsub2_interfaces/share/pubsub2_interfaces/cmake/pubsub2_interfaces__rosidl_typesupport_cppExport.cmake
[0.632s] -- Up-to-date: /home/mariola/visual_ws/install/pubsub2_interfaces/share/pubsub2_interfaces/cmake/pubsub2_interfaces__rosidl_typesupport_cppExport-noconfig.cmake
[0.632s] -- Up-to-date: /home/mariola/visual_ws/install/pubsub2_interfaces/share/pubsub2_interfaces/cmake/export_pubsub2_interfaces__rosidl_generator_pyExport.cmake
[0.632s] -- Up-to-date: /home/mariola/visual_ws/install/pubsub2_interfaces/share/pubsub2_interfaces/cmake/export_pubsub2_interfaces__rosidl_generator_pyExport-noconfig.cmake
[0.633s] -- Up-to-date: /home/mariola/visual_ws/install/pubsub2_interfaces/share/pubsub2_interfaces/cmake/rosidl_cmake-extras.cmake
[0.633s] -- Up-to-date: /home/mariola/visual_ws/install/pubsub2_interfaces/share/pubsub2_interfaces/cmake/ament_cmake_export_include_directories-extras.cmake
[0.633s] -- Up-to-date: /home/mariola/visual_ws/install/pubsub2_interfaces/share/pubsub2_interfaces/cmake/ament_cmake_export_libraries-extras.cmake
[0.633s] -- Up-to-date: /home/mariola/visual_ws/install/pubsub2_interfaces/share/pubsub2_interfaces/cmake/ament_cmake_export_targets-extras.cmake
[0.634s] -- Up-to-date: /home/mariola/visual_ws/install/pubsub2_interfaces/share/pubsub2_interfaces/cmake/rosidl_cmake_export_typesupport_targets-extras.cmake
[0.634s] -- Up-to-date: /home/mariola/visual_ws/install/pubsub2_interfaces/share/pubsub2_interfaces/cmake/ament_cmake_export_dependencies-extras.cmake
[0.634s] -- Up-to-date: /home/mariola/visual_ws/install/pubsub2_interfaces/share/pubsub2_interfaces/cmake/rosidl_cmake_export_typesupport_libraries-extras.cmake
[0.634s] -- Up-to-date: /home/mariola/visual_ws/install/pubsub2_interfaces/share/pubsub2_interfaces/cmake/pubsub2_interfacesConfig.cmake
[0.635s] -- Up-to-date: /home/mariola/visual_ws/install/pubsub2_interfaces/share/pubsub2_interfaces/cmake/pubsub2_interfacesConfig-version.cmake
[0.635s] -- Up-to-date: /home/mariola/visual_ws/install/pubsub2_interfaces/share/pubsub2_interfaces/package.xml
[0.635s] Invoked command in '/home/mariola/ws_robotica/build/pubsub2_interfaces' returned '0': CMAKE_PREFIX_PATH=${CMAKE_PREFIX_PATH}:/home/mariola/ws_robotica/install/pubsub2:/home/mariola/ws_robotica/install/visual_pubsub:/home/mariola/ws_robotica/install/robot_ik:/home/mariola/ws_robotica/install/robot_control:/home/mariola/visual_ws/install/pubsub2:/home/mariola/visual_ws/install/visual_pubsub:/home/mariola/visual_ws/install/robot_ik:/opt/ros/jazzy DEBUGINFOD_URLS=https://debuginfod.ubuntu.com /usr/bin/cmake --install /home/mariola/ws_robotica/build/pubsub2_interfaces
