[0.837s] Invoking command in '/home/mariola/visual_ws/src/ros2_tutorials/visual_pubsub': DEBUGINFOD_URLS=https://debuginfod.ubuntu.com PYTHONPATH=/home/mariola/visual_ws/build/visual_pubsub/prefix_override:/usr/lib/python3/dist-packages/colcon_core/task/python/colcon_distutils_commands:/home/mariola/visual_ws/install/visual_pubsub/lib/python3.12/site-packages:${PYTHONPATH} /usr/bin/python3 -W ignore:setup.py install is deprecated -W ignore:easy_install command is deprecated setup.py egg_info --egg-base ../../../build/visual_pubsub build --build-base /home/mariola/visual_ws/build/visual_pubsub/build install --record /home/mariola/visual_ws/build/visual_pubsub/install.log --single-version-externally-managed install_data
[1.011s] running egg_info
[1.021s] writing ../../../build/visual_pubsub/visual_pubsub.egg-info/PKG-INFO
[1.021s] writing dependency_links to ../../../build/visual_pubsub/visual_pubsub.egg-info/dependency_links.txt
[1.021s] writing entry points to ../../../build/visual_pubsub/visual_pubsub.egg-info/entry_points.txt
[1.021s] writing requirements to ../../../build/visual_pubsub/visual_pubsub.egg-info/requires.txt
[1.021s] writing top-level names to ../../../build/visual_pubsub/visual_pubsub.egg-info/top_level.txt
[1.045s] reading manifest file '../../../build/visual_pubsub/visual_pubsub.egg-info/SOURCES.txt'
[1.045s] adding license file 'LICENSE'
[1.045s] writing manifest file '../../../build/visual_pubsub/visual_pubsub.egg-info/SOURCES.txt'
[1.046s] running build
[1.046s] running build_py
[1.046s] running install
[1.050s] running install_lib
[1.062s] running install_data
[1.062s] running install_egg_info
[1.074s] removing '/home/mariola/visual_ws/install/visual_pubsub/lib/python3.12/site-packages/visual_pubsub-0.0.0-py3.12.egg-info' (and everything under it)
[1.075s] Copying ../../../build/visual_pubsub/visual_pubsub.egg-info to /home/mariola/visual_ws/install/visual_pubsub/lib/python3.12/site-packages/visual_pubsub-0.0.0-py3.12.egg-info
[1.075s] running install_scripts
[1.155s] Installing pub_joints script to /home/mariola/visual_ws/install/visual_pubsub/lib/visual_pubsub
[1.156s] Installing sub_joints script to /home/mariola/visual_ws/install/visual_pubsub/lib/visual_pubsub
[1.156s] writing list of installed files to '/home/mariola/visual_ws/build/visual_pubsub/install.log'
[1.188s] Invoked command in '/home/mariola/visual_ws/src/ros2_tutorials/visual_pubsub' returned '0': DEBUGINFOD_URLS=https://debuginfod.ubuntu.com PYTHONPATH=/home/mariola/visual_ws/build/visual_pubsub/prefix_override:/usr/lib/python3/dist-packages/colcon_core/task/python/colcon_distutils_commands:/home/mariola/visual_ws/install/visual_pubsub/lib/python3.12/site-packages:${PYTHONPATH} /usr/bin/python3 -W ignore:setup.py install is deprecated -W ignore:easy_install command is deprecated setup.py egg_info --egg-base ../../../build/visual_pubsub build --build-base /home/mariola/visual_ws/build/visual_pubsub/build install --record /home/mariola/visual_ws/build/visual_pubsub/install.log --single-version-externally-managed install_data
