running egg_info
writing ../../build/pubsub2/pubsub2.egg-info/PKG-INFO
writing dependency_links to ../../build/pubsub2/pubsub2.egg-info/dependency_links.txt
writing entry points to ../../build/pubsub2/pubsub2.egg-info/entry_points.txt
writing requirements to ../../build/pubsub2/pubsub2.egg-info/requires.txt
writing top-level names to ../../build/pubsub2/pubsub2.egg-info/top_level.txt
reading manifest file '../../build/pubsub2/pubsub2.egg-info/SOURCES.txt'
writing manifest file '../../build/pubsub2/pubsub2.egg-info/SOURCES.txt'
running build
running build_py
running install
running install_lib
running install_data
running install_egg_info
removing '/home/mariola/visual_ws/install/pubsub2/lib/python3.12/site-packages/pubsub2-0.0.0-py3.12.egg-info' (and everything under it)
Copying ../../build/pubsub2/pubsub2.egg-info to /home/mariola/visual_ws/install/pubsub2/lib/python3.12/site-packages/pubsub2-0.0.0-py3.12.egg-info
running install_scripts
Installing filtered_sensor script to /home/mariola/visual_ws/install/pubsub2/lib/pubsub2
Installing filtered_subscriber script to /home/mariola/visual_ws/install/pubsub2/lib/pubsub2
Installing sensor1 script to /home/mariola/visual_ws/install/pubsub2/lib/pubsub2
Installing sensor2 script to /home/mariola/visual_ws/install/pubsub2/lib/pubsub2
Installing sensor3 script to /home/mariola/visual_ws/install/pubsub2/lib/pubsub2
writing list of installed files to '/home/mariola/visual_ws/build/pubsub2/install.log'
