[0.582s] Invoking command in '/home/mariola/visual_ws/src/pubsub2': DEBUGINFOD_URLS=https://debuginfod.ubuntu.com PYTHONPATH=/home/mariola/visual_ws/build/pubsub2/prefix_override:/usr/lib/python3/dist-packages/colcon_core/task/python/colcon_distutils_commands:/home/mariola/visual_ws/install/pubsub2/lib/python3.12/site-packages:/home/mariola/visual_ws/install/pubsub2_interfaces/lib/python3.12/site-packages:/home/mariola/visual_ws/install/pubsub2/lib/python3.12/site-packages:/home/mariola/visual_ws/install/visual_pubsub/lib/python3.12/site-packages:/home/mariola/visual_ws/install/robot_ik/lib/python3.12/site-packages:/opt/ros/jazzy/lib/python3.12/site-packages /usr/bin/python3 -W ignore:setup.py install is deprecated -W ignore:easy_install command is deprecated setup.py egg_info --egg-base ../../build/pubsub2 build --build-base /home/mariola/visual_ws/build/pubsub2/build install --record /home/mariola/visual_ws/build/pubsub2/install.log --single-version-externally-managed install_data
[0.751s] running egg_info
[0.763s] writing ../../build/pubsub2/pubsub2.egg-info/PKG-INFO
[0.763s] writing dependency_links to ../../build/pubsub2/pubsub2.egg-info/dependency_links.txt
[0.764s] writing entry points to ../../build/pubsub2/pubsub2.egg-info/entry_points.txt
[0.764s] writing requirements to ../../build/pubsub2/pubsub2.egg-info/requires.txt
[0.764s] writing top-level names to ../../build/pubsub2/pubsub2.egg-info/top_level.txt
[0.787s] reading manifest file '../../build/pubsub2/pubsub2.egg-info/SOURCES.txt'
[0.787s] writing manifest file '../../build/pubsub2/pubsub2.egg-info/SOURCES.txt'
[0.788s] running build
[0.788s] running build_py
[0.788s] running install
[0.793s] running install_lib
[0.806s] running install_data
[0.806s] running install_egg_info
[0.819s] removing '/home/mariola/visual_ws/install/pubsub2/lib/python3.12/site-packages/pubsub2-0.0.0-py3.12.egg-info' (and everything under it)
[0.819s] Copying ../../build/pubsub2/pubsub2.egg-info to /home/mariola/visual_ws/install/pubsub2/lib/python3.12/site-packages/pubsub2-0.0.0-py3.12.egg-info
[0.819s] running install_scripts
[0.899s] Installing filtered_sensor script to /home/mariola/visual_ws/install/pubsub2/lib/pubsub2
[0.899s] Installing filtered_subscriber script to /home/mariola/visual_ws/install/pubsub2/lib/pubsub2
[0.900s] Installing sensor1 script to /home/mariola/visual_ws/install/pubsub2/lib/pubsub2
[0.900s] Installing sensor2 script to /home/mariola/visual_ws/install/pubsub2/lib/pubsub2
[0.900s] Installing sensor3 script to /home/mariola/visual_ws/install/pubsub2/lib/pubsub2
[0.900s] writing list of installed files to '/home/mariola/visual_ws/build/pubsub2/install.log'
[0.923s] Invoked command in '/home/mariola/visual_ws/src/pubsub2' returned '0': DEBUGINFOD_URLS=https://debuginfod.ubuntu.com PYTHONPATH=/home/mariola/visual_ws/build/pubsub2/prefix_override:/usr/lib/python3/dist-packages/colcon_core/task/python/colcon_distutils_commands:/home/mariola/visual_ws/install/pubsub2/lib/python3.12/site-packages:/home/mariola/visual_ws/install/pubsub2_interfaces/lib/python3.12/site-packages:/home/mariola/visual_ws/install/pubsub2/lib/python3.12/site-packages:/home/mariola/visual_ws/install/visual_pubsub/lib/python3.12/site-packages:/home/mariola/visual_ws/install/robot_ik/lib/python3.12/site-packages:/opt/ros/jazzy/lib/python3.12/site-packages /usr/bin/python3 -W ignore:setup.py install is deprecated -W ignore:easy_install command is deprecated setup.py egg_info --egg-base ../../build/pubsub2 build --build-base /home/mariola/visual_ws/build/pubsub2/build install --record /home/mariola/visual_ws/build/pubsub2/install.log --single-version-externally-managed install_data
