[0.744s] Invoking command in '/home/mariola/visual_ws/robot_ik': DEBUGINFOD_URLS=https://debuginfod.ubuntu.com PYTHONPATH=/home/mariola/visual_ws/build/robot_ik/prefix_override:/usr/lib/python3/dist-packages/colcon_core/task/python/colcon_distutils_commands:/home/mariola/visual_ws/install/robot_ik/lib/python3.12/site-packages:${PYTHONPATH} /usr/bin/python3 -W ignore:setup.py install is deprecated -W ignore:easy_install command is deprecated setup.py egg_info --egg-base ../build/robot_ik build --build-base /home/mariola/visual_ws/build/robot_ik/build install --record /home/mariola/visual_ws/build/robot_ik/install.log --single-version-externally-managed install_data
[0.917s] running egg_info
[0.928s] writing ../build/robot_ik/robot_ik.egg-info/PKG-INFO
[0.929s] writing dependency_links to ../build/robot_ik/robot_ik.egg-info/dependency_links.txt
[0.929s] writing entry points to ../build/robot_ik/robot_ik.egg-info/entry_points.txt
[0.929s] writing requirements to ../build/robot_ik/robot_ik.egg-info/requires.txt
[0.929s] writing top-level names to ../build/robot_ik/robot_ik.egg-info/top_level.txt
[0.951s] reading manifest file '../build/robot_ik/robot_ik.egg-info/SOURCES.txt'
[0.952s] writing manifest file '../build/robot_ik/robot_ik.egg-info/SOURCES.txt'
[0.952s] running build
[0.952s] running build_py
[0.952s] copying robot_ik/ik_nodeBio.py -> /home/mariola/visual_ws/build/robot_ik/build/lib/robot_ik
[0.953s] running install
[0.956s] running install_lib
[0.968s] copying /home/mariola/visual_ws/build/robot_ik/build/lib/robot_ik/ik_nodeBio.py -> /home/mariola/visual_ws/install/robot_ik/lib/python3.12/site-packages/robot_ik
[0.969s] byte-compiling /home/mariola/visual_ws/install/robot_ik/lib/python3.12/site-packages/robot_ik/ik_nodeBio.py to ik_nodeBio.cpython-312.pyc
[0.969s] running install_data
[0.969s] running install_egg_info
[0.983s] removing '/home/mariola/visual_ws/install/robot_ik/lib/python3.12/site-packages/robot_ik-0.0.0-py3.12.egg-info' (and everything under it)
[0.983s] Copying ../build/robot_ik/robot_ik.egg-info to /home/mariola/visual_ws/install/robot_ik/lib/python3.12/site-packages/robot_ik-0.0.0-py3.12.egg-info
[0.983s] running install_scripts
[1.094s] Installing ik_node script to /home/mariola/visual_ws/install/robot_ik/lib/robot_ik
[1.094s] Installing ik_nodebio script to /home/mariola/visual_ws/install/robot_ik/lib/robot_ik
[1.094s] writing list of installed files to '/home/mariola/visual_ws/build/robot_ik/install.log'
[1.133s] Invoked command in '/home/mariola/visual_ws/robot_ik' returned '0': DEBUGINFOD_URLS=https://debuginfod.ubuntu.com PYTHONPATH=/home/mariola/visual_ws/build/robot_ik/prefix_override:/usr/lib/python3/dist-packages/colcon_core/task/python/colcon_distutils_commands:/home/mariola/visual_ws/install/robot_ik/lib/python3.12/site-packages:${PYTHONPATH} /usr/bin/python3 -W ignore:setup.py install is deprecated -W ignore:easy_install command is deprecated setup.py egg_info --egg-base ../build/robot_ik build --build-base /home/mariola/visual_ws/build/robot_ik/build install --record /home/mariola/visual_ws/build/robot_ik/install.log --single-version-externally-managed install_data
