[1.465s] Invoking command in '/home/mariola/ws_robotica/src/robot_ik': DEBUGINFOD_URLS=https://debuginfod.ubuntu.com PYTHONPATH=/home/mariola/ws_robotica/build/robot_ik/prefix_override:/usr/lib/python3/dist-packages/colcon_core/task/python/colcon_distutils_commands:/home/mariola/ws_robotica/install/robot_ik/lib/python3.12/site-packages:${PYTHONPATH} /usr/bin/python3 -W ignore:setup.py install is deprecated -W ignore:easy_install command is deprecated setup.py egg_info --egg-base ../../build/robot_ik build --build-base /home/mariola/ws_robotica/build/robot_ik/build install --record /home/mariola/ws_robotica/build/robot_ik/install.log --single-version-externally-managed install_data
[1.758s] running egg_info
[1.758s] creating ../../build/robot_ik/robot_ik.egg-info
[1.777s] writing ../../build/robot_ik/robot_ik.egg-info/PKG-INFO
[1.778s] writing dependency_links to ../../build/robot_ik/robot_ik.egg-info/dependency_links.txt
[1.778s] writing requirements to ../../build/robot_ik/robot_ik.egg-info/requires.txt
[1.778s] writing top-level names to ../../build/robot_ik/robot_ik.egg-info/top_level.txt
[1.778s] writing manifest file '../../build/robot_ik/robot_ik.egg-info/SOURCES.txt'
[1.822s] reading manifest file '../../build/robot_ik/robot_ik.egg-info/SOURCES.txt'
[1.823s] writing manifest file '../../build/robot_ik/robot_ik.egg-info/SOURCES.txt'
[1.823s] running build
[1.823s] running build_py
[1.823s] creating /home/mariola/ws_robotica/build/robot_ik/build
[1.823s] creating /home/mariola/ws_robotica/build/robot_ik/build/lib
[1.824s] creating /home/mariola/ws_robotica/build/robot_ik/build/lib/robot_ik
[1.824s] copying robot_ik/__init__.py -> /home/mariola/ws_robotica/build/robot_ik/build/lib/robot_ik
[1.824s] running install
[1.831s] running install_lib
[1.850s] creating /home/mariola/ws_robotica/install/robot_ik/lib/python3.12/site-packages/robot_ik
[1.852s] copying /home/mariola/ws_robotica/build/robot_ik/build/lib/robot_ik/__init__.py -> /home/mariola/ws_robotica/install/robot_ik/lib/python3.12/site-packages/robot_ik
[1.852s] byte-compiling /home/mariola/ws_robotica/install/robot_ik/lib/python3.12/site-packages/robot_ik/__init__.py to __init__.cpython-312.pyc
[1.852s] running install_data
[1.852s] creating /home/mariola/ws_robotica/install/robot_ik/share/ament_index
[1.852s] creating /home/mariola/ws_robotica/install/robot_ik/share/ament_index/resource_index
[1.853s] creating /home/mariola/ws_robotica/install/robot_ik/share/ament_index/resource_index/packages
[1.853s] copying resource/robot_ik -> /home/mariola/ws_robotica/install/robot_ik/share/ament_index/resource_index/packages
[1.853s] copying package.xml -> /home/mariola/ws_robotica/install/robot_ik/share/robot_ik
[1.853s] running install_egg_info
[1.873s] Copying ../../build/robot_ik/robot_ik.egg-info to /home/mariola/ws_robotica/install/robot_ik/lib/python3.12/site-packages/robot_ik-0.0.0-py3.12.egg-info
[1.873s] running install_scripts
[2.010s] writing list of installed files to '/home/mariola/ws_robotica/build/robot_ik/install.log'
[2.069s] Invoked command in '/home/mariola/ws_robotica/src/robot_ik' returned '0': DEBUGINFOD_URLS=https://debuginfod.ubuntu.com PYTHONPATH=/home/mariola/ws_robotica/build/robot_ik/prefix_override:/usr/lib/python3/dist-packages/colcon_core/task/python/colcon_distutils_commands:/home/mariola/ws_robotica/install/robot_ik/lib/python3.12/site-packages:${PYTHONPATH} /usr/bin/python3 -W ignore:setup.py install is deprecated -W ignore:easy_install command is deprecated setup.py egg_info --egg-base ../../build/robot_ik build --build-base /home/mariola/ws_robotica/build/robot_ik/build install --record /home/mariola/ws_robotica/build/robot_ik/install.log --single-version-externally-managed install_data
