[0.765s] Invoking command in '/home/mariola/visual_ws/src/ros2_tutorials/visual_pubsub': DEBUGINFOD_URLS=https://debuginfod.ubuntu.com PYTHONPATH=/home/mariola/visual_ws/build/visual_pubsub/prefix_override:/usr/lib/python3/dist-packages/colcon_core/task/python/colcon_distutils_commands:/home/mariola/visual_ws/install/visual_pubsub/lib/python3.12/site-packages:${PYTHONPATH} /usr/bin/python3 -W ignore:setup.py install is deprecated -W ignore:easy_install command is deprecated setup.py egg_info --egg-base ../../../build/visual_pubsub build --build-base /home/mariola/visual_ws/build/visual_pubsub/build install --record /home/mariola/visual_ws/build/visual_pubsub/install.log --single-version-externally-managed install_data
[0.947s] running egg_info
[0.947s] creating ../../../build/visual_pubsub/visual_pubsub.egg-info
[0.958s] writing ../../../build/visual_pubsub/visual_pubsub.egg-info/PKG-INFO
[0.959s] writing dependency_links to ../../../build/visual_pubsub/visual_pubsub.egg-info/dependency_links.txt
[0.959s] writing entry points to ../../../build/visual_pubsub/visual_pubsub.egg-info/entry_points.txt
[0.959s] writing requirements to ../../../build/visual_pubsub/visual_pubsub.egg-info/requires.txt
[0.959s] writing top-level names to ../../../build/visual_pubsub/visual_pubsub.egg-info/top_level.txt
[0.959s] writing manifest file '../../../build/visual_pubsub/visual_pubsub.egg-info/SOURCES.txt'
[0.984s] reading manifest file '../../../build/visual_pubsub/visual_pubsub.egg-info/SOURCES.txt'
[0.984s] adding license file 'LICENSE'
[0.985s] writing manifest file '../../../build/visual_pubsub/visual_pubsub.egg-info/SOURCES.txt'
[0.985s] running build
[0.985s] running build_py
[0.985s] creating /home/mariola/visual_ws/build/visual_pubsub/build
[0.985s] creating /home/mariola/visual_ws/build/visual_pubsub/build/lib
[0.985s] creating /home/mariola/visual_ws/build/visual_pubsub/build/lib/visual_pubsub
[0.985s] copying visual_pubsub/sub_joints.py -> /home/mariola/visual_ws/build/visual_pubsub/build/lib/visual_pubsub
[0.985s] copying visual_pubsub/__init__.py -> /home/mariola/visual_ws/build/visual_pubsub/build/lib/visual_pubsub
[0.986s] copying visual_pubsub/pub_joints.py -> /home/mariola/visual_ws/build/visual_pubsub/build/lib/visual_pubsub
[0.986s] copying visual_pubsub/inverse_kinematics.py -> /home/mariola/visual_ws/build/visual_pubsub/build/lib/visual_pubsub
[0.986s] running install
[0.990s] running install_lib
[1.002s] creating /home/mariola/visual_ws/install/visual_pubsub/lib/python3.12/site-packages/visual_pubsub
[1.002s] copying /home/mariola/visual_ws/build/visual_pubsub/build/lib/visual_pubsub/sub_joints.py -> /home/mariola/visual_ws/install/visual_pubsub/lib/python3.12/site-packages/visual_pubsub
[1.002s] copying /home/mariola/visual_ws/build/visual_pubsub/build/lib/visual_pubsub/__init__.py -> /home/mariola/visual_ws/install/visual_pubsub/lib/python3.12/site-packages/visual_pubsub
[1.002s] copying /home/mariola/visual_ws/build/visual_pubsub/build/lib/visual_pubsub/pub_joints.py -> /home/mariola/visual_ws/install/visual_pubsub/lib/python3.12/site-packages/visual_pubsub
[1.002s] copying /home/mariola/visual_ws/build/visual_pubsub/build/lib/visual_pubsub/inverse_kinematics.py -> /home/mariola/visual_ws/install/visual_pubsub/lib/python3.12/site-packages/visual_pubsub
[1.002s] byte-compiling /home/mariola/visual_ws/install/visual_pubsub/lib/python3.12/site-packages/visual_pubsub/sub_joints.py to sub_joints.cpython-312.pyc
[1.003s] byte-compiling /home/mariola/visual_ws/install/visual_pubsub/lib/python3.12/site-packages/visual_pubsub/__init__.py to __init__.cpython-312.pyc
[1.003s] byte-compiling /home/mariola/visual_ws/install/visual_pubsub/lib/python3.12/site-packages/visual_pubsub/pub_joints.py to pub_joints.cpython-312.pyc
[1.003s] byte-compiling /home/mariola/visual_ws/install/visual_pubsub/lib/python3.12/site-packages/visual_pubsub/inverse_kinematics.py to inverse_kinematics.cpython-312.pyc
[1.004s] running install_data
[1.005s] creating /home/mariola/visual_ws/install/visual_pubsub/share/ament_index
[1.005s] creating /home/mariola/visual_ws/install/visual_pubsub/share/ament_index/resource_index
[1.005s] creating /home/mariola/visual_ws/install/visual_pubsub/share/ament_index/resource_index/packages
[1.005s] copying resource/visual_pubsub -> /home/mariola/visual_ws/install/visual_pubsub/share/ament_index/resource_index/packages
[1.005s] copying package.xml -> /home/mariola/visual_ws/install/visual_pubsub/share/visual_pubsub
[1.005s] running install_egg_info
[1.018s] Copying ../../../build/visual_pubsub/visual_pubsub.egg-info to /home/mariola/visual_ws/install/visual_pubsub/lib/python3.12/site-packages/visual_pubsub-0.0.0-py3.12.egg-info
[1.018s] running install_scripts
[1.108s] Installing pub_joints script to /home/mariola/visual_ws/install/visual_pubsub/lib/visual_pubsub
[1.109s] Installing sub_joints script to /home/mariola/visual_ws/install/visual_pubsub/lib/visual_pubsub
[1.109s] writing list of installed files to '/home/mariola/visual_ws/build/visual_pubsub/install.log'
[1.147s] Invoked command in '/home/mariola/visual_ws/src/ros2_tutorials/visual_pubsub' returned '0': DEBUGINFOD_URLS=https://debuginfod.ubuntu.com PYTHONPATH=/home/mariola/visual_ws/build/visual_pubsub/prefix_override:/usr/lib/python3/dist-packages/colcon_core/task/python/colcon_distutils_commands:/home/mariola/visual_ws/install/visual_pubsub/lib/python3.12/site-packages:${PYTHONPATH} /usr/bin/python3 -W ignore:setup.py install is deprecated -W ignore:easy_install command is deprecated setup.py egg_info --egg-base ../../../build/visual_pubsub build --build-base /home/mariola/visual_ws/build/visual_pubsub/build install --record /home/mariola/visual_ws/build/visual_pubsub/install.log --single-version-externally-managed install_data
