[0.070s] DEBUG:colcon:Command line arguments: ['/usr/bin/colcon', 'build']
[0.070s] DEBUG:colcon:Parsed command line arguments: Namespace(log_base=None, log_level=None, verb_name='build', build_base='build', install_base='install', merge_install=False, symlink_install=False, test_result_base=None, continue_on_error=False, executor='parallel', parallel_workers=12, event_handlers=None, ignore_user_meta=False, metas=['./colcon.meta'], base_paths=['.'], packages_ignore=None, packages_ignore_regex=None, paths=None, packages_up_to=None, packages_up_to_regex=None, packages_above=None, packages_above_and_dependencies=None, packages_above_depth=None, packages_select_by_dep=None, packages_skip_by_dep=None, packages_skip_up_to=None, packages_select_build_failed=False, packages_skip_build_finished=False, packages_select_test_failures=False, packages_skip_test_passed=False, packages_select=None, packages_skip=None, packages_select_regex=None, packages_skip_regex=None, packages_start=None, packages_end=None, allow_overriding=[], cmake_args=None, cmake_target=None, cmake_target_skip_unavailable=False, cmake_clean_cache=False, cmake_clean_first=False, cmake_force_configure=False, ament_cmake_args=None, catkin_cmake_args=None, catkin_skip_building_tests=False, mixin_files=None, mixin=None, verb_parser=<colcon_mixin.mixin.mixin_argument.MixinArgumentDecorator object at 0x7c4871d5c1a0>, verb_extension=<colcon_core.verb.build.BuildVerb object at 0x7c4871d3bfe0>, main=<bound method BuildVerb.main of <colcon_core.verb.build.BuildVerb object at 0x7c4871d3bfe0>>, mixin_verb=('build',))
[0.096s] Level 1:colcon.colcon_core.package_discovery:discover_packages(colcon_meta) check parameters
[0.096s] Level 1:colcon.colcon_core.package_discovery:discover_packages(recursive) check parameters
[0.096s] Level 1:colcon.colcon_core.package_discovery:discover_packages(ignore) check parameters
[0.096s] Level 1:colcon.colcon_core.package_discovery:discover_packages(path) check parameters
[0.096s] Level 1:colcon.colcon_core.package_discovery:discover_packages(colcon_meta) discover
[0.096s] Level 1:colcon.colcon_core.package_discovery:discover_packages(recursive) discover
[0.096s] INFO:colcon.colcon_core.package_discovery:Crawling recursively for packages in '/home/mariola/visual_ws'
[0.096s] Level 1:colcon.colcon_core.package_identification:_identify(.) by extensions ['ignore', 'ignore_ament_install']
[0.096s] Level 1:colcon.colcon_core.package_identification:_identify(.) by extension 'ignore'
[0.096s] Level 1:colcon.colcon_core.package_identification:_identify(.) by extension 'ignore_ament_install'
[0.096s] Level 1:colcon.colcon_core.package_identification:_identify(.) by extensions ['colcon_pkg']
[0.096s] Level 1:colcon.colcon_core.package_identification:_identify(.) by extension 'colcon_pkg'
[0.096s] Level 1:colcon.colcon_core.package_identification:_identify(.) by extensions ['colcon_meta']
[0.096s] Level 1:colcon.colcon_core.package_identification:_identify(.) by extension 'colcon_meta'
[0.096s] Level 1:colcon.colcon_core.package_identification:_identify(.) by extensions ['ros']
[0.097s] Level 1:colcon.colcon_core.package_identification:_identify(.) by extension 'ros'
[0.114s] Level 1:colcon.colcon_core.package_identification:_identify(.) by extensions ['cmake', 'python']
[0.115s] Level 1:colcon.colcon_core.package_identification:_identify(.) by extension 'cmake'
[0.115s] Level 1:colcon.colcon_core.package_identification:_identify(.) by extension 'python'
[0.115s] Level 1:colcon.colcon_core.package_identification:_identify(.) by extensions ['python_setup_py']
[0.115s] Level 1:colcon.colcon_core.package_identification:_identify(.) by extension 'python_setup_py'
[0.115s] Level 1:colcon.colcon_core.package_identification:_identify(build) by extensions ['ignore', 'ignore_ament_install']
[0.115s] Level 1:colcon.colcon_core.package_identification:_identify(build) by extension 'ignore'
[0.115s] Level 1:colcon.colcon_core.package_identification:_identify(build) ignored
[0.115s] Level 1:colcon.colcon_core.package_identification:_identify(install) by extensions ['ignore', 'ignore_ament_install']
[0.115s] Level 1:colcon.colcon_core.package_identification:_identify(install) by extension 'ignore'
[0.115s] Level 1:colcon.colcon_core.package_identification:_identify(install) ignored
[0.115s] Level 1:colcon.colcon_core.package_identification:_identify(log) by extensions ['ignore', 'ignore_ament_install']
[0.115s] Level 1:colcon.colcon_core.package_identification:_identify(log) by extension 'ignore'
[0.115s] Level 1:colcon.colcon_core.package_identification:_identify(log) ignored
[0.115s] Level 1:colcon.colcon_core.package_identification:_identify(robot_ik) by extensions ['ignore', 'ignore_ament_install']
[0.115s] Level 1:colcon.colcon_core.package_identification:_identify(robot_ik) by extension 'ignore'
[0.115s] Level 1:colcon.colcon_core.package_identification:_identify(robot_ik) by extension 'ignore_ament_install'
[0.115s] Level 1:colcon.colcon_core.package_identification:_identify(robot_ik) by extensions ['colcon_pkg']
[0.115s] Level 1:colcon.colcon_core.package_identification:_identify(robot_ik) by extension 'colcon_pkg'
[0.115s] Level 1:colcon.colcon_core.package_identification:_identify(robot_ik) by extensions ['colcon_meta']
[0.115s] Level 1:colcon.colcon_core.package_identification:_identify(robot_ik) by extension 'colcon_meta'
[0.115s] Level 1:colcon.colcon_core.package_identification:_identify(robot_ik) by extensions ['ros']
[0.115s] Level 1:colcon.colcon_core.package_identification:_identify(robot_ik) by extension 'ros'
[0.117s] DEBUG:colcon.colcon_core.package_identification:Package 'robot_ik' with type 'ros.ament_python' and name 'robot_ik'
[0.117s] Level 1:colcon.colcon_core.package_identification:_identify(src) by extensions ['ignore', 'ignore_ament_install']
[0.117s] Level 1:colcon.colcon_core.package_identification:_identify(src) by extension 'ignore'
[0.117s] Level 1:colcon.colcon_core.package_identification:_identify(src) by extension 'ignore_ament_install'
[0.117s] Level 1:colcon.colcon_core.package_identification:_identify(src) by extensions ['colcon_pkg']
[0.117s] Level 1:colcon.colcon_core.package_identification:_identify(src) by extension 'colcon_pkg'
[0.117s] Level 1:colcon.colcon_core.package_identification:_identify(src) by extensions ['colcon_meta']
[0.117s] Level 1:colcon.colcon_core.package_identification:_identify(src) by extension 'colcon_meta'
[0.117s] Level 1:colcon.colcon_core.package_identification:_identify(src) by extensions ['ros']
[0.117s] Level 1:colcon.colcon_core.package_identification:_identify(src) by extension 'ros'
[0.117s] Level 1:colcon.colcon_core.package_identification:_identify(src) by extensions ['cmake', 'python']
[0.117s] Level 1:colcon.colcon_core.package_identification:_identify(src) by extension 'cmake'
[0.117s] Level 1:colcon.colcon_core.package_identification:_identify(src) by extension 'python'
[0.117s] Level 1:colcon.colcon_core.package_identification:_identify(src) by extensions ['python_setup_py']
[0.117s] Level 1:colcon.colcon_core.package_identification:_identify(src) by extension 'python_setup_py'
[0.117s] Level 1:colcon.colcon_core.package_identification:_identify(src/build) by extensions ['ignore', 'ignore_ament_install']
[0.117s] Level 1:colcon.colcon_core.package_identification:_identify(src/build) by extension 'ignore'
[0.118s] Level 1:colcon.colcon_core.package_identification:_identify(src/build) ignored
[0.118s] Level 1:colcon.colcon_core.package_identification:_identify(src/install) by extensions ['ignore', 'ignore_ament_install']
[0.118s] Level 1:colcon.colcon_core.package_identification:_identify(src/install) by extension 'ignore'
[0.118s] Level 1:colcon.colcon_core.package_identification:_identify(src/install) ignored
[0.118s] Level 1:colcon.colcon_core.package_identification:_identify(src/log) by extensions ['ignore', 'ignore_ament_install']
[0.118s] Level 1:colcon.colcon_core.package_identification:_identify(src/log) by extension 'ignore'
[0.118s] Level 1:colcon.colcon_core.package_identification:_identify(src/log) ignored
[0.118s] Level 1:colcon.colcon_core.package_identification:_identify(src/ros2_tutorials) by extensions ['ignore', 'ignore_ament_install']
[0.118s] Level 1:colcon.colcon_core.package_identification:_identify(src/ros2_tutorials) by extension 'ignore'
[0.118s] Level 1:colcon.colcon_core.package_identification:_identify(src/ros2_tutorials) by extension 'ignore_ament_install'
[0.118s] Level 1:colcon.colcon_core.package_identification:_identify(src/ros2_tutorials) by extensions ['colcon_pkg']
[0.118s] Level 1:colcon.colcon_core.package_identification:_identify(src/ros2_tutorials) by extension 'colcon_pkg'
[0.118s] Level 1:colcon.colcon_core.package_identification:_identify(src/ros2_tutorials) by extensions ['colcon_meta']
[0.118s] Level 1:colcon.colcon_core.package_identification:_identify(src/ros2_tutorials) by extension 'colcon_meta'
[0.118s] Level 1:colcon.colcon_core.package_identification:_identify(src/ros2_tutorials) by extensions ['ros']
[0.118s] Level 1:colcon.colcon_core.package_identification:_identify(src/ros2_tutorials) by extension 'ros'
[0.118s] Level 1:colcon.colcon_core.package_identification:_identify(src/ros2_tutorials) by extensions ['cmake', 'python']
[0.118s] Level 1:colcon.colcon_core.package_identification:_identify(src/ros2_tutorials) by extension 'cmake'
[0.118s] Level 1:colcon.colcon_core.package_identification:_identify(src/ros2_tutorials) by extension 'python'
[0.118s] Level 1:colcon.colcon_core.package_identification:_identify(src/ros2_tutorials) by extensions ['python_setup_py']
[0.118s] Level 1:colcon.colcon_core.package_identification:_identify(src/ros2_tutorials) by extension 'python_setup_py'
[0.118s] Level 1:colcon.colcon_core.package_identification:_identify(src/ros2_tutorials/robot_description) by extensions ['ignore', 'ignore_ament_install']
[0.118s] Level 1:colcon.colcon_core.package_identification:_identify(src/ros2_tutorials/robot_description) by extension 'ignore'
[0.118s] Level 1:colcon.colcon_core.package_identification:_identify(src/ros2_tutorials/robot_description) by extension 'ignore_ament_install'
[0.118s] Level 1:colcon.colcon_core.package_identification:_identify(src/ros2_tutorials/robot_description) by extensions ['colcon_pkg']
[0.118s] Level 1:colcon.colcon_core.package_identification:_identify(src/ros2_tutorials/robot_description) by extension 'colcon_pkg'
[0.118s] Level 1:colcon.colcon_core.package_identification:_identify(src/ros2_tutorials/robot_description) by extensions ['colcon_meta']
[0.118s] Level 1:colcon.colcon_core.package_identification:_identify(src/ros2_tutorials/robot_description) by extension 'colcon_meta'
[0.118s] Level 1:colcon.colcon_core.package_identification:_identify(src/ros2_tutorials/robot_description) by extensions ['ros']
[0.118s] Level 1:colcon.colcon_core.package_identification:_identify(src/ros2_tutorials/robot_description) by extension 'ros'
[0.119s] DEBUG:colcon.colcon_core.package_identification:Package 'src/ros2_tutorials/robot_description' with type 'ros.ament_cmake' and name 'robot_description'
[0.119s] Level 1:colcon.colcon_core.package_identification:_identify(src/ros2_tutorials/visual_pubsub) by extensions ['ignore', 'ignore_ament_install']
[0.119s] Level 1:colcon.colcon_core.package_identification:_identify(src/ros2_tutorials/visual_pubsub) by extension 'ignore'
[0.119s] Level 1:colcon.colcon_core.package_identification:_identify(src/ros2_tutorials/visual_pubsub) by extension 'ignore_ament_install'
[0.119s] Level 1:colcon.colcon_core.package_identification:_identify(src/ros2_tutorials/visual_pubsub) by extensions ['colcon_pkg']
[0.119s] Level 1:colcon.colcon_core.package_identification:_identify(src/ros2_tutorials/visual_pubsub) by extension 'colcon_pkg'
[0.119s] Level 1:colcon.colcon_core.package_identification:_identify(src/ros2_tutorials/visual_pubsub) by extensions ['colcon_meta']
[0.119s] Level 1:colcon.colcon_core.package_identification:_identify(src/ros2_tutorials/visual_pubsub) by extension 'colcon_meta'
[0.119s] Level 1:colcon.colcon_core.package_identification:_identify(src/ros2_tutorials/visual_pubsub) by extensions ['ros']
[0.119s] Level 1:colcon.colcon_core.package_identification:_identify(src/ros2_tutorials/visual_pubsub) by extension 'ros'
[0.119s] DEBUG:colcon.colcon_core.package_identification:Package 'src/ros2_tutorials/visual_pubsub' with type 'ros.ament_python' and name 'visual_pubsub'
[0.119s] Level 1:colcon.colcon_core.package_discovery:discover_packages(recursive) using defaults
[0.119s] Level 1:colcon.colcon_core.package_discovery:discover_packages(ignore) discover
[0.119s] Level 1:colcon.colcon_core.package_discovery:discover_packages(ignore) using defaults
[0.119s] Level 1:colcon.colcon_core.package_discovery:discover_packages(path) discover
[0.119s] Level 1:colcon.colcon_core.package_discovery:discover_packages(path) using defaults
[0.132s] Level 1:colcon.colcon_core.package_discovery:discover_packages(prefix_path) check parameters
[0.132s] Level 1:colcon.colcon_core.package_discovery:discover_packages(prefix_path) discover
[0.133s] DEBUG:colcon.colcon_installed_package_information.package_discovery:Found 3 installed packages in /home/mariola/visual_ws/install
[0.134s] DEBUG:colcon.colcon_installed_package_information.package_discovery:Found 289 installed packages in /opt/ros/jazzy
[0.135s] Level 1:colcon.colcon_core.package_discovery:discover_packages(prefix_path) using defaults
[0.160s] Level 5:colcon.colcon_core.verb:set package 'robot_description' build argument 'cmake_args' from command line to 'None'
[0.160s] Level 5:colcon.colcon_core.verb:set package 'robot_description' build argument 'cmake_target' from command line to 'None'
[0.160s] Level 5:colcon.colcon_core.verb:set package 'robot_description' build argument 'cmake_target_skip_unavailable' from command line to 'False'
[0.160s] Level 5:colcon.colcon_core.verb:set package 'robot_description' build argument 'cmake_clean_cache' from command line to 'False'
[0.160s] Level 5:colcon.colcon_core.verb:set package 'robot_description' build argument 'cmake_clean_first' from command line to 'False'
[0.160s] Level 5:colcon.colcon_core.verb:set package 'robot_description' build argument 'cmake_force_configure' from command line to 'False'
[0.160s] Level 5:colcon.colcon_core.verb:set package 'robot_description' build argument 'ament_cmake_args' from command line to 'None'
[0.160s] Level 5:colcon.colcon_core.verb:set package 'robot_description' build argument 'catkin_cmake_args' from command line to 'None'
[0.160s] Level 5:colcon.colcon_core.verb:set package 'robot_description' build argument 'catkin_skip_building_tests' from command line to 'False'
[0.160s] DEBUG:colcon.colcon_core.verb:Building package 'robot_description' with the following arguments: {'ament_cmake_args': None, 'build_base': '/home/mariola/visual_ws/build/robot_description', 'catkin_cmake_args': None, 'catkin_skip_building_tests': False, 'cmake_args': None, 'cmake_clean_cache': False, 'cmake_clean_first': False, 'cmake_force_configure': False, 'cmake_target': None, 'cmake_target_skip_unavailable': False, 'install_base': '/home/mariola/visual_ws/install/robot_description', 'merge_install': False, 'path': '/home/mariola/visual_ws/src/ros2_tutorials/robot_description', 'symlink_install': False, 'test_result_base': None}
[0.160s] Level 5:colcon.colcon_core.verb:set package 'robot_ik' build argument 'cmake_args' from command line to 'None'
[0.160s] Level 5:colcon.colcon_core.verb:set package 'robot_ik' build argument 'cmake_target' from command line to 'None'
[0.160s] Level 5:colcon.colcon_core.verb:set package 'robot_ik' build argument 'cmake_target_skip_unavailable' from command line to 'False'
[0.160s] Level 5:colcon.colcon_core.verb:set package 'robot_ik' build argument 'cmake_clean_cache' from command line to 'False'
[0.160s] Level 5:colcon.colcon_core.verb:set package 'robot_ik' build argument 'cmake_clean_first' from command line to 'False'
[0.160s] Level 5:colcon.colcon_core.verb:set package 'robot_ik' build argument 'cmake_force_configure' from command line to 'False'
[0.160s] Level 5:colcon.colcon_core.verb:set package 'robot_ik' build argument 'ament_cmake_args' from command line to 'None'
[0.160s] Level 5:colcon.colcon_core.verb:set package 'robot_ik' build argument 'catkin_cmake_args' from command line to 'None'
[0.160s] Level 5:colcon.colcon_core.verb:set package 'robot_ik' build argument 'catkin_skip_building_tests' from command line to 'False'
[0.160s] DEBUG:colcon.colcon_core.verb:Building package 'robot_ik' with the following arguments: {'ament_cmake_args': None, 'build_base': '/home/mariola/visual_ws/build/robot_ik', 'catkin_cmake_args': None, 'catkin_skip_building_tests': False, 'cmake_args': None, 'cmake_clean_cache': False, 'cmake_clean_first': False, 'cmake_force_configure': False, 'cmake_target': None, 'cmake_target_skip_unavailable': False, 'install_base': '/home/mariola/visual_ws/install/robot_ik', 'merge_install': False, 'path': '/home/mariola/visual_ws/robot_ik', 'symlink_install': False, 'test_result_base': None}
[0.160s] Level 5:colcon.colcon_core.verb:set package 'visual_pubsub' build argument 'cmake_args' from command line to 'None'
[0.161s] Level 5:colcon.colcon_core.verb:set package 'visual_pubsub' build argument 'cmake_target' from command line to 'None'
[0.161s] Level 5:colcon.colcon_core.verb:set package 'visual_pubsub' build argument 'cmake_target_skip_unavailable' from command line to 'False'
[0.161s] Level 5:colcon.colcon_core.verb:set package 'visual_pubsub' build argument 'cmake_clean_cache' from command line to 'False'
[0.161s] Level 5:colcon.colcon_core.verb:set package 'visual_pubsub' build argument 'cmake_clean_first' from command line to 'False'
[0.161s] Level 5:colcon.colcon_core.verb:set package 'visual_pubsub' build argument 'cmake_force_configure' from command line to 'False'
[0.161s] Level 5:colcon.colcon_core.verb:set package 'visual_pubsub' build argument 'ament_cmake_args' from command line to 'None'
[0.161s] Level 5:colcon.colcon_core.verb:set package 'visual_pubsub' build argument 'catkin_cmake_args' from command line to 'None'
[0.161s] Level 5:colcon.colcon_core.verb:set package 'visual_pubsub' build argument 'catkin_skip_building_tests' from command line to 'False'
[0.161s] DEBUG:colcon.colcon_core.verb:Building package 'visual_pubsub' with the following arguments: {'ament_cmake_args': None, 'build_base': '/home/mariola/visual_ws/build/visual_pubsub', 'catkin_cmake_args': None, 'catkin_skip_building_tests': False, 'cmake_args': None, 'cmake_clean_cache': False, 'cmake_clean_first': False, 'cmake_force_configure': False, 'cmake_target': None, 'cmake_target_skip_unavailable': False, 'install_base': '/home/mariola/visual_ws/install/visual_pubsub', 'merge_install': False, 'path': '/home/mariola/visual_ws/src/ros2_tutorials/visual_pubsub', 'symlink_install': False, 'test_result_base': None}
[0.161s] INFO:colcon.colcon_core.executor:Executing jobs using 'parallel' executor
[0.161s] DEBUG:colcon.colcon_parallel_executor.executor.parallel:run_until_complete
[0.161s] INFO:colcon.colcon_ros.task.ament_cmake.build:Building ROS package in '/home/mariola/visual_ws/src/ros2_tutorials/robot_description' with build type 'ament_cmake'
[0.161s] INFO:colcon.colcon_cmake.task.cmake.build:Building CMake package in '/home/mariola/visual_ws/src/ros2_tutorials/robot_description'
[0.163s] INFO:colcon.colcon_core.plugin_system:Skipping extension 'colcon_core.shell.bat': Not used on non-Windows systems
[0.163s] INFO:colcon.colcon_core.shell:Skip shell extension 'powershell' for command environment: Not usable outside of PowerShell
[0.163s] DEBUG:colcon.colcon_core.shell:Skip shell extension 'dsv' for command environment
[0.166s] INFO:colcon.colcon_ros.task.ament_python.build:Building ROS package in '/home/mariola/visual_ws/robot_ik' with build type 'ament_python'
[0.166s] Level 1:colcon.colcon_core.shell:create_environment_hook('robot_ik', 'ament_prefix_path')
[0.166s] INFO:colcon.colcon_core.shell:Creating environment hook '/home/mariola/visual_ws/install/robot_ik/share/robot_ik/hook/ament_prefix_path.ps1'
[0.166s] INFO:colcon.colcon_core.shell:Creating environment descriptor '/home/mariola/visual_ws/install/robot_ik/share/robot_ik/hook/ament_prefix_path.dsv'
[0.167s] INFO:colcon.colcon_core.shell:Creating environment hook '/home/mariola/visual_ws/install/robot_ik/share/robot_ik/hook/ament_prefix_path.sh'
[0.167s] INFO:colcon.colcon_core.shell:Skip shell extension 'powershell' for command environment: Not usable outside of PowerShell
[0.167s] DEBUG:colcon.colcon_core.shell:Skip shell extension 'dsv' for command environment
[0.169s] INFO:colcon.colcon_ros.task.ament_python.build:Building ROS package in '/home/mariola/visual_ws/src/ros2_tutorials/visual_pubsub' with build type 'ament_python'
[0.169s] Level 1:colcon.colcon_core.shell:create_environment_hook('visual_pubsub', 'ament_prefix_path')
[0.169s] INFO:colcon.colcon_core.shell:Creating environment hook '/home/mariola/visual_ws/install/visual_pubsub/share/visual_pubsub/hook/ament_prefix_path.ps1'
[0.170s] INFO:colcon.colcon_core.shell:Creating environment descriptor '/home/mariola/visual_ws/install/visual_pubsub/share/visual_pubsub/hook/ament_prefix_path.dsv'
[0.170s] INFO:colcon.colcon_core.shell:Creating environment hook '/home/mariola/visual_ws/install/visual_pubsub/share/visual_pubsub/hook/ament_prefix_path.sh'
[0.170s] INFO:colcon.colcon_core.shell:Skip shell extension 'powershell' for command environment: Not usable outside of PowerShell
[0.170s] DEBUG:colcon.colcon_core.shell:Skip shell extension 'dsv' for command environment
[0.177s] DEBUG:colcon.colcon_core.event_handler.log_command:Invoking command in '/home/mariola/visual_ws/build/robot_description': CMAKE_PREFIX_PATH=${CMAKE_PREFIX_PATH}:/home/mariola/visual_ws/install/visual_pubsub:/home/mariola/visual_ws/install/robot_ik:/opt/ros/jazzy DEBUGINFOD_URLS=https://debuginfod.ubuntu.com /usr/bin/cmake --build /home/mariola/visual_ws/build/robot_description -- -j12 -l12
[0.321s] INFO:colcon.colcon_core.task.python.build:Building Python package in '/home/mariola/visual_ws/robot_ik'
[0.321s] INFO:colcon.colcon_core.shell:Skip shell extension 'powershell' for command environment: Not usable outside of PowerShell
[0.322s] DEBUG:colcon.colcon_core.shell:Skip shell extension 'dsv' for command environment
[0.326s] DEBUG:colcon.colcon_core.event_handler.log_command:Invoked command in '/home/mariola/visual_ws/build/robot_description' returned '0': CMAKE_PREFIX_PATH=${CMAKE_PREFIX_PATH}:/home/mariola/visual_ws/install/visual_pubsub:/home/mariola/visual_ws/install/robot_ik:/opt/ros/jazzy DEBUGINFOD_URLS=https://debuginfod.ubuntu.com /usr/bin/cmake --build /home/mariola/visual_ws/build/robot_description -- -j12 -l12
[0.337s] DEBUG:colcon.colcon_core.event_handler.log_command:Invoking command in '/home/mariola/visual_ws/build/robot_description': CMAKE_PREFIX_PATH=${CMAKE_PREFIX_PATH}:/home/mariola/visual_ws/install/visual_pubsub:/home/mariola/visual_ws/install/robot_ik:/opt/ros/jazzy DEBUGINFOD_URLS=https://debuginfod.ubuntu.com /usr/bin/cmake --install /home/mariola/visual_ws/build/robot_description
[0.483s] INFO:colcon.colcon_core.task.python.build:Building Python package in '/home/mariola/visual_ws/src/ros2_tutorials/visual_pubsub'
[0.483s] INFO:colcon.colcon_core.shell:Skip shell extension 'powershell' for command environment: Not usable outside of PowerShell
[0.483s] DEBUG:colcon.colcon_core.shell:Skip shell extension 'dsv' for command environment
[0.491s] Level 1:colcon.colcon_core.environment:create_environment_scripts_only(robot_description)
[0.491s] DEBUG:colcon.colcon_core.event_handler.log_command:Invoked command in '/home/mariola/visual_ws/build/robot_description' returned '0': CMAKE_PREFIX_PATH=${CMAKE_PREFIX_PATH}:/home/mariola/visual_ws/install/visual_pubsub:/home/mariola/visual_ws/install/robot_ik:/opt/ros/jazzy DEBUGINFOD_URLS=https://debuginfod.ubuntu.com /usr/bin/cmake --install /home/mariola/visual_ws/build/robot_description
[0.494s] Level 1:colcon.colcon_core.environment:checking '/home/mariola/visual_ws/install/robot_description' for CMake module files
[0.495s] Level 1:colcon.colcon_core.environment:checking '/home/mariola/visual_ws/install/robot_description' for CMake config files
[0.495s] Level 1:colcon.colcon_core.shell:create_environment_hook('robot_description', 'cmake_prefix_path')
[0.495s] INFO:colcon.colcon_core.shell:Creating environment hook '/home/mariola/visual_ws/install/robot_description/share/robot_description/hook/cmake_prefix_path.ps1'
[0.496s] INFO:colcon.colcon_core.shell:Creating environment descriptor '/home/mariola/visual_ws/install/robot_description/share/robot_description/hook/cmake_prefix_path.dsv'
[0.496s] INFO:colcon.colcon_core.shell:Creating environment hook '/home/mariola/visual_ws/install/robot_description/share/robot_description/hook/cmake_prefix_path.sh'
[0.497s] Level 1:colcon.colcon_core.environment:checking '/home/mariola/visual_ws/install/robot_description/bin'
[0.497s] Level 1:colcon.colcon_core.environment:checking '/home/mariola/visual_ws/install/robot_description/lib/pkgconfig/robot_description.pc'
[0.497s] Level 1:colcon.colcon_core.environment:checking '/home/mariola/visual_ws/install/robot_description/lib/python3.12/site-packages'
[0.498s] Level 1:colcon.colcon_core.environment:checking '/home/mariola/visual_ws/install/robot_description/bin'
[0.498s] INFO:colcon.colcon_core.shell:Creating package script '/home/mariola/visual_ws/install/robot_description/share/robot_description/package.ps1'
[0.499s] INFO:colcon.colcon_core.shell:Creating package descriptor '/home/mariola/visual_ws/install/robot_description/share/robot_description/package.dsv'
[0.499s] INFO:colcon.colcon_core.shell:Creating package script '/home/mariola/visual_ws/install/robot_description/share/robot_description/package.sh'
[0.499s] INFO:colcon.colcon_core.shell:Creating package script '/home/mariola/visual_ws/install/robot_description/share/robot_description/package.bash'
[0.500s] INFO:colcon.colcon_core.shell:Creating package script '/home/mariola/visual_ws/install/robot_description/share/robot_description/package.zsh'
[0.500s] Level 1:colcon.colcon_core.environment:create_file_with_runtime_dependencies(/home/mariola/visual_ws/install/robot_description/share/colcon-core/packages/robot_description)
[0.501s] Level 1:colcon.colcon_core.environment:create_environment_scripts_only(robot_description)
[0.501s] Level 1:colcon.colcon_core.environment:checking '/home/mariola/visual_ws/install/robot_description' for CMake module files
[0.501s] Level 1:colcon.colcon_core.environment:checking '/home/mariola/visual_ws/install/robot_description' for CMake config files
[0.501s] Level 1:colcon.colcon_core.shell:create_environment_hook('robot_description', 'cmake_prefix_path')
[0.501s] INFO:colcon.colcon_core.shell:Creating environment hook '/home/mariola/visual_ws/install/robot_description/share/robot_description/hook/cmake_prefix_path.ps1'
[0.501s] INFO:colcon.colcon_core.shell:Creating environment descriptor '/home/mariola/visual_ws/install/robot_description/share/robot_description/hook/cmake_prefix_path.dsv'
[0.502s] INFO:colcon.colcon_core.shell:Creating environment hook '/home/mariola/visual_ws/install/robot_description/share/robot_description/hook/cmake_prefix_path.sh'
[0.502s] Level 1:colcon.colcon_core.environment:checking '/home/mariola/visual_ws/install/robot_description/bin'
[0.502s] Level 1:colcon.colcon_core.environment:checking '/home/mariola/visual_ws/install/robot_description/lib/pkgconfig/robot_description.pc'
[0.502s] Level 1:colcon.colcon_core.environment:checking '/home/mariola/visual_ws/install/robot_description/lib/python3.12/site-packages'
[0.502s] Level 1:colcon.colcon_core.environment:checking '/home/mariola/visual_ws/install/robot_description/bin'
[0.502s] INFO:colcon.colcon_core.shell:Creating package script '/home/mariola/visual_ws/install/robot_description/share/robot_description/package.ps1'
[0.503s] INFO:colcon.colcon_core.shell:Creating package descriptor '/home/mariola/visual_ws/install/robot_description/share/robot_description/package.dsv'
[0.503s] INFO:colcon.colcon_core.shell:Creating package script '/home/mariola/visual_ws/install/robot_description/share/robot_description/package.sh'
[0.503s] INFO:colcon.colcon_core.shell:Creating package script '/home/mariola/visual_ws/install/robot_description/share/robot_description/package.bash'
[0.503s] INFO:colcon.colcon_core.shell:Creating package script '/home/mariola/visual_ws/install/robot_description/share/robot_description/package.zsh'
[0.504s] Level 1:colcon.colcon_core.environment:create_file_with_runtime_dependencies(/home/mariola/visual_ws/install/robot_description/share/colcon-core/packages/robot_description)
[0.872s] DEBUG:colcon.colcon_core.event_handler.log_command:Invoking command in '/home/mariola/visual_ws/robot_ik': DEBUGINFOD_URLS=https://debuginfod.ubuntu.com PYTHONPATH=/home/mariola/visual_ws/build/robot_ik/prefix_override:/usr/lib/python3/dist-packages/colcon_core/task/python/colcon_distutils_commands:/home/mariola/visual_ws/install/robot_ik/lib/python3.12/site-packages:${PYTHONPATH} /usr/bin/python3 -W ignore:setup.py install is deprecated -W ignore:easy_install command is deprecated setup.py egg_info --egg-base ../build/robot_ik build --build-base /home/mariola/visual_ws/build/robot_ik/build install --record /home/mariola/visual_ws/build/robot_ik/install.log --single-version-externally-managed install_data
[0.883s] DEBUG:colcon.colcon_core.event_handler.log_command:Invoking command in '/home/mariola/visual_ws/src/ros2_tutorials/visual_pubsub': DEBUGINFOD_URLS=https://debuginfod.ubuntu.com PYTHONPATH=/home/mariola/visual_ws/build/visual_pubsub/prefix_override:/usr/lib/python3/dist-packages/colcon_core/task/python/colcon_distutils_commands:/home/mariola/visual_ws/install/visual_pubsub/lib/python3.12/site-packages:${PYTHONPATH} /usr/bin/python3 -W ignore:setup.py install is deprecated -W ignore:easy_install command is deprecated setup.py egg_info --egg-base ../../../build/visual_pubsub build --build-base /home/mariola/visual_ws/build/visual_pubsub/build install --record /home/mariola/visual_ws/build/visual_pubsub/install.log --single-version-externally-managed install_data
[1.217s] Level 1:colcon.colcon_core.environment:checking '/home/mariola/visual_ws/install/robot_ik' for CMake module files
[1.218s] DEBUG:colcon.colcon_core.event_handler.log_command:Invoked command in '/home/mariola/visual_ws/robot_ik' returned '0': DEBUGINFOD_URLS=https://debuginfod.ubuntu.com PYTHONPATH=/home/mariola/visual_ws/build/robot_ik/prefix_override:/usr/lib/python3/dist-packages/colcon_core/task/python/colcon_distutils_commands:/home/mariola/visual_ws/install/robot_ik/lib/python3.12/site-packages:${PYTHONPATH} /usr/bin/python3 -W ignore:setup.py install is deprecated -W ignore:easy_install command is deprecated setup.py egg_info --egg-base ../build/robot_ik build --build-base /home/mariola/visual_ws/build/robot_ik/build install --record /home/mariola/visual_ws/build/robot_ik/install.log --single-version-externally-managed install_data
[1.218s] Level 1:colcon.colcon_core.environment:checking '/home/mariola/visual_ws/install/robot_ik' for CMake config files
[1.218s] Level 1:colcon.colcon_core.environment:checking '/home/mariola/visual_ws/install/robot_ik/lib'
[1.218s] Level 1:colcon.colcon_core.environment:checking '/home/mariola/visual_ws/install/robot_ik/bin'
[1.218s] Level 1:colcon.colcon_core.environment:checking '/home/mariola/visual_ws/install/robot_ik/lib/pkgconfig/robot_ik.pc'
[1.219s] Level 1:colcon.colcon_core.environment:checking '/home/mariola/visual_ws/install/robot_ik/lib/python3.12/site-packages'
[1.219s] Level 1:colcon.colcon_core.shell:create_environment_hook('robot_ik', 'pythonpath')
[1.219s] INFO:colcon.colcon_core.shell:Creating environment hook '/home/mariola/visual_ws/install/robot_ik/share/robot_ik/hook/pythonpath.ps1'
[1.219s] INFO:colcon.colcon_core.shell:Creating environment descriptor '/home/mariola/visual_ws/install/robot_ik/share/robot_ik/hook/pythonpath.dsv'
[1.220s] INFO:colcon.colcon_core.shell:Creating environment hook '/home/mariola/visual_ws/install/robot_ik/share/robot_ik/hook/pythonpath.sh'
[1.220s] Level 1:colcon.colcon_core.environment:checking '/home/mariola/visual_ws/install/robot_ik/bin'
[1.220s] Level 1:colcon.colcon_core.environment:create_environment_scripts_only(robot_ik)
[1.220s] INFO:colcon.colcon_core.shell:Creating package script '/home/mariola/visual_ws/install/robot_ik/share/robot_ik/package.ps1'
[1.221s] INFO:colcon.colcon_core.shell:Creating package descriptor '/home/mariola/visual_ws/install/robot_ik/share/robot_ik/package.dsv'
[1.221s] INFO:colcon.colcon_core.shell:Creating package script '/home/mariola/visual_ws/install/robot_ik/share/robot_ik/package.sh'
[1.221s] INFO:colcon.colcon_core.shell:Creating package script '/home/mariola/visual_ws/install/robot_ik/share/robot_ik/package.bash'
[1.221s] INFO:colcon.colcon_core.shell:Creating package script '/home/mariola/visual_ws/install/robot_ik/share/robot_ik/package.zsh'
[1.222s] Level 1:colcon.colcon_core.environment:create_file_with_runtime_dependencies(/home/mariola/visual_ws/install/robot_ik/share/colcon-core/packages/robot_ik)
[1.224s] Level 1:colcon.colcon_core.environment:checking '/home/mariola/visual_ws/install/visual_pubsub' for CMake module files
[1.225s] DEBUG:colcon.colcon_core.event_handler.log_command:Invoked command in '/home/mariola/visual_ws/src/ros2_tutorials/visual_pubsub' returned '0': DEBUGINFOD_URLS=https://debuginfod.ubuntu.com PYTHONPATH=/home/mariola/visual_ws/build/visual_pubsub/prefix_override:/usr/lib/python3/dist-packages/colcon_core/task/python/colcon_distutils_commands:/home/mariola/visual_ws/install/visual_pubsub/lib/python3.12/site-packages:${PYTHONPATH} /usr/bin/python3 -W ignore:setup.py install is deprecated -W ignore:easy_install command is deprecated setup.py egg_info --egg-base ../../../build/visual_pubsub build --build-base /home/mariola/visual_ws/build/visual_pubsub/build install --record /home/mariola/visual_ws/build/visual_pubsub/install.log --single-version-externally-managed install_data
[1.225s] Level 1:colcon.colcon_core.environment:checking '/home/mariola/visual_ws/install/visual_pubsub' for CMake config files
[1.225s] Level 1:colcon.colcon_core.environment:checking '/home/mariola/visual_ws/install/visual_pubsub/lib'
[1.225s] Level 1:colcon.colcon_core.environment:checking '/home/mariola/visual_ws/install/visual_pubsub/bin'
[1.225s] Level 1:colcon.colcon_core.environment:checking '/home/mariola/visual_ws/install/visual_pubsub/lib/pkgconfig/visual_pubsub.pc'
[1.226s] Level 1:colcon.colcon_core.environment:checking '/home/mariola/visual_ws/install/visual_pubsub/lib/python3.12/site-packages'
[1.226s] Level 1:colcon.colcon_core.shell:create_environment_hook('visual_pubsub', 'pythonpath')
[1.226s] INFO:colcon.colcon_core.shell:Creating environment hook '/home/mariola/visual_ws/install/visual_pubsub/share/visual_pubsub/hook/pythonpath.ps1'
[1.226s] INFO:colcon.colcon_core.shell:Creating environment descriptor '/home/mariola/visual_ws/install/visual_pubsub/share/visual_pubsub/hook/pythonpath.dsv'
[1.227s] INFO:colcon.colcon_core.shell:Creating environment hook '/home/mariola/visual_ws/install/visual_pubsub/share/visual_pubsub/hook/pythonpath.sh'
[1.227s] Level 1:colcon.colcon_core.environment:checking '/home/mariola/visual_ws/install/visual_pubsub/bin'
[1.227s] Level 1:colcon.colcon_core.environment:create_environment_scripts_only(visual_pubsub)
[1.227s] INFO:colcon.colcon_core.shell:Creating package script '/home/mariola/visual_ws/install/visual_pubsub/share/visual_pubsub/package.ps1'
[1.228s] INFO:colcon.colcon_core.shell:Creating package descriptor '/home/mariola/visual_ws/install/visual_pubsub/share/visual_pubsub/package.dsv'
[1.228s] INFO:colcon.colcon_core.shell:Creating package script '/home/mariola/visual_ws/install/visual_pubsub/share/visual_pubsub/package.sh'
[1.228s] INFO:colcon.colcon_core.shell:Creating package script '/home/mariola/visual_ws/install/visual_pubsub/share/visual_pubsub/package.bash'
[1.228s] INFO:colcon.colcon_core.shell:Creating package script '/home/mariola/visual_ws/install/visual_pubsub/share/visual_pubsub/package.zsh'
[1.229s] Level 1:colcon.colcon_core.environment:create_file_with_runtime_dependencies(/home/mariola/visual_ws/install/visual_pubsub/share/colcon-core/packages/visual_pubsub)
[1.229s] DEBUG:colcon.colcon_parallel_executor.executor.parallel:closing loop
[1.229s] DEBUG:colcon.colcon_parallel_executor.executor.parallel:loop closed
[1.229s] DEBUG:colcon.colcon_parallel_executor.executor.parallel:run_until_complete finished with '0'
[1.229s] DEBUG:colcon.colcon_core.event_reactor:joining thread
[1.233s] INFO:colcon.colcon_core.plugin_system:Skipping extension 'colcon_notification.desktop_notification.terminal_notifier': Not used on non-Darwin systems
[1.233s] INFO:colcon.colcon_core.plugin_system:Skipping extension 'colcon_notification.desktop_notification.win32': Not used on non-Windows systems
[1.233s] INFO:colcon.colcon_notification.desktop_notification:Sending desktop notification using 'notify2'
[1.243s] DEBUG:colcon.colcon_core.event_reactor:joined thread
[1.244s] INFO:colcon.colcon_core.shell:Creating prefix script '/home/mariola/visual_ws/install/local_setup.ps1'
[1.245s] INFO:colcon.colcon_core.shell:Creating prefix util module '/home/mariola/visual_ws/install/_local_setup_util_ps1.py'
[1.246s] INFO:colcon.colcon_core.shell:Creating prefix chain script '/home/mariola/visual_ws/install/setup.ps1'
[1.248s] INFO:colcon.colcon_core.shell:Creating prefix script '/home/mariola/visual_ws/install/local_setup.sh'
[1.249s] INFO:colcon.colcon_core.shell:Creating prefix util module '/home/mariola/visual_ws/install/_local_setup_util_sh.py'
[1.249s] INFO:colcon.colcon_core.shell:Creating prefix chain script '/home/mariola/visual_ws/install/setup.sh'
[1.250s] INFO:colcon.colcon_core.shell:Creating prefix script '/home/mariola/visual_ws/install/local_setup.bash'
[1.251s] INFO:colcon.colcon_core.shell:Creating prefix chain script '/home/mariola/visual_ws/install/setup.bash'
[1.251s] INFO:colcon.colcon_core.shell:Creating prefix script '/home/mariola/visual_ws/install/local_setup.zsh'
[1.252s] INFO:colcon.colcon_core.shell:Creating prefix chain script '/home/mariola/visual_ws/install/setup.zsh'
